{"/Users/mohamedboujelbane/Desktop/ACS/frontend/src/App.js": {"path":"/Users/mohamedboujelbane/Desktop/ACS/frontend/src/App.js","statementMap":{"0":{"start":{"line":24,"column":21},"end":{"line":32,"column":1}},"1":{"start":{"line":25,"column":39},"end":{"line":25,"column":48}},"2":{"start":{"line":27,"column":2},"end":{"line":29,"column":3}},"3":{"start":{"line":28,"column":4},"end":{"line":28,"column":63}},"4":{"start":{"line":31,"column":2},"end":{"line":31,"column":63}},"5":{"start":{"line":35,"column":2},"end":{"line":73,"column":4}}},"fnMap":{"0":{"name":"(anonymous_0)","decl":{"start":{"line":24,"column":21},"end":{"line":24,"column":22}},"loc":{"start":{"line":24,"column":39},"end":{"line":32,"column":1}},"line":24},"1":{"name":"App","decl":{"start":{"line":34,"column":9},"end":{"line":34,"column":12}},"loc":{"start":{"line":34,"column":15},"end":{"line":74,"column":1}},"line":34}},"branchMap":{"0":{"loc":{"start":{"line":27,"column":2},"end":{"line":29,"column":3}},"type":"if","locations":[{"start":{"line":27,"column":2},"end":{"line":29,"column":3}},{"start":{},"end":{}}],"line":27},"1":{"loc":{"start":{"line":31,"column":9},"end":{"line":31,"column":62}},"type":"cond-expr","locations":[{"start":{"line":31,"column":27},"end":{"line":31,"column":35}},{"start":{"line":31,"column":38},"end":{"line":31,"column":62}}],"line":31}},"s":{"0":0,"1":0,"2":0,"3":0,"4":0,"5":0},"f":{"0":0,"1":0},"b":{"0":[0,0],"1":[0,0]}}
,"/Users/mohamedboujelbane/Desktop/ACS/frontend/src/index.js": {"path":"/Users/mohamedboujelbane/Desktop/ACS/frontend/src/index.js","statementMap":{"0":{"start":{"line":6,"column":13},"end":{"line":6,"column":65}},"1":{"start":{"line":7,"column":0},"end":{"line":11,"column":2}}},"fnMap":{},"branchMap":{},"s":{"0":0,"1":0},"f":{},"b":{}}
,"/Users/mohamedboujelbane/Desktop/ACS/frontend/src/setupProxy.js": {"path":"/Users/mohamedboujelbane/Desktop/ACS/frontend/src/setupProxy.js","statementMap":{"0":{"start":{"line":1,"column":34},"end":{"line":1,"column":66}},"1":{"start":{"line":3,"column":0},"end":{"line":11,"column":2}},"2":{"start":{"line":4,"column":2},"end":{"line":10,"column":4}}},"fnMap":{"0":{"name":"(anonymous_0)","decl":{"start":{"line":3,"column":17},"end":{"line":3,"column":18}},"loc":{"start":{"line":3,"column":31},"end":{"line":11,"column":1}},"line":3}},"branchMap":{},"s":{"0":0,"1":0,"2":0},"f":{"0":0},"b":{}}
,"/Users/mohamedboujelbane/Desktop/ACS/frontend/src/components/Layout.js": {"path":"/Users/mohamedboujelbane/Desktop/ACS/frontend/src/components/Layout.js","statementMap":{"0":{"start":{"line":8,"column":15},"end":{"line":161,"column":1}},"1":{"start":{"line":9,"column":47},"end":{"line":9,"column":56}},"2":{"start":{"line":10,"column":19},"end":{"line":10,"column":32}},"3":{"start":{"line":11,"column":34},"end":{"line":11,"column":46}},"4":{"start":{"line":13,"column":23},"end":{"line":13,"column":51}},"5":{"start":{"line":15,"column":2},"end":{"line":25,"column":51}},"6":{"start":{"line":16,"column":4},"end":{"line":19,"column":5}},"7":{"start":{"line":17,"column":6},"end":{"line":17,"column":54}},"8":{"start":{"line":18,"column":6},"end":{"line":18,"column":13}},"9":{"start":{"line":20,"column":4},"end":{"line":24,"column":5}},"10":{"start":{"line":21,"column":6},"end":{"line":23,"column":25}},"11":{"start":{"line":22,"column":8},"end":{"line":22,"column":41}},"12":{"start":{"line":27,"column":23},"end":{"line":30,"column":3}},"13":{"start":{"line":28,"column":4},"end":{"line":28,"column":13}},"14":{"start":{"line":29,"column":4},"end":{"line":29,"column":23}},"15":{"start":{"line":32,"column":21},"end":{"line":35,"column":3}},"16":{"start":{"line":33,"column":4},"end":{"line":33,"column":34}},"17":{"start":{"line":33,"column":22},"end":{"line":33,"column":34}},"18":{"start":{"line":34,"column":4},"end":{"line":34,"column":39}},"19":{"start":{"line":37,"column":2},"end":{"line":160,"column":4}},"20":{"start":{"line":46,"column":55},"end":{"line":46,"column":96}},"21":{"start":{"line":52,"column":62},"end":{"line":52,"column":103}},"22":{"start":{"line":59,"column":62},"end":{"line":59,"column":103}},"23":{"start":{"line":66,"column":67},"end":{"line":66,"column":108}},"24":{"start":{"line":73,"column":64},"end":{"line":73,"column":105}},"25":{"start":{"line":80,"column":64},"end":{"line":80,"column":105}},"26":{"start":{"line":87,"column":67},"end":{"line":87,"column":108}},"27":{"start":{"line":94,"column":67},"end":{"line":94,"column":108}},"28":{"start":{"line":101,"column":62},"end":{"line":101,"column":103}},"29":{"start":{"line":108,"column":61},"end":{"line":108,"column":102}},"30":{"start":{"line":115,"column":70},"end":{"line":115,"column":111}},"31":{"start":{"line":122,"column":67},"end":{"line":122,"column":108}},"32":{"start":{"line":129,"column":70},"end":{"line":129,"column":111}},"33":{"start":{"line":138,"column":64},"end":{"line":138,"column":113}}},"fnMap":{"0":{"name":"(anonymous_0)","decl":{"start":{"line":8,"column":15},"end":{"line":8,"column":16}},"loc":{"start":{"line":8,"column":21},"end":{"line":161,"column":1}},"line":8},"1":{"name":"(anonymous_1)","decl":{"start":{"line":15,"column":12},"end":{"line":15,"column":13}},"loc":{"start":{"line":15,"column":18},"end":{"line":25,"column":3}},"line":15},"2":{"name":"(anonymous_2)","decl":{"start":{"line":21,"column":40},"end":{"line":21,"column":41}},"loc":{"start":{"line":21,"column":47},"end":{"line":23,"column":7}},"line":21},"3":{"name":"(anonymous_3)","decl":{"start":{"line":23,"column":15},"end":{"line":23,"column":16}},"loc":{"start":{"line":23,"column":21},"end":{"line":23,"column":23}},"line":23},"4":{"name":"(anonymous_4)","decl":{"start":{"line":27,"column":23},"end":{"line":27,"column":24}},"loc":{"start":{"line":27,"column":29},"end":{"line":30,"column":3}},"line":27},"5":{"name":"(anonymous_5)","decl":{"start":{"line":32,"column":21},"end":{"line":32,"column":22}},"loc":{"start":{"line":32,"column":34},"end":{"line":35,"column":3}},"line":32},"6":{"name":"(anonymous_6)","decl":{"start":{"line":46,"column":37},"end":{"line":46,"column":38}},"loc":{"start":{"line":46,"column":55},"end":{"line":46,"column":96}},"line":46},"7":{"name":"(anonymous_7)","decl":{"start":{"line":52,"column":44},"end":{"line":52,"column":45}},"loc":{"start":{"line":52,"column":62},"end":{"line":52,"column":103}},"line":52},"8":{"name":"(anonymous_8)","decl":{"start":{"line":59,"column":44},"end":{"line":59,"column":45}},"loc":{"start":{"line":59,"column":62},"end":{"line":59,"column":103}},"line":59},"9":{"name":"(anonymous_9)","decl":{"start":{"line":66,"column":49},"end":{"line":66,"column":50}},"loc":{"start":{"line":66,"column":67},"end":{"line":66,"column":108}},"line":66},"10":{"name":"(anonymous_10)","decl":{"start":{"line":73,"column":46},"end":{"line":73,"column":47}},"loc":{"start":{"line":73,"column":64},"end":{"line":73,"column":105}},"line":73},"11":{"name":"(anonymous_11)","decl":{"start":{"line":80,"column":46},"end":{"line":80,"column":47}},"loc":{"start":{"line":80,"column":64},"end":{"line":80,"column":105}},"line":80},"12":{"name":"(anonymous_12)","decl":{"start":{"line":87,"column":49},"end":{"line":87,"column":50}},"loc":{"start":{"line":87,"column":67},"end":{"line":87,"column":108}},"line":87},"13":{"name":"(anonymous_13)","decl":{"start":{"line":94,"column":49},"end":{"line":94,"column":50}},"loc":{"start":{"line":94,"column":67},"end":{"line":94,"column":108}},"line":94},"14":{"name":"(anonymous_14)","decl":{"start":{"line":101,"column":44},"end":{"line":101,"column":45}},"loc":{"start":{"line":101,"column":62},"end":{"line":101,"column":103}},"line":101},"15":{"name":"(anonymous_15)","decl":{"start":{"line":108,"column":43},"end":{"line":108,"column":44}},"loc":{"start":{"line":108,"column":61},"end":{"line":108,"column":102}},"line":108},"16":{"name":"(anonymous_16)","decl":{"start":{"line":115,"column":52},"end":{"line":115,"column":53}},"loc":{"start":{"line":115,"column":70},"end":{"line":115,"column":111}},"line":115},"17":{"name":"(anonymous_17)","decl":{"start":{"line":122,"column":49},"end":{"line":122,"column":50}},"loc":{"start":{"line":122,"column":67},"end":{"line":122,"column":108}},"line":122},"18":{"name":"(anonymous_18)","decl":{"start":{"line":129,"column":52},"end":{"line":129,"column":53}},"loc":{"start":{"line":129,"column":70},"end":{"line":129,"column":111}},"line":129},"19":{"name":"(anonymous_19)","decl":{"start":{"line":138,"column":46},"end":{"line":138,"column":47}},"loc":{"start":{"line":138,"column":64},"end":{"line":138,"column":113}},"line":138}},"branchMap":{"0":{"loc":{"start":{"line":16,"column":4},"end":{"line":19,"column":5}},"type":"if","locations":[{"start":{"line":16,"column":4},"end":{"line":19,"column":5}},{"start":{},"end":{}}],"line":16},"1":{"loc":{"start":{"line":20,"column":4},"end":{"line":24,"column":5}},"type":"if","locations":[{"start":{"line":20,"column":4},"end":{"line":24,"column":5}},{"start":{},"end":{}}],"line":20},"2":{"loc":{"start":{"line":22,"column":20},"end":{"line":22,"column":39}},"type":"binary-expr","locations":[{"start":{"line":22,"column":20},"end":{"line":22,"column":33}},{"start":{"line":22,"column":37},"end":{"line":22,"column":39}}],"line":22},"3":{"loc":{"start":{"line":33,"column":4},"end":{"line":33,"column":34}},"type":"if","locations":[{"start":{"line":33,"column":4},"end":{"line":33,"column":34}},{"start":{},"end":{}}],"line":33},"4":{"loc":{"start":{"line":46,"column":55},"end":{"line":46,"column":96}},"type":"cond-expr","locations":[{"start":{"line":46,"column":66},"end":{"line":46,"column":83}},{"start":{"line":46,"column":86},"end":{"line":46,"column":96}}],"line":46},"5":{"loc":{"start":{"line":51,"column":11},"end":{"line":56,"column":11}},"type":"binary-expr","locations":[{"start":{"line":51,"column":11},"end":{"line":51,"column":30}},{"start":{"line":51,"column":35},"end":{"line":51,"column":63}},{"start":{"line":51,"column":67},"end":{"line":51,"column":94}},{"start":{"line":52,"column":12},"end":{"line":55,"column":22}}],"line":51},"6":{"loc":{"start":{"line":52,"column":62},"end":{"line":52,"column":103}},"type":"cond-expr","locations":[{"start":{"line":52,"column":73},"end":{"line":52,"column":90}},{"start":{"line":52,"column":93},"end":{"line":52,"column":103}}],"line":52},"7":{"loc":{"start":{"line":58,"column":11},"end":{"line":63,"column":11}},"type":"binary-expr","locations":[{"start":{"line":58,"column":11},"end":{"line":58,"column":30}},{"start":{"line":58,"column":34},"end":{"line":58,"column":55}},{"start":{"line":59,"column":12},"end":{"line":62,"column":22}}],"line":58},"8":{"loc":{"start":{"line":59,"column":62},"end":{"line":59,"column":103}},"type":"cond-expr","locations":[{"start":{"line":59,"column":73},"end":{"line":59,"column":90}},{"start":{"line":59,"column":93},"end":{"line":59,"column":103}}],"line":59},"9":{"loc":{"start":{"line":65,"column":11},"end":{"line":70,"column":11}},"type":"binary-expr","locations":[{"start":{"line":65,"column":11},"end":{"line":65,"column":35}},{"start":{"line":66,"column":12},"end":{"line":69,"column":22}}],"line":65},"10":{"loc":{"start":{"line":66,"column":67},"end":{"line":66,"column":108}},"type":"cond-expr","locations":[{"start":{"line":66,"column":78},"end":{"line":66,"column":95}},{"start":{"line":66,"column":98},"end":{"line":66,"column":108}}],"line":66},"11":{"loc":{"start":{"line":72,"column":11},"end":{"line":77,"column":11}},"type":"binary-expr","locations":[{"start":{"line":72,"column":11},"end":{"line":72,"column":32}},{"start":{"line":73,"column":12},"end":{"line":76,"column":22}}],"line":72},"12":{"loc":{"start":{"line":73,"column":64},"end":{"line":73,"column":105}},"type":"cond-expr","locations":[{"start":{"line":73,"column":75},"end":{"line":73,"column":92}},{"start":{"line":73,"column":95},"end":{"line":73,"column":105}}],"line":73},"13":{"loc":{"start":{"line":79,"column":11},"end":{"line":84,"column":11}},"type":"binary-expr","locations":[{"start":{"line":79,"column":11},"end":{"line":79,"column":32}},{"start":{"line":80,"column":12},"end":{"line":83,"column":22}}],"line":79},"14":{"loc":{"start":{"line":80,"column":64},"end":{"line":80,"column":105}},"type":"cond-expr","locations":[{"start":{"line":80,"column":75},"end":{"line":80,"column":92}},{"start":{"line":80,"column":95},"end":{"line":80,"column":105}}],"line":80},"15":{"loc":{"start":{"line":86,"column":11},"end":{"line":91,"column":11}},"type":"binary-expr","locations":[{"start":{"line":86,"column":11},"end":{"line":86,"column":23}},{"start":{"line":86,"column":27},"end":{"line":86,"column":51}},{"start":{"line":87,"column":12},"end":{"line":90,"column":22}}],"line":86},"16":{"loc":{"start":{"line":87,"column":67},"end":{"line":87,"column":108}},"type":"cond-expr","locations":[{"start":{"line":87,"column":78},"end":{"line":87,"column":95}},{"start":{"line":87,"column":98},"end":{"line":87,"column":108}}],"line":87},"17":{"loc":{"start":{"line":93,"column":11},"end":{"line":98,"column":11}},"type":"binary-expr","locations":[{"start":{"line":93,"column":11},"end":{"line":93,"column":35}},{"start":{"line":94,"column":12},"end":{"line":97,"column":22}}],"line":93},"18":{"loc":{"start":{"line":94,"column":67},"end":{"line":94,"column":108}},"type":"cond-expr","locations":[{"start":{"line":94,"column":78},"end":{"line":94,"column":95}},{"start":{"line":94,"column":98},"end":{"line":94,"column":108}}],"line":94},"19":{"loc":{"start":{"line":100,"column":11},"end":{"line":105,"column":11}},"type":"binary-expr","locations":[{"start":{"line":100,"column":11},"end":{"line":100,"column":30}},{"start":{"line":100,"column":35},"end":{"line":100,"column":63}},{"start":{"line":100,"column":67},"end":{"line":100,"column":94}},{"start":{"line":101,"column":12},"end":{"line":104,"column":22}}],"line":100},"20":{"loc":{"start":{"line":101,"column":62},"end":{"line":101,"column":103}},"type":"cond-expr","locations":[{"start":{"line":101,"column":73},"end":{"line":101,"column":90}},{"start":{"line":101,"column":93},"end":{"line":101,"column":103}}],"line":101},"21":{"loc":{"start":{"line":107,"column":11},"end":{"line":112,"column":11}},"type":"binary-expr","locations":[{"start":{"line":107,"column":11},"end":{"line":107,"column":23}},{"start":{"line":107,"column":27},"end":{"line":107,"column":45}},{"start":{"line":108,"column":12},"end":{"line":111,"column":22}}],"line":107},"22":{"loc":{"start":{"line":108,"column":61},"end":{"line":108,"column":102}},"type":"cond-expr","locations":[{"start":{"line":108,"column":72},"end":{"line":108,"column":89}},{"start":{"line":108,"column":92},"end":{"line":108,"column":102}}],"line":108},"23":{"loc":{"start":{"line":114,"column":11},"end":{"line":119,"column":11}},"type":"binary-expr","locations":[{"start":{"line":114,"column":11},"end":{"line":114,"column":23}},{"start":{"line":114,"column":27},"end":{"line":114,"column":54}},{"start":{"line":115,"column":12},"end":{"line":118,"column":22}}],"line":114},"24":{"loc":{"start":{"line":115,"column":70},"end":{"line":115,"column":111}},"type":"cond-expr","locations":[{"start":{"line":115,"column":81},"end":{"line":115,"column":98}},{"start":{"line":115,"column":101},"end":{"line":115,"column":111}}],"line":115},"25":{"loc":{"start":{"line":121,"column":11},"end":{"line":126,"column":11}},"type":"binary-expr","locations":[{"start":{"line":121,"column":11},"end":{"line":121,"column":23}},{"start":{"line":121,"column":27},"end":{"line":121,"column":51}},{"start":{"line":122,"column":12},"end":{"line":125,"column":22}}],"line":121},"26":{"loc":{"start":{"line":122,"column":67},"end":{"line":122,"column":108}},"type":"cond-expr","locations":[{"start":{"line":122,"column":78},"end":{"line":122,"column":95}},{"start":{"line":122,"column":98},"end":{"line":122,"column":108}}],"line":122},"27":{"loc":{"start":{"line":128,"column":11},"end":{"line":133,"column":11}},"type":"binary-expr","locations":[{"start":{"line":128,"column":12},"end":{"line":128,"column":24}},{"start":{"line":128,"column":29},"end":{"line":128,"column":56}},{"start":{"line":128,"column":60},"end":{"line":128,"column":85}},{"start":{"line":129,"column":12},"end":{"line":132,"column":22}}],"line":128},"28":{"loc":{"start":{"line":129,"column":70},"end":{"line":129,"column":111}},"type":"cond-expr","locations":[{"start":{"line":129,"column":81},"end":{"line":129,"column":98}},{"start":{"line":129,"column":101},"end":{"line":129,"column":111}}],"line":129},"29":{"loc":{"start":{"line":138,"column":64},"end":{"line":138,"column":113}},"type":"cond-expr","locations":[{"start":{"line":138,"column":75},"end":{"line":138,"column":96}},{"start":{"line":138,"column":99},"end":{"line":138,"column":113}}],"line":138},"30":{"loc":{"start":{"line":143,"column":47},"end":{"line":143,"column":115}},"type":"cond-expr","locations":[{"start":{"line":143,"column":78},"end":{"line":143,"column":85}},{"start":{"line":143,"column":88},"end":{"line":143,"column":115}}],"line":143},"31":{"loc":{"start":{"line":143,"column":88},"end":{"line":143,"column":115}},"type":"binary-expr","locations":[{"start":{"line":143,"column":88},"end":{"line":143,"column":103}},{"start":{"line":143,"column":107},"end":{"line":143,"column":115}}],"line":143}},"s":{"0":1,"1":8,"2":8,"3":8,"4":7,"5":7,"6":7,"7":1,"8":1,"9":6,"10":3,"11":3,"12":7,"13":1,"14":1,"15":7,"16":67,"17":44,"18":23,"19":7,"20":7,"21":6,"22":1,"23":7,"24":7,"25":7,"26":4,"27":7,"28":6,"29":4,"30":4,"31":4,"32":6,"33":7},"f":{"0":8,"1":7,"2":3,"3":0,"4":1,"5":67,"6":7,"7":6,"8":1,"9":7,"10":7,"11":7,"12":4,"13":7,"14":6,"15":4,"16":4,"17":4,"18":6,"19":7},"b":{"0":[1,6],"1":[3,3],"2":[3,0],"3":[44,23],"4":[7,0],"5":[7,7,3,6],"6":[0,6],"7":[7,7,1],"8":[0,1],"9":[7,7],"10":[0,7],"11":[7,7],"12":[0,7],"13":[7,7],"14":[0,7],"15":[7,4,4],"16":[0,4],"17":[7,7],"18":[0,7],"19":[7,7,3,6],"20":[0,6],"21":[7,4,4],"22":[0,4],"23":[7,4,4],"24":[0,4],"25":[7,4,4],"26":[0,4],"27":[7,3,2,6],"28":[0,6],"29":[0,7],"30":[4,3],"31":[3,0]},"_coverageSchema":"1a1c01bbd47fc00a2c39e90264f33305004495a9","hash":"4f086b5e9f1415658b6bb148e74d4bc68ca08686"}
,"/Users/mohamedboujelbane/Desktop/ACS/frontend/src/contexts/AuthContext.js": {"path":"/Users/mohamedboujelbane/Desktop/ACS/frontend/src/contexts/AuthContext.js","statementMap":{"0":{"start":{"line":4,"column":20},"end":{"line":4,"column":35}},"1":{"start":{"line":6,"column":23},"end":{"line":12,"column":1}},"2":{"start":{"line":7,"column":18},"end":{"line":7,"column":41}},"3":{"start":{"line":8,"column":2},"end":{"line":10,"column":3}},"4":{"start":{"line":9,"column":4},"end":{"line":9,"column":64}},"5":{"start":{"line":11,"column":2},"end":{"line":11,"column":17}},"6":{"start":{"line":14,"column":28},"end":{"line":78,"column":1}},"7":{"start":{"line":15,"column":26},"end":{"line":15,"column":40}},"8":{"start":{"line":16,"column":32},"end":{"line":16,"column":46}},"9":{"start":{"line":17,"column":28},"end":{"line":17,"column":42}},"10":{"start":{"line":18,"column":54},"end":{"line":18,"column":69}},"11":{"start":{"line":20,"column":2},"end":{"line":30,"column":9}},"12":{"start":{"line":21,"column":18},"end":{"line":21,"column":47}},"13":{"start":{"line":22,"column":22},"end":{"line":22,"column":50}},"14":{"start":{"line":23,"column":28},"end":{"line":23,"column":72}},"15":{"start":{"line":25,"column":4},"end":{"line":28,"column":5}},"16":{"start":{"line":26,"column":6},"end":{"line":26,"column":37}},"17":{"start":{"line":27,"column":6},"end":{"line":27,"column":56}},"18":{"start":{"line":29,"column":4},"end":{"line":29,"column":22}},"19":{"start":{"line":32,"column":16},"end":{"line":50,"column":3}},"20":{"start":{"line":33,"column":4},"end":{"line":49,"column":5}},"21":{"start":{"line":34,"column":6},"end":{"line":34,"column":21}},"22":{"start":{"line":35,"column":23},"end":{"line":35,"column":55}},"23":{"start":{"line":36,"column":52},"end":{"line":36,"column":70}},"24":{"start":{"line":38,"column":6},"end":{"line":38,"column":43}},"25":{"start":{"line":39,"column":6},"end":{"line":39,"column":57}},"26":{"start":{"line":40,"column":6},"end":{"line":40,"column":92}},"27":{"start":{"line":41,"column":6},"end":{"line":41,"column":20}},"28":{"start":{"line":42,"column":6},"end":{"line":42,"column":52}},"29":{"start":{"line":44,"column":6},"end":{"line":44,"column":77}},"30":{"start":{"line":46,"column":22},"end":{"line":46,"column":74}},"31":{"start":{"line":47,"column":6},"end":{"line":47,"column":24}},"32":{"start":{"line":48,"column":6},"end":{"line":48,"column":48}},"33":{"start":{"line":52,"column":17},"end":{"line":58,"column":3}},"34":{"start":{"line":53,"column":4},"end":{"line":53,"column":37}},"35":{"start":{"line":54,"column":4},"end":{"line":54,"column":36}},"36":{"start":{"line":55,"column":4},"end":{"line":55,"column":52}},"37":{"start":{"line":56,"column":4},"end":{"line":56,"column":18}},"38":{"start":{"line":57,"column":4},"end":{"line":57,"column":33}},"39":{"start":{"line":60,"column":34},"end":{"line":63,"column":3}},"40":{"start":{"line":61,"column":4},"end":{"line":61,"column":58}},"41":{"start":{"line":62,"column":4},"end":{"line":62,"column":33}},"42":{"start":{"line":65,"column":16},"end":{"line":75,"column":3}},"43":{"start":{"line":77,"column":2},"end":{"line":77,"column":79}}},"fnMap":{"0":{"name":"(anonymous_0)","decl":{"start":{"line":6,"column":23},"end":{"line":6,"column":24}},"loc":{"start":{"line":6,"column":29},"end":{"line":12,"column":1}},"line":6},"1":{"name":"(anonymous_1)","decl":{"start":{"line":14,"column":28},"end":{"line":14,"column":29}},"loc":{"start":{"line":14,"column":46},"end":{"line":78,"column":1}},"line":14},"2":{"name":"(anonymous_2)","decl":{"start":{"line":20,"column":12},"end":{"line":20,"column":13}},"loc":{"start":{"line":20,"column":18},"end":{"line":30,"column":3}},"line":20},"3":{"name":"(anonymous_3)","decl":{"start":{"line":32,"column":16},"end":{"line":32,"column":17}},"loc":{"start":{"line":32,"column":39},"end":{"line":50,"column":3}},"line":32},"4":{"name":"(anonymous_4)","decl":{"start":{"line":52,"column":17},"end":{"line":52,"column":18}},"loc":{"start":{"line":52,"column":23},"end":{"line":58,"column":3}},"line":52},"5":{"name":"(anonymous_5)","decl":{"start":{"line":60,"column":34},"end":{"line":60,"column":35}},"loc":{"start":{"line":60,"column":40},"end":{"line":63,"column":3}},"line":60}},"branchMap":{"0":{"loc":{"start":{"line":8,"column":2},"end":{"line":10,"column":3}},"type":"if","locations":[{"start":{"line":8,"column":2},"end":{"line":10,"column":3}},{"start":{},"end":{}}],"line":8},"1":{"loc":{"start":{"line":25,"column":4},"end":{"line":28,"column":5}},"type":"if","locations":[{"start":{"line":25,"column":4},"end":{"line":28,"column":5}},{"start":{},"end":{}}],"line":25},"2":{"loc":{"start":{"line":25,"column":8},"end":{"line":25,"column":26}},"type":"binary-expr","locations":[{"start":{"line":25,"column":8},"end":{"line":25,"column":13}},{"start":{"line":25,"column":17},"end":{"line":25,"column":26}}],"line":25},"3":{"loc":{"start":{"line":40,"column":51},"end":{"line":40,"column":90}},"type":"cond-expr","locations":[{"start":{"line":40,"column":74},"end":{"line":40,"column":80}},{"start":{"line":40,"column":83},"end":{"line":40,"column":90}}],"line":40},"4":{"loc":{"start":{"line":46,"column":22},"end":{"line":46,"column":74}},"type":"binary-expr","locations":[{"start":{"line":46,"column":22},"end":{"line":46,"column":49}},{"start":{"line":46,"column":53},"end":{"line":46,"column":74}}],"line":46}},"s":{"0":1,"1":1,"2":24,"3":23,"4":4,"5":19,"6":1,"7":22,"8":22,"9":22,"10":22,"11":22,"12":7,"13":7,"14":7,"15":7,"16":3,"17":3,"18":7,"19":22,"20":3,"21":3,"22":3,"23":2,"24":2,"25":2,"26":2,"27":2,"28":2,"29":2,"30":1,"31":1,"32":1,"33":22,"34":1,"35":1,"36":1,"37":1,"38":1,"39":22,"40":1,"41":1,"42":22,"43":22},"f":{"0":24,"1":22,"2":7,"3":3,"4":1,"5":1},"b":{"0":[4,19],"1":[3,4],"2":[7,3],"3":[1,1],"4":[1,0]},"_coverageSchema":"1a1c01bbd47fc00a2c39e90264f33305004495a9","hash":"16256e7bf79d93135575f98b99de082a1c6837fb"}
,"/Users/mohamedboujelbane/Desktop/ACS/frontend/src/pages/ApiTester.js": {"path":"/Users/mohamedboujelbane/Desktop/ACS/frontend/src/pages/ApiTester.js","statementMap":{"0":{"start":{"line":7,"column":18},"end":{"line":233,"column":1}},"1":{"start":{"line":235,"column":20},"end":{"line":240,"column":1}},"2":{"start":{"line":242,"column":21},"end":{"line":270,"column":1}},"3":{"start":{"line":272,"column":22},"end":{"line":289,"column":1}},"4":{"start":{"line":291,"column":18},"end":{"line":840,"column":1}},"5":{"start":{"line":292,"column":19},"end":{"line":292,"column":28}},"6":{"start":{"line":293,"column":46},"end":{"line":293,"column":66}},"7":{"start":{"line":294,"column":30},"end":{"line":294,"column":42}},"8":{"start":{"line":295,"column":40},"end":{"line":295,"column":75}},"9":{"start":{"line":296,"column":34},"end":{"line":296,"column":48}},"10":{"start":{"line":297,"column":30},"end":{"line":297,"column":46}},"11":{"start":{"line":298,"column":42},"end":{"line":298,"column":56}},"12":{"start":{"line":299,"column":48},"end":{"line":299,"column":62}},"13":{"start":{"line":300,"column":32},"end":{"line":300,"column":44}},"14":{"start":{"line":301,"column":40},"end":{"line":301,"column":55}},"15":{"start":{"line":302,"column":40},"end":{"line":302,"column":54}},"16":{"start":{"line":303,"column":42},"end":{"line":303,"column":54}},"17":{"start":{"line":304,"column":18},"end":{"line":304,"column":30}},"18":{"start":{"line":306,"column":2},"end":{"line":313,"column":23}},"19":{"start":{"line":307,"column":15},"end":{"line":307,"column":59}},"20":{"start":{"line":307,"column":35},"end":{"line":307,"column":58}},"21":{"start":{"line":308,"column":4},"end":{"line":308,"column":44}},"22":{"start":{"line":308,"column":12},"end":{"line":308,"column":44}},"23":{"start":{"line":309,"column":4},"end":{"line":309,"column":22}},"24":{"start":{"line":310,"column":4},"end":{"line":310,"column":22}},"25":{"start":{"line":311,"column":4},"end":{"line":311,"column":26}},"26":{"start":{"line":312,"column":4},"end":{"line":312,"column":25}},"27":{"start":{"line":315,"column":19},"end":{"line":315,"column":63}},"28":{"start":{"line":315,"column":39},"end":{"line":315,"column":62}},"29":{"start":{"line":317,"column":21},"end":{"line":319,"column":3}},"30":{"start":{"line":318,"column":4},"end":{"line":318,"column":70}},"31":{"start":{"line":318,"column":29},"end":{"line":318,"column":67}},"32":{"start":{"line":321,"column":21},"end":{"line":327,"column":3}},"33":{"start":{"line":322,"column":4},"end":{"line":326,"column":5}},"34":{"start":{"line":323,"column":6},"end":{"line":323,"column":86}},"35":{"start":{"line":325,"column":6},"end":{"line":325,"column":65}},"36":{"start":{"line":329,"column":25},"end":{"line":334,"column":3}},"37":{"start":{"line":330,"column":4},"end":{"line":330,"column":27}},"38":{"start":{"line":330,"column":15},"end":{"line":330,"column":27}},"39":{"start":{"line":331,"column":4},"end":{"line":331,"column":84}},"40":{"start":{"line":331,"column":20},"end":{"line":331,"column":84}},"41":{"start":{"line":332,"column":4},"end":{"line":332,"column":84}},"42":{"start":{"line":332,"column":20},"end":{"line":332,"column":84}},"43":{"start":{"line":333,"column":4},"end":{"line":333,"column":66}},"44":{"start":{"line":336,"column":26},"end":{"line":338,"column":3}},"45":{"start":{"line":337,"column":4},"end":{"line":337,"column":40}},"46":{"start":{"line":340,"column":25},"end":{"line":412,"column":3}},"47":{"start":{"line":341,"column":4},"end":{"line":341,"column":25}},"48":{"start":{"line":343,"column":4},"end":{"line":348,"column":5}},"49":{"start":{"line":344,"column":6},"end":{"line":344,"column":43}},"50":{"start":{"line":346,"column":6},"end":{"line":346,"column":53}},"51":{"start":{"line":347,"column":6},"end":{"line":347,"column":13}},"52":{"start":{"line":350,"column":4},"end":{"line":350,"column":25}},"53":{"start":{"line":351,"column":4},"end":{"line":351,"column":22}},"54":{"start":{"line":352,"column":4},"end":{"line":352,"column":26}},"55":{"start":{"line":353,"column":4},"end":{"line":353,"column":29}},"56":{"start":{"line":355,"column":22},"end":{"line":355,"column":32}},"57":{"start":{"line":357,"column":4},"end":{"line":411,"column":5}},"58":{"start":{"line":360,"column":6},"end":{"line":371,"column":7}},"59":{"start":{"line":361,"column":8},"end":{"line":365,"column":9}},"60":{"start":{"line":362,"column":10},"end":{"line":362,"column":62}},"61":{"start":{"line":363,"column":10},"end":{"line":363,"column":29}},"62":{"start":{"line":364,"column":10},"end":{"line":364,"column":17}},"63":{"start":{"line":366,"column":8},"end":{"line":368,"column":11}},"64":{"start":{"line":370,"column":8},"end":{"line":370,"column":56}},"65":{"start":{"line":373,"column":6},"end":{"line":373,"column":28}},"66":{"start":{"line":374,"column":6},"end":{"line":374,"column":38}},"67":{"start":{"line":375,"column":6},"end":{"line":375,"column":27}},"68":{"start":{"line":376,"column":6},"end":{"line":376,"column":46}},"69":{"start":{"line":378,"column":20},"end":{"line":388,"column":7}},"70":{"start":{"line":389,"column":6},"end":{"line":389,"column":56}},"71":{"start":{"line":389,"column":25},"end":{"line":389,"column":54}},"72":{"start":{"line":392,"column":22},"end":{"line":392,"column":72}},"73":{"start":{"line":393,"column":25},"end":{"line":393,"column":52}},"74":{"start":{"line":394,"column":6},"end":{"line":394,"column":27}},"75":{"start":{"line":395,"column":6},"end":{"line":395,"column":58}},"76":{"start":{"line":396,"column":6},"end":{"line":396,"column":25}},"77":{"start":{"line":397,"column":6},"end":{"line":397,"column":46}},"78":{"start":{"line":399,"column":20},"end":{"line":409,"column":7}},"79":{"start":{"line":410,"column":6},"end":{"line":410,"column":56}},"80":{"start":{"line":410,"column":25},"end":{"line":410,"column":54}},"81":{"start":{"line":414,"column":23},"end":{"line":414,"column":43}},"82":{"start":{"line":414,"column":29},"end":{"line":414,"column":43}},"83":{"start":{"line":416,"column":26},"end":{"line":441,"column":3}},"84":{"start":{"line":417,"column":20},"end":{"line":417,"column":22}},"85":{"start":{"line":419,"column":21},"end":{"line":427,"column":5}},"86":{"start":{"line":420,"column":6},"end":{"line":425,"column":7}},"87":{"start":{"line":421,"column":8},"end":{"line":421,"column":66}},"88":{"start":{"line":421,"column":57},"end":{"line":421,"column":66}},"89":{"start":{"line":422,"column":8},"end":{"line":422,"column":97}},"90":{"start":{"line":422,"column":41},"end":{"line":422,"column":82}},"91":{"start":{"line":422,"column":83},"end":{"line":422,"column":95}},"92":{"start":{"line":423,"column":8},"end":{"line":423,"column":118}},"93":{"start":{"line":423,"column":62},"end":{"line":423,"column":103}},"94":{"start":{"line":423,"column":104},"end":{"line":423,"column":116}},"95":{"start":{"line":424,"column":8},"end":{"line":424,"column":156}},"96":{"start":{"line":424,"column":97},"end":{"line":424,"column":141}},"97":{"start":{"line":424,"column":142},"end":{"line":424,"column":154}},"98":{"start":{"line":426,"column":6},"end":{"line":426,"column":19}},"99":{"start":{"line":429,"column":28},"end":{"line":429,"column":52}},"100":{"start":{"line":430,"column":4},"end":{"line":433,"column":5}},"101":{"start":{"line":431,"column":6},"end":{"line":432,"column":100}},"102":{"start":{"line":431,"column":52},"end":{"line":431,"column":82}},"103":{"start":{"line":432,"column":11},"end":{"line":432,"column":100}},"104":{"start":{"line":432,"column":35},"end":{"line":432,"column":100}},"105":{"start":{"line":432,"column":72},"end":{"line":432,"column":97}},"106":{"start":{"line":434,"column":4},"end":{"line":434,"column":77}},"107":{"start":{"line":434,"column":47},"end":{"line":434,"column":77}},"108":{"start":{"line":435,"column":4},"end":{"line":435,"column":77}},"109":{"start":{"line":435,"column":47},"end":{"line":435,"column":77}},"110":{"start":{"line":436,"column":4},"end":{"line":439,"column":5}},"111":{"start":{"line":437,"column":23},"end":{"line":437,"column":222}},"112":{"start":{"line":438,"column":6},"end":{"line":438,"column":29}},"113":{"start":{"line":440,"column":4},"end":{"line":440,"column":19}},"114":{"start":{"line":443,"column":27},"end":{"line":461,"column":3}},"115":{"start":{"line":444,"column":19},"end":{"line":444,"column":44}},"116":{"start":{"line":445,"column":4},"end":{"line":445,"column":36}},"117":{"start":{"line":445,"column":26},"end":{"line":445,"column":36}},"118":{"start":{"line":446,"column":18},"end":{"line":446,"column":20}},"119":{"start":{"line":447,"column":25},"end":{"line":447,"column":78}},"120":{"start":{"line":448,"column":4},"end":{"line":459,"column":5}},"121":{"start":{"line":449,"column":6},"end":{"line":454,"column":7}},"122":{"start":{"line":450,"column":8},"end":{"line":453,"column":9}},"123":{"start":{"line":451,"column":24},"end":{"line":451,"column":121}},"124":{"start":{"line":451,"column":41},"end":{"line":451,"column":120}},"125":{"start":{"line":452,"column":10},"end":{"line":452,"column":65}},"126":{"start":{"line":452,"column":21},"end":{"line":452,"column":65}},"127":{"start":{"line":455,"column":6},"end":{"line":458,"column":7}},"128":{"start":{"line":456,"column":22},"end":{"line":456,"column":62}},"129":{"start":{"line":456,"column":39},"end":{"line":456,"column":61}},"130":{"start":{"line":457,"column":8},"end":{"line":457,"column":37}},"131":{"start":{"line":457,"column":19},"end":{"line":457,"column":37}},"132":{"start":{"line":460,"column":4},"end":{"line":460,"column":17}},"133":{"start":{"line":463,"column":2},"end":{"line":839,"column":4}},"134":{"start":{"line":477,"column":37},"end":{"line":477,"column":58}},"135":{"start":{"line":478,"column":16},"end":{"line":488,"column":25}},"136":{"start":{"line":481,"column":33},"end":{"line":481,"column":57}},"137":{"start":{"line":493,"column":37},"end":{"line":493,"column":58}},"138":{"start":{"line":494,"column":16},"end":{"line":504,"column":25}},"139":{"start":{"line":497,"column":33},"end":{"line":497,"column":57}},"140":{"start":{"line":510,"column":62},"end":{"line":510,"column":90}},"141":{"start":{"line":527,"column":20},"end":{"line":532,"column":26}},"142":{"start":{"line":569,"column":31},"end":{"line":569,"column":56}},"143":{"start":{"line":592,"column":24},"end":{"line":592,"column":47}},"144":{"start":{"line":607,"column":24},"end":{"line":612,"column":30}},"145":{"start":{"line":632,"column":26},"end":{"line":635,"column":32}},"146":{"start":{"line":649,"column":28},"end":{"line":649,"column":79}},"147":{"start":{"line":658,"column":28},"end":{"line":658,"column":51}},"148":{"start":{"line":694,"column":35},"end":{"line":694,"column":60}},"149":{"start":{"line":703,"column":60},"end":{"line":703,"column":88}},"150":{"start":{"line":711,"column":33},"end":{"line":711,"column":63}},"151":{"start":{"line":736,"column":62},"end":{"line":736,"column":99}},"152":{"start":{"line":768,"column":39},"end":{"line":768,"column":64}},"153":{"start":{"line":769,"column":37},"end":{"line":769,"column":90}},"154":{"start":{"line":770,"column":36},"end":{"line":770,"column":78}},"155":{"start":{"line":771,"column":20},"end":{"line":800,"column":22}},"156":{"start":{"line":774,"column":26},"end":{"line":785,"column":32}},"157":{"start":{"line":791,"column":30},"end":{"line":795,"column":36}},"158":{"start":{"line":804,"column":36},"end":{"line":804,"column":78}},"159":{"start":{"line":805,"column":20},"end":{"line":820,"column":21}},"160":{"start":{"line":806,"column":22},"end":{"line":819,"column":24}},"161":{"start":{"line":811,"column":28},"end":{"line":816,"column":34}},"162":{"start":{"line":821,"column":20},"end":{"line":821,"column":32}}},"fnMap":{"0":{"name":"(anonymous_0)","decl":{"start":{"line":291,"column":18},"end":{"line":291,"column":19}},"loc":{"start":{"line":291,"column":24},"end":{"line":840,"column":1}},"line":291},"1":{"name":"(anonymous_1)","decl":{"start":{"line":306,"column":12},"end":{"line":306,"column":13}},"loc":{"start":{"line":306,"column":18},"end":{"line":313,"column":3}},"line":306},"2":{"name":"(anonymous_2)","decl":{"start":{"line":307,"column":30},"end":{"line":307,"column":31}},"loc":{"start":{"line":307,"column":35},"end":{"line":307,"column":58}},"line":307},"3":{"name":"(anonymous_3)","decl":{"start":{"line":315,"column":34},"end":{"line":315,"column":35}},"loc":{"start":{"line":315,"column":39},"end":{"line":315,"column":62}},"line":315},"4":{"name":"(anonymous_4)","decl":{"start":{"line":317,"column":21},"end":{"line":317,"column":22}},"loc":{"start":{"line":317,"column":34},"end":{"line":319,"column":3}},"line":317},"5":{"name":"(anonymous_5)","decl":{"start":{"line":318,"column":20},"end":{"line":318,"column":21}},"loc":{"start":{"line":318,"column":29},"end":{"line":318,"column":67}},"line":318},"6":{"name":"(anonymous_6)","decl":{"start":{"line":321,"column":21},"end":{"line":321,"column":22}},"loc":{"start":{"line":321,"column":30},"end":{"line":327,"column":3}},"line":321},"7":{"name":"(anonymous_7)","decl":{"start":{"line":329,"column":25},"end":{"line":329,"column":26}},"loc":{"start":{"line":329,"column":35},"end":{"line":334,"column":3}},"line":329},"8":{"name":"(anonymous_8)","decl":{"start":{"line":336,"column":26},"end":{"line":336,"column":27}},"loc":{"start":{"line":336,"column":36},"end":{"line":338,"column":3}},"line":336},"9":{"name":"(anonymous_9)","decl":{"start":{"line":340,"column":25},"end":{"line":340,"column":26}},"loc":{"start":{"line":340,"column":37},"end":{"line":412,"column":3}},"line":340},"10":{"name":"(anonymous_10)","decl":{"start":{"line":389,"column":17},"end":{"line":389,"column":18}},"loc":{"start":{"line":389,"column":25},"end":{"line":389,"column":54}},"line":389},"11":{"name":"(anonymous_11)","decl":{"start":{"line":410,"column":17},"end":{"line":410,"column":18}},"loc":{"start":{"line":410,"column":25},"end":{"line":410,"column":54}},"line":410},"12":{"name":"(anonymous_12)","decl":{"start":{"line":414,"column":23},"end":{"line":414,"column":24}},"loc":{"start":{"line":414,"column":29},"end":{"line":414,"column":43}},"line":414},"13":{"name":"(anonymous_13)","decl":{"start":{"line":416,"column":26},"end":{"line":416,"column":27}},"loc":{"start":{"line":416,"column":60},"end":{"line":441,"column":3}},"line":416},"14":{"name":"(anonymous_14)","decl":{"start":{"line":419,"column":21},"end":{"line":419,"column":22}},"loc":{"start":{"line":419,"column":34},"end":{"line":427,"column":5}},"line":419},"15":{"name":"(anonymous_15)","decl":{"start":{"line":432,"column":67},"end":{"line":432,"column":68}},"loc":{"start":{"line":432,"column":72},"end":{"line":432,"column":97}},"line":432},"16":{"name":"(anonymous_16)","decl":{"start":{"line":443,"column":27},"end":{"line":443,"column":28}},"loc":{"start":{"line":443,"column":49},"end":{"line":461,"column":3}},"line":443},"17":{"name":"(anonymous_17)","decl":{"start":{"line":451,"column":36},"end":{"line":451,"column":37}},"loc":{"start":{"line":451,"column":41},"end":{"line":451,"column":120}},"line":451},"18":{"name":"(anonymous_18)","decl":{"start":{"line":456,"column":34},"end":{"line":456,"column":35}},"loc":{"start":{"line":456,"column":39},"end":{"line":456,"column":61}},"line":456},"19":{"name":"(anonymous_19)","decl":{"start":{"line":477,"column":32},"end":{"line":477,"column":33}},"loc":{"start":{"line":477,"column":37},"end":{"line":477,"column":58}},"line":477},"20":{"name":"(anonymous_20)","decl":{"start":{"line":477,"column":64},"end":{"line":477,"column":65}},"loc":{"start":{"line":478,"column":16},"end":{"line":488,"column":25}},"line":478},"21":{"name":"(anonymous_21)","decl":{"start":{"line":481,"column":27},"end":{"line":481,"column":28}},"loc":{"start":{"line":481,"column":33},"end":{"line":481,"column":57}},"line":481},"22":{"name":"(anonymous_22)","decl":{"start":{"line":493,"column":32},"end":{"line":493,"column":33}},"loc":{"start":{"line":493,"column":37},"end":{"line":493,"column":58}},"line":493},"23":{"name":"(anonymous_23)","decl":{"start":{"line":493,"column":64},"end":{"line":493,"column":65}},"loc":{"start":{"line":494,"column":16},"end":{"line":504,"column":25}},"line":494},"24":{"name":"(anonymous_24)","decl":{"start":{"line":497,"column":27},"end":{"line":497,"column":28}},"loc":{"start":{"line":497,"column":33},"end":{"line":497,"column":57}},"line":497},"25":{"name":"(anonymous_25)","decl":{"start":{"line":510,"column":56},"end":{"line":510,"column":57}},"loc":{"start":{"line":510,"column":62},"end":{"line":510,"column":90}},"line":510},"26":{"name":"(anonymous_26)","decl":{"start":{"line":526,"column":30},"end":{"line":526,"column":31}},"loc":{"start":{"line":527,"column":20},"end":{"line":532,"column":26}},"line":527},"27":{"name":"(anonymous_27)","decl":{"start":{"line":569,"column":25},"end":{"line":569,"column":26}},"loc":{"start":{"line":569,"column":31},"end":{"line":569,"column":56}},"line":569},"28":{"name":"(anonymous_28)","decl":{"start":{"line":591,"column":53},"end":{"line":591,"column":54}},"loc":{"start":{"line":592,"column":24},"end":{"line":592,"column":47}},"line":592},"29":{"name":"(anonymous_29)","decl":{"start":{"line":606,"column":54},"end":{"line":606,"column":55}},"loc":{"start":{"line":607,"column":24},"end":{"line":612,"column":30}},"line":607},"30":{"name":"(anonymous_30)","decl":{"start":{"line":631,"column":56},"end":{"line":631,"column":57}},"loc":{"start":{"line":632,"column":26},"end":{"line":635,"column":32}},"line":632},"31":{"name":"(anonymous_31)","decl":{"start":{"line":648,"column":63},"end":{"line":648,"column":64}},"loc":{"start":{"line":649,"column":28},"end":{"line":649,"column":79}},"line":649},"32":{"name":"(anonymous_32)","decl":{"start":{"line":657,"column":61},"end":{"line":657,"column":62}},"loc":{"start":{"line":658,"column":28},"end":{"line":658,"column":51}},"line":658},"33":{"name":"(anonymous_33)","decl":{"start":{"line":694,"column":28},"end":{"line":694,"column":29}},"loc":{"start":{"line":694,"column":35},"end":{"line":694,"column":60}},"line":694},"34":{"name":"(anonymous_34)","decl":{"start":{"line":703,"column":54},"end":{"line":703,"column":55}},"loc":{"start":{"line":703,"column":60},"end":{"line":703,"column":88}},"line":703},"35":{"name":"(anonymous_35)","decl":{"start":{"line":711,"column":26},"end":{"line":711,"column":27}},"loc":{"start":{"line":711,"column":33},"end":{"line":711,"column":63}},"line":711},"36":{"name":"(anonymous_36)","decl":{"start":{"line":736,"column":56},"end":{"line":736,"column":57}},"loc":{"start":{"line":736,"column":62},"end":{"line":736,"column":99}},"line":736},"37":{"name":"(anonymous_37)","decl":{"start":{"line":767,"column":42},"end":{"line":767,"column":43}},"loc":{"start":{"line":767,"column":48},"end":{"line":801,"column":19}},"line":767},"38":{"name":"(anonymous_38)","decl":{"start":{"line":773,"column":38},"end":{"line":773,"column":39}},"loc":{"start":{"line":774,"column":26},"end":{"line":785,"column":32}},"line":774},"39":{"name":"(anonymous_39)","decl":{"start":{"line":790,"column":41},"end":{"line":790,"column":42}},"loc":{"start":{"line":791,"column":30},"end":{"line":795,"column":36}},"line":791},"40":{"name":"(anonymous_40)","decl":{"start":{"line":803,"column":44},"end":{"line":803,"column":45}},"loc":{"start":{"line":803,"column":50},"end":{"line":822,"column":19}},"line":803},"41":{"name":"(anonymous_41)","decl":{"start":{"line":810,"column":39},"end":{"line":810,"column":40}},"loc":{"start":{"line":811,"column":28},"end":{"line":816,"column":34}},"line":811}},"branchMap":{"0":{"loc":{"start":{"line":308,"column":4},"end":{"line":308,"column":44}},"type":"if","locations":[{"start":{"line":308,"column":4},"end":{"line":308,"column":44}},{"start":{},"end":{}}],"line":308},"1":{"loc":{"start":{"line":323,"column":28},"end":{"line":323,"column":75}},"type":"cond-expr","locations":[{"start":{"line":323,"column":54},"end":{"line":323,"column":69}},{"start":{"line":323,"column":72},"end":{"line":323,"column":75}}],"line":323},"2":{"loc":{"start":{"line":325,"column":13},"end":{"line":325,"column":64}},"type":"cond-expr","locations":[{"start":{"line":325,"column":39},"end":{"line":325,"column":42}},{"start":{"line":325,"column":45},"end":{"line":325,"column":64}}],"line":325},"3":{"loc":{"start":{"line":330,"column":4},"end":{"line":330,"column":27}},"type":"if","locations":[{"start":{"line":330,"column":4},"end":{"line":330,"column":27}},{"start":{},"end":{}}],"line":330},"4":{"loc":{"start":{"line":331,"column":4},"end":{"line":331,"column":84}},"type":"if","locations":[{"start":{"line":331,"column":4},"end":{"line":331,"column":84}},{"start":{},"end":{}}],"line":331},"5":{"loc":{"start":{"line":332,"column":4},"end":{"line":332,"column":84}},"type":"if","locations":[{"start":{"line":332,"column":4},"end":{"line":332,"column":84}},{"start":{},"end":{}}],"line":332},"6":{"loc":{"start":{"line":360,"column":6},"end":{"line":371,"column":7}},"type":"if","locations":[{"start":{"line":360,"column":6},"end":{"line":371,"column":7}},{"start":{"line":369,"column":13},"end":{"line":371,"column":7}}],"line":360},"7":{"loc":{"start":{"line":361,"column":8},"end":{"line":365,"column":9}},"type":"if","locations":[{"start":{"line":361,"column":8},"end":{"line":365,"column":9}},{"start":{},"end":{}}],"line":361},"8":{"loc":{"start":{"line":392,"column":22},"end":{"line":392,"column":72}},"type":"binary-expr","locations":[{"start":{"line":392,"column":22},"end":{"line":392,"column":42}},{"start":{"line":392,"column":46},"end":{"line":392,"column":72}}],"line":392},"9":{"loc":{"start":{"line":393,"column":25},"end":{"line":393,"column":52}},"type":"binary-expr","locations":[{"start":{"line":393,"column":25},"end":{"line":393,"column":47}},{"start":{"line":393,"column":51},"end":{"line":393,"column":52}}],"line":393},"10":{"loc":{"start":{"line":395,"column":25},"end":{"line":395,"column":56}},"type":"binary-expr","locations":[{"start":{"line":395,"column":25},"end":{"line":395,"column":48}},{"start":{"line":395,"column":52},"end":{"line":395,"column":56}}],"line":395},"11":{"loc":{"start":{"line":421,"column":8},"end":{"line":421,"column":66}},"type":"if","locations":[{"start":{"line":421,"column":8},"end":{"line":421,"column":66}},{"start":{},"end":{}}],"line":421},"12":{"loc":{"start":{"line":421,"column":12},"end":{"line":421,"column":55}},"type":"binary-expr","locations":[{"start":{"line":421,"column":12},"end":{"line":421,"column":24}},{"start":{"line":421,"column":28},"end":{"line":421,"column":55}}],"line":421},"13":{"loc":{"start":{"line":422,"column":8},"end":{"line":422,"column":97}},"type":"if","locations":[{"start":{"line":422,"column":8},"end":{"line":422,"column":97}},{"start":{},"end":{}}],"line":422},"14":{"loc":{"start":{"line":423,"column":8},"end":{"line":423,"column":118}},"type":"if","locations":[{"start":{"line":423,"column":8},"end":{"line":423,"column":118}},{"start":{},"end":{}}],"line":423},"15":{"loc":{"start":{"line":423,"column":12},"end":{"line":423,"column":58}},"type":"binary-expr","locations":[{"start":{"line":423,"column":12},"end":{"line":423,"column":23}},{"start":{"line":423,"column":27},"end":{"line":423,"column":58}}],"line":423},"16":{"loc":{"start":{"line":424,"column":8},"end":{"line":424,"column":156}},"type":"if","locations":[{"start":{"line":424,"column":8},"end":{"line":424,"column":156}},{"start":{},"end":{}}],"line":424},"17":{"loc":{"start":{"line":424,"column":12},"end":{"line":424,"column":93}},"type":"binary-expr","locations":[{"start":{"line":424,"column":12},"end":{"line":424,"column":25}},{"start":{"line":424,"column":29},"end":{"line":424,"column":93}}],"line":424},"18":{"loc":{"start":{"line":430,"column":4},"end":{"line":433,"column":5}},"type":"if","locations":[{"start":{"line":430,"column":4},"end":{"line":433,"column":5}},{"start":{},"end":{}}],"line":430},"19":{"loc":{"start":{"line":430,"column":8},"end":{"line":430,"column":53}},"type":"binary-expr","locations":[{"start":{"line":430,"column":8},"end":{"line":430,"column":23}},{"start":{"line":430,"column":27},"end":{"line":430,"column":53}}],"line":430},"20":{"loc":{"start":{"line":431,"column":6},"end":{"line":432,"column":100}},"type":"if","locations":[{"start":{"line":431,"column":6},"end":{"line":432,"column":100}},{"start":{"line":432,"column":11},"end":{"line":432,"column":100}}],"line":431},"21":{"loc":{"start":{"line":431,"column":10},"end":{"line":431,"column":50}},"type":"binary-expr","locations":[{"start":{"line":431,"column":10},"end":{"line":431,"column":28}},{"start":{"line":431,"column":32},"end":{"line":431,"column":50}}],"line":431},"22":{"loc":{"start":{"line":432,"column":11},"end":{"line":432,"column":100}},"type":"if","locations":[{"start":{"line":432,"column":11},"end":{"line":432,"column":100}},{"start":{},"end":{}}],"line":432},"23":{"loc":{"start":{"line":434,"column":4},"end":{"line":434,"column":77}},"type":"if","locations":[{"start":{"line":434,"column":4},"end":{"line":434,"column":77}},{"start":{},"end":{}}],"line":434},"24":{"loc":{"start":{"line":434,"column":8},"end":{"line":434,"column":45}},"type":"binary-expr","locations":[{"start":{"line":434,"column":8},"end":{"line":434,"column":26}},{"start":{"line":434,"column":30},"end":{"line":434,"column":45}}],"line":434},"25":{"loc":{"start":{"line":435,"column":4},"end":{"line":435,"column":77}},"type":"if","locations":[{"start":{"line":435,"column":4},"end":{"line":435,"column":77}},{"start":{},"end":{}}],"line":435},"26":{"loc":{"start":{"line":435,"column":8},"end":{"line":435,"column":45}},"type":"binary-expr","locations":[{"start":{"line":435,"column":8},"end":{"line":435,"column":26}},{"start":{"line":435,"column":30},"end":{"line":435,"column":45}}],"line":435},"27":{"loc":{"start":{"line":436,"column":4},"end":{"line":439,"column":5}},"type":"if","locations":[{"start":{"line":436,"column":4},"end":{"line":439,"column":5}},{"start":{},"end":{}}],"line":436},"28":{"loc":{"start":{"line":445,"column":4},"end":{"line":445,"column":36}},"type":"if","locations":[{"start":{"line":445,"column":4},"end":{"line":445,"column":36}},{"start":{},"end":{}}],"line":445},"29":{"loc":{"start":{"line":445,"column":8},"end":{"line":445,"column":24}},"type":"binary-expr","locations":[{"start":{"line":445,"column":8},"end":{"line":445,"column":15}},{"start":{"line":445,"column":19},"end":{"line":445,"column":24}}],"line":445},"30":{"loc":{"start":{"line":447,"column":25},"end":{"line":447,"column":78}},"type":"binary-expr","locations":[{"start":{"line":447,"column":25},"end":{"line":447,"column":49}},{"start":{"line":447,"column":53},"end":{"line":447,"column":72}},{"start":{"line":447,"column":76},"end":{"line":447,"column":78}}],"line":447},"31":{"loc":{"start":{"line":449,"column":6},"end":{"line":454,"column":7}},"type":"if","locations":[{"start":{"line":449,"column":6},"end":{"line":454,"column":7}},{"start":{},"end":{}}],"line":449},"32":{"loc":{"start":{"line":451,"column":41},"end":{"line":451,"column":120}},"type":"binary-expr","locations":[{"start":{"line":451,"column":41},"end":{"line":451,"column":66}},{"start":{"line":451,"column":70},"end":{"line":451,"column":120}}],"line":451},"33":{"loc":{"start":{"line":452,"column":10},"end":{"line":452,"column":65}},"type":"if","locations":[{"start":{"line":452,"column":10},"end":{"line":452,"column":65}},{"start":{},"end":{}}],"line":452},"34":{"loc":{"start":{"line":455,"column":6},"end":{"line":458,"column":7}},"type":"if","locations":[{"start":{"line":455,"column":6},"end":{"line":458,"column":7}},{"start":{},"end":{}}],"line":455},"35":{"loc":{"start":{"line":455,"column":10},"end":{"line":455,"column":36}},"type":"binary-expr","locations":[{"start":{"line":455,"column":10},"end":{"line":455,"column":20}},{"start":{"line":455,"column":24},"end":{"line":455,"column":36}}],"line":455},"36":{"loc":{"start":{"line":457,"column":8},"end":{"line":457,"column":37}},"type":"if","locations":[{"start":{"line":457,"column":8},"end":{"line":457,"column":37}},{"start":{},"end":{}}],"line":457},"37":{"loc":{"start":{"line":480,"column":48},"end":{"line":480,"column":88}},"type":"cond-expr","locations":[{"start":{"line":480,"column":75},"end":{"line":480,"column":83}},{"start":{"line":480,"column":86},"end":{"line":480,"column":88}}],"line":480},"38":{"loc":{"start":{"line":496,"column":48},"end":{"line":496,"column":88}},"type":"cond-expr","locations":[{"start":{"line":496,"column":75},"end":{"line":496,"column":83}},{"start":{"line":496,"column":86},"end":{"line":496,"column":88}}],"line":496},"39":{"loc":{"start":{"line":511,"column":15},"end":{"line":511,"column":83}},"type":"cond-expr","locations":[{"start":{"line":511,"column":29},"end":{"line":511,"column":54}},{"start":{"line":511,"column":57},"end":{"line":511,"column":83}}],"line":511},"40":{"loc":{"start":{"line":514,"column":15},"end":{"line":518,"column":15}},"type":"binary-expr","locations":[{"start":{"line":514,"column":15},"end":{"line":514,"column":33}},{"start":{"line":515,"column":16},"end":{"line":517,"column":25}}],"line":514},"41":{"loc":{"start":{"line":521,"column":13},"end":{"line":536,"column":13}},"type":"binary-expr","locations":[{"start":{"line":521,"column":13},"end":{"line":521,"column":24}},{"start":{"line":522,"column":14},"end":{"line":535,"column":20}}],"line":521},"42":{"loc":{"start":{"line":523,"column":17},"end":{"line":534,"column":17}},"type":"cond-expr","locations":[{"start":{"line":524,"column":18},"end":{"line":524,"column":77}},{"start":{"line":526,"column":18},"end":{"line":533,"column":20}}],"line":523},"43":{"loc":{"start":{"line":527,"column":70},"end":{"line":527,"column":98}},"type":"cond-expr","locations":[{"start":{"line":527,"column":86},"end":{"line":527,"column":88}},{"start":{"line":527,"column":91},"end":{"line":527,"column":98}}],"line":527},"44":{"loc":{"start":{"line":529,"column":60},"end":{"line":529,"column":95}},"type":"cond-expr","locations":[{"start":{"line":529,"column":76},"end":{"line":529,"column":85}},{"start":{"line":529,"column":88},"end":{"line":529,"column":95}}],"line":529},"45":{"loc":{"start":{"line":549,"column":19},"end":{"line":549,"column":101}},"type":"cond-expr","locations":[{"start":{"line":549,"column":50},"end":{"line":549,"column":76}},{"start":{"line":549,"column":79},"end":{"line":549,"column":101}}],"line":549},"46":{"loc":{"start":{"line":550,"column":19},"end":{"line":550,"column":71}},"type":"cond-expr","locations":[{"start":{"line":550,"column":50},"end":{"line":550,"column":59}},{"start":{"line":550,"column":62},"end":{"line":550,"column":71}}],"line":550},"47":{"loc":{"start":{"line":558,"column":17},"end":{"line":558,"column":101}},"type":"cond-expr","locations":[{"start":{"line":558,"column":40},"end":{"line":558,"column":80}},{"start":{"line":558,"column":83},"end":{"line":558,"column":101}}],"line":558},"48":{"loc":{"start":{"line":559,"column":17},"end":{"line":559,"column":62}},"type":"cond-expr","locations":[{"start":{"line":559,"column":40},"end":{"line":559,"column":50}},{"start":{"line":559,"column":53},"end":{"line":559,"column":62}}],"line":559},"49":{"loc":{"start":{"line":568,"column":45},"end":{"line":568,"column":90}},"type":"cond-expr","locations":[{"start":{"line":568,"column":75},"end":{"line":568,"column":85}},{"start":{"line":568,"column":88},"end":{"line":568,"column":90}}],"line":568},"50":{"loc":{"start":{"line":571,"column":17},"end":{"line":571,"column":101}},"type":"cond-expr","locations":[{"start":{"line":571,"column":47},"end":{"line":571,"column":72}},{"start":{"line":571,"column":75},"end":{"line":571,"column":101}}],"line":571},"51":{"loc":{"start":{"line":576,"column":15},"end":{"line":684,"column":15}},"type":"binary-expr","locations":[{"start":{"line":576,"column":15},"end":{"line":576,"column":42}},{"start":{"line":577,"column":16},"end":{"line":683,"column":22}}],"line":576},"52":{"loc":{"start":{"line":608,"column":62},"end":{"line":608,"column":165}},"type":"cond-expr","locations":[{"start":{"line":608,"column":75},"end":{"line":608,"column":121}},{"start":{"line":608,"column":124},"end":{"line":608,"column":165}}],"line":608},"53":{"loc":{"start":{"line":618,"column":19},"end":{"line":624,"column":19}},"type":"binary-expr","locations":[{"start":{"line":618,"column":19},"end":{"line":618,"column":45}},{"start":{"line":618,"column":49},"end":{"line":618,"column":78}},{"start":{"line":619,"column":20},"end":{"line":623,"column":26}}],"line":618},"54":{"loc":{"start":{"line":627,"column":19},"end":{"line":639,"column":19}},"type":"binary-expr","locations":[{"start":{"line":627,"column":19},"end":{"line":627,"column":45}},{"start":{"line":627,"column":49},"end":{"line":627,"column":75}},{"start":{"line":628,"column":20},"end":{"line":638,"column":26}}],"line":627},"55":{"loc":{"start":{"line":642,"column":19},"end":{"line":663,"column":19}},"type":"binary-expr","locations":[{"start":{"line":642,"column":19},"end":{"line":642,"column":48}},{"start":{"line":642,"column":52},"end":{"line":642,"column":75}},{"start":{"line":643,"column":20},"end":{"line":662,"column":26}}],"line":642},"56":{"loc":{"start":{"line":666,"column":19},"end":{"line":677,"column":19}},"type":"binary-expr","locations":[{"start":{"line":666,"column":19},"end":{"line":666,"column":47}},{"start":{"line":667,"column":20},"end":{"line":676,"column":26}}],"line":666},"57":{"loc":{"start":{"line":687,"column":13},"end":{"line":698,"column":13}},"type":"binary-expr","locations":[{"start":{"line":687,"column":13},"end":{"line":687,"column":40}},{"start":{"line":688,"column":14},"end":{"line":697,"column":20}}],"line":687},"58":{"loc":{"start":{"line":714,"column":15},"end":{"line":714,"column":75}},"type":"binary-expr","locations":[{"start":{"line":714,"column":15},"end":{"line":714,"column":26}},{"start":{"line":714,"column":30},"end":{"line":714,"column":75}}],"line":714},"59":{"loc":{"start":{"line":723,"column":17},"end":{"line":731,"column":17}},"type":"binary-expr","locations":[{"start":{"line":723,"column":17},"end":{"line":723,"column":34}},{"start":{"line":724,"column":18},"end":{"line":730,"column":21}}],"line":723},"60":{"loc":{"start":{"line":728,"column":23},"end":{"line":728,"column":130}},"type":"cond-expr","locations":[{"start":{"line":728,"column":46},"end":{"line":728,"column":59}},{"start":{"line":728,"column":62},"end":{"line":728,"column":130}}],"line":728},"61":{"loc":{"start":{"line":728,"column":62},"end":{"line":728,"column":130}},"type":"cond-expr","locations":[{"start":{"line":728,"column":85},"end":{"line":728,"column":93}},{"start":{"line":728,"column":96},"end":{"line":728,"column":130}}],"line":728},"62":{"loc":{"start":{"line":728,"column":96},"end":{"line":728,"column":130}},"type":"cond-expr","locations":[{"start":{"line":728,"column":117},"end":{"line":728,"column":125}},{"start":{"line":728,"column":128},"end":{"line":728,"column":130}}],"line":728},"63":{"loc":{"start":{"line":732,"column":17},"end":{"line":734,"column":17}},"type":"binary-expr","locations":[{"start":{"line":732,"column":17},"end":{"line":732,"column":38}},{"start":{"line":733,"column":18},"end":{"line":733,"column":73}}],"line":732},"64":{"loc":{"start":{"line":735,"column":17},"end":{"line":739,"column":17}},"type":"binary-expr","locations":[{"start":{"line":735,"column":17},"end":{"line":735,"column":25}},{"start":{"line":736,"column":18},"end":{"line":738,"column":27}}],"line":735},"65":{"loc":{"start":{"line":744,"column":15},"end":{"line":750,"column":15}},"type":"binary-expr","locations":[{"start":{"line":744,"column":15},"end":{"line":744,"column":32}},{"start":{"line":745,"column":16},"end":{"line":749,"column":22}}],"line":744},"66":{"loc":{"start":{"line":752,"column":15},"end":{"line":757,"column":15}},"type":"binary-expr","locations":[{"start":{"line":752,"column":15},"end":{"line":752,"column":35}},{"start":{"line":753,"column":16},"end":{"line":756,"column":22}}],"line":752},"67":{"loc":{"start":{"line":759,"column":15},"end":{"line":826,"column":15}},"type":"binary-expr","locations":[{"start":{"line":759,"column":15},"end":{"line":759,"column":23}},{"start":{"line":759,"column":27},"end":{"line":759,"column":47}},{"start":{"line":760,"column":16},"end":{"line":825,"column":22}}],"line":759},"68":{"loc":{"start":{"line":761,"column":63},"end":{"line":761,"column":105}},"type":"cond-expr","locations":[{"start":{"line":761,"column":86},"end":{"line":761,"column":95}},{"start":{"line":761,"column":98},"end":{"line":761,"column":105}}],"line":761},"69":{"loc":{"start":{"line":762,"column":21},"end":{"line":762,"column":93}},"type":"cond-expr","locations":[{"start":{"line":762,"column":44},"end":{"line":762,"column":69}},{"start":{"line":762,"column":72},"end":{"line":762,"column":93}}],"line":762},"70":{"loc":{"start":{"line":763,"column":27},"end":{"line":763,"column":78}},"type":"cond-expr","locations":[{"start":{"line":763,"column":50},"end":{"line":763,"column":67}},{"start":{"line":763,"column":70},"end":{"line":763,"column":78}}],"line":763},"71":{"loc":{"start":{"line":764,"column":21},"end":{"line":764,"column":99}},"type":"binary-expr","locations":[{"start":{"line":764,"column":21},"end":{"line":764,"column":42}},{"start":{"line":764,"column":46},"end":{"line":764,"column":99}}],"line":764},"72":{"loc":{"start":{"line":767,"column":19},"end":{"line":801,"column":22}},"type":"binary-expr","locations":[{"start":{"line":767,"column":19},"end":{"line":767,"column":37}},{"start":{"line":767,"column":41},"end":{"line":801,"column":22}}],"line":767},"73":{"loc":{"start":{"line":768,"column":39},"end":{"line":768,"column":64}},"type":"binary-expr","locations":[{"start":{"line":768,"column":39},"end":{"line":768,"column":59}},{"start":{"line":768,"column":63},"end":{"line":768,"column":64}}],"line":768},"74":{"loc":{"start":{"line":777,"column":60},"end":{"line":777,"column":85}},"type":"binary-expr","locations":[{"start":{"line":777,"column":60},"end":{"line":777,"column":71}},{"start":{"line":777,"column":75},"end":{"line":777,"column":85}}],"line":777},"75":{"loc":{"start":{"line":787,"column":25},"end":{"line":798,"column":25}},"type":"binary-expr","locations":[{"start":{"line":787,"column":25},"end":{"line":787,"column":43}},{"start":{"line":788,"column":26},"end":{"line":797,"column":32}}],"line":787},"76":{"loc":{"start":{"line":803,"column":19},"end":{"line":822,"column":22}},"type":"binary-expr","locations":[{"start":{"line":803,"column":19},"end":{"line":803,"column":39}},{"start":{"line":803,"column":43},"end":{"line":822,"column":22}}],"line":803},"77":{"loc":{"start":{"line":805,"column":20},"end":{"line":820,"column":21}},"type":"if","locations":[{"start":{"line":805,"column":20},"end":{"line":820,"column":21}},{"start":{},"end":{}}],"line":805},"78":{"loc":{"start":{"line":812,"column":31},"end":{"line":812,"column":112}},"type":"binary-expr","locations":[{"start":{"line":812,"column":31},"end":{"line":812,"column":54}},{"start":{"line":812,"column":58},"end":{"line":812,"column":112}}],"line":812},"79":{"loc":{"start":{"line":828,"column":15},"end":{"line":833,"column":15}},"type":"binary-expr","locations":[{"start":{"line":828,"column":15},"end":{"line":828,"column":30}},{"start":{"line":828,"column":34},"end":{"line":828,"column":54}},{"start":{"line":829,"column":16},"end":{"line":832,"column":26}}],"line":828}},"s":{"0":0,"1":0,"2":0,"3":0,"4":0,"5":0,"6":0,"7":0,"8":0,"9":0,"10":0,"11":0,"12":0,"13":0,"14":0,"15":0,"16":0,"17":0,"18":0,"19":0,"20":0,"21":0,"22":0,"23":0,"24":0,"25":0,"26":0,"27":0,"28":0,"29":0,"30":0,"31":0,"32":0,"33":0,"34":0,"35":0,"36":0,"37":0,"38":0,"39":0,"40":0,"41":0,"42":0,"43":0,"44":0,"45":0,"46":0,"47":0,"48":0,"49":0,"50":0,"51":0,"52":0,"53":0,"54":0,"55":0,"56":0,"57":0,"58":0,"59":0,"60":0,"61":0,"62":0,"63":0,"64":0,"65":0,"66":0,"67":0,"68":0,"69":0,"70":0,"71":0,"72":0,"73":0,"74":0,"75":0,"76":0,"77":0,"78":0,"79":0,"80":0,"81":0,"82":0,"83":0,"84":0,"85":0,"86":0,"87":0,"88":0,"89":0,"90":0,"91":0,"92":0,"93":0,"94":0,"95":0,"96":0,"97":0,"98":0,"99":0,"100":0,"101":0,"102":0,"103":0,"104":0,"105":0,"106":0,"107":0,"108":0,"109":0,"110":0,"111":0,"112":0,"113":0,"114":0,"115":0,"116":0,"117":0,"118":0,"119":0,"120":0,"121":0,"122":0,"123":0,"124":0,"125":0,"126":0,"127":0,"128":0,"129":0,"130":0,"131":0,"132":0,"133":0,"134":0,"135":0,"136":0,"137":0,"138":0,"139":0,"140":0,"141":0,"142":0,"143":0,"144":0,"145":0,"146":0,"147":0,"148":0,"149":0,"150":0,"151":0,"152":0,"153":0,"154":0,"155":0,"156":0,"157":0,"158":0,"159":0,"160":0,"161":0,"162":0},"f":{"0":0,"1":0,"2":0,"3":0,"4":0,"5":0,"6":0,"7":0,"8":0,"9":0,"10":0,"11":0,"12":0,"13":0,"14":0,"15":0,"16":0,"17":0,"18":0,"19":0,"20":0,"21":0,"22":0,"23":0,"24":0,"25":0,"26":0,"27":0,"28":0,"29":0,"30":0,"31":0,"32":0,"33":0,"34":0,"35":0,"36":0,"37":0,"38":0,"39":0,"40":0,"41":0},"b":{"0":[0,0],"1":[0,0],"2":[0,0],"3":[0,0],"4":[0,0],"5":[0,0],"6":[0,0],"7":[0,0],"8":[0,0],"9":[0,0],"10":[0,0],"11":[0,0],"12":[0,0],"13":[0,0],"14":[0,0],"15":[0,0],"16":[0,0],"17":[0,0],"18":[0,0],"19":[0,0],"20":[0,0],"21":[0,0],"22":[0,0],"23":[0,0],"24":[0,0],"25":[0,0],"26":[0,0],"27":[0,0],"28":[0,0],"29":[0,0],"30":[0,0,0],"31":[0,0],"32":[0,0],"33":[0,0],"34":[0,0],"35":[0,0],"36":[0,0],"37":[0,0],"38":[0,0],"39":[0,0],"40":[0,0],"41":[0,0],"42":[0,0],"43":[0,0],"44":[0,0],"45":[0,0],"46":[0,0],"47":[0,0],"48":[0,0],"49":[0,0],"50":[0,0],"51":[0,0],"52":[0,0],"53":[0,0,0],"54":[0,0,0],"55":[0,0,0],"56":[0,0],"57":[0,0],"58":[0,0],"59":[0,0],"60":[0,0],"61":[0,0],"62":[0,0],"63":[0,0],"64":[0,0],"65":[0,0],"66":[0,0],"67":[0,0,0],"68":[0,0],"69":[0,0],"70":[0,0],"71":[0,0],"72":[0,0],"73":[0,0],"74":[0,0],"75":[0,0],"76":[0,0],"77":[0,0],"78":[0,0],"79":[0,0,0]}}
,"/Users/mohamedboujelbane/Desktop/ACS/frontend/src/pages/AuditLogs.js": {"path":"/Users/mohamedboujelbane/Desktop/ACS/frontend/src/pages/AuditLogs.js","statementMap":{"0":{"start":{"line":7,"column":22},"end":{"line":46,"column":1}},"1":{"start":{"line":48,"column":22},"end":{"line":87,"column":1}},"2":{"start":{"line":89,"column":18},"end":{"line":292,"column":1}},"3":{"start":{"line":90,"column":19},"end":{"line":90,"column":28}},"4":{"start":{"line":91,"column":26},"end":{"line":91,"column":38}},"5":{"start":{"line":92,"column":32},"end":{"line":92,"column":46}},"6":{"start":{"line":93,"column":32},"end":{"line":93,"column":44}},"7":{"start":{"line":94,"column":32},"end":{"line":100,"column":4}},"8":{"start":{"line":101,"column":38},"end":{"line":101,"column":82}},"9":{"start":{"line":103,"column":18},"end":{"line":103,"column":46}},"10":{"start":{"line":105,"column":2},"end":{"line":109,"column":16}},"11":{"start":{"line":106,"column":4},"end":{"line":108,"column":5}},"12":{"start":{"line":107,"column":6},"end":{"line":107,"column":94}},"13":{"start":{"line":107,"column":47},"end":{"line":107,"column":76}},"14":{"start":{"line":111,"column":20},"end":{"line":129,"column":3}},"15":{"start":{"line":112,"column":4},"end":{"line":112,"column":21}},"16":{"start":{"line":113,"column":4},"end":{"line":128,"column":5}},"17":{"start":{"line":114,"column":21},"end":{"line":114,"column":75}},"18":{"start":{"line":115,"column":6},"end":{"line":115,"column":57}},"19":{"start":{"line":115,"column":26},"end":{"line":115,"column":57}},"20":{"start":{"line":116,"column":6},"end":{"line":116,"column":63}},"21":{"start":{"line":116,"column":28},"end":{"line":116,"column":63}},"22":{"start":{"line":117,"column":6},"end":{"line":117,"column":63}},"23":{"start":{"line":117,"column":28},"end":{"line":117,"column":63}},"24":{"start":{"line":118,"column":6},"end":{"line":118,"column":63}},"25":{"start":{"line":118,"column":28},"end":{"line":118,"column":63}},"26":{"start":{"line":119,"column":6},"end":{"line":119,"column":57}},"27":{"start":{"line":119,"column":26},"end":{"line":119,"column":57}},"28":{"start":{"line":121,"column":23},"end":{"line":121,"column":63}},"29":{"start":{"line":122,"column":6},"end":{"line":122,"column":40}},"30":{"start":{"line":123,"column":6},"end":{"line":123,"column":76}},"31":{"start":{"line":123,"column":29},"end":{"line":123,"column":73}},"32":{"start":{"line":125,"column":6},"end":{"line":125,"column":57}},"33":{"start":{"line":127,"column":6},"end":{"line":127,"column":24}},"34":{"start":{"line":131,"column":2},"end":{"line":133,"column":26}},"35":{"start":{"line":132,"column":4},"end":{"line":132,"column":16}},"36":{"start":{"line":135,"column":23},"end":{"line":138,"column":3}},"37":{"start":{"line":136,"column":4},"end":{"line":136,"column":52}},"38":{"start":{"line":136,"column":27},"end":{"line":136,"column":49}},"39":{"start":{"line":137,"column":4},"end":{"line":137,"column":16}},"40":{"start":{"line":140,"column":23},"end":{"line":143,"column":3}},"41":{"start":{"line":141,"column":4},"end":{"line":141,"column":85}},"42":{"start":{"line":142,"column":4},"end":{"line":142,"column":52}},"43":{"start":{"line":142,"column":27},"end":{"line":142,"column":49}},"44":{"start":{"line":145,"column":21},"end":{"line":145,"column":80}},"45":{"start":{"line":146,"column":22},"end":{"line":146,"column":74}},"46":{"start":{"line":148,"column":2},"end":{"line":291,"column":4}},"47":{"start":{"line":161,"column":58},"end":{"line":161,"column":106}},"48":{"start":{"line":164,"column":16},"end":{"line":164,"column":74}},"49":{"start":{"line":174,"column":29},"end":{"line":174,"column":79}},"50":{"start":{"line":178,"column":60},"end":{"line":178,"column":110}},"51":{"start":{"line":185,"column":71},"end":{"line":185,"column":121}},"52":{"start":{"line":187,"column":69},"end":{"line":187,"column":117}},"53":{"start":{"line":221,"column":20},"end":{"line":248,"column":25}},"54":{"start":{"line":259,"column":31},"end":{"line":259,"column":78}},"55":{"start":{"line":259,"column":54},"end":{"line":259,"column":76}},"56":{"start":{"line":266,"column":31},"end":{"line":266,"column":114}},"57":{"start":{"line":266,"column":54},"end":{"line":266,"column":112}},"58":{"start":{"line":274,"column":31},"end":{"line":274,"column":101}},"59":{"start":{"line":274,"column":54},"end":{"line":274,"column":99}},"60":{"start":{"line":281,"column":31},"end":{"line":281,"column":117}},"61":{"start":{"line":281,"column":54},"end":{"line":281,"column":115}}},"fnMap":{"0":{"name":"(anonymous_0)","decl":{"start":{"line":89,"column":18},"end":{"line":89,"column":19}},"loc":{"start":{"line":89,"column":24},"end":{"line":292,"column":1}},"line":89},"1":{"name":"(anonymous_1)","decl":{"start":{"line":105,"column":12},"end":{"line":105,"column":13}},"loc":{"start":{"line":105,"column":18},"end":{"line":109,"column":3}},"line":105},"2":{"name":"(anonymous_2)","decl":{"start":{"line":107,"column":42},"end":{"line":107,"column":43}},"loc":{"start":{"line":107,"column":47},"end":{"line":107,"column":76}},"line":107},"3":{"name":"(anonymous_3)","decl":{"start":{"line":107,"column":84},"end":{"line":107,"column":85}},"loc":{"start":{"line":107,"column":90},"end":{"line":107,"column":92}},"line":107},"4":{"name":"(anonymous_4)","decl":{"start":{"line":111,"column":20},"end":{"line":111,"column":21}},"loc":{"start":{"line":111,"column":32},"end":{"line":129,"column":3}},"line":111},"5":{"name":"(anonymous_5)","decl":{"start":{"line":123,"column":20},"end":{"line":123,"column":21}},"loc":{"start":{"line":123,"column":29},"end":{"line":123,"column":73}},"line":123},"6":{"name":"(anonymous_6)","decl":{"start":{"line":131,"column":12},"end":{"line":131,"column":13}},"loc":{"start":{"line":131,"column":18},"end":{"line":133,"column":3}},"line":131},"7":{"name":"(anonymous_7)","decl":{"start":{"line":135,"column":23},"end":{"line":135,"column":24}},"loc":{"start":{"line":135,"column":29},"end":{"line":138,"column":3}},"line":135},"8":{"name":"(anonymous_8)","decl":{"start":{"line":136,"column":18},"end":{"line":136,"column":19}},"loc":{"start":{"line":136,"column":27},"end":{"line":136,"column":49}},"line":136},"9":{"name":"(anonymous_9)","decl":{"start":{"line":140,"column":23},"end":{"line":140,"column":24}},"loc":{"start":{"line":140,"column":29},"end":{"line":143,"column":3}},"line":140},"10":{"name":"(anonymous_10)","decl":{"start":{"line":142,"column":18},"end":{"line":142,"column":19}},"loc":{"start":{"line":142,"column":27},"end":{"line":142,"column":49}},"line":142},"11":{"name":"(anonymous_11)","decl":{"start":{"line":161,"column":53},"end":{"line":161,"column":54}},"loc":{"start":{"line":161,"column":58},"end":{"line":161,"column":106}},"line":161},"12":{"name":"(anonymous_12)","decl":{"start":{"line":163,"column":27},"end":{"line":163,"column":28}},"loc":{"start":{"line":164,"column":16},"end":{"line":164,"column":74}},"line":164},"13":{"name":"(anonymous_13)","decl":{"start":{"line":174,"column":24},"end":{"line":174,"column":25}},"loc":{"start":{"line":174,"column":29},"end":{"line":174,"column":79}},"line":174},"14":{"name":"(anonymous_14)","decl":{"start":{"line":178,"column":55},"end":{"line":178,"column":56}},"loc":{"start":{"line":178,"column":60},"end":{"line":178,"column":110}},"line":178},"15":{"name":"(anonymous_15)","decl":{"start":{"line":185,"column":66},"end":{"line":185,"column":67}},"loc":{"start":{"line":185,"column":71},"end":{"line":185,"column":121}},"line":185},"16":{"name":"(anonymous_16)","decl":{"start":{"line":187,"column":64},"end":{"line":187,"column":65}},"loc":{"start":{"line":187,"column":69},"end":{"line":187,"column":117}},"line":187},"17":{"name":"(anonymous_17)","decl":{"start":{"line":220,"column":27},"end":{"line":220,"column":28}},"loc":{"start":{"line":221,"column":20},"end":{"line":248,"column":25}},"line":221},"18":{"name":"(anonymous_18)","decl":{"start":{"line":259,"column":25},"end":{"line":259,"column":26}},"loc":{"start":{"line":259,"column":31},"end":{"line":259,"column":78}},"line":259},"19":{"name":"(anonymous_19)","decl":{"start":{"line":259,"column":45},"end":{"line":259,"column":46}},"loc":{"start":{"line":259,"column":54},"end":{"line":259,"column":76}},"line":259},"20":{"name":"(anonymous_20)","decl":{"start":{"line":266,"column":25},"end":{"line":266,"column":26}},"loc":{"start":{"line":266,"column":31},"end":{"line":266,"column":114}},"line":266},"21":{"name":"(anonymous_21)","decl":{"start":{"line":266,"column":45},"end":{"line":266,"column":46}},"loc":{"start":{"line":266,"column":54},"end":{"line":266,"column":112}},"line":266},"22":{"name":"(anonymous_22)","decl":{"start":{"line":274,"column":25},"end":{"line":274,"column":26}},"loc":{"start":{"line":274,"column":31},"end":{"line":274,"column":101}},"line":274},"23":{"name":"(anonymous_23)","decl":{"start":{"line":274,"column":45},"end":{"line":274,"column":46}},"loc":{"start":{"line":274,"column":54},"end":{"line":274,"column":99}},"line":274},"24":{"name":"(anonymous_24)","decl":{"start":{"line":281,"column":25},"end":{"line":281,"column":26}},"loc":{"start":{"line":281,"column":31},"end":{"line":281,"column":117}},"line":281},"25":{"name":"(anonymous_25)","decl":{"start":{"line":281,"column":45},"end":{"line":281,"column":46}},"loc":{"start":{"line":281,"column":54},"end":{"line":281,"column":115}},"line":281}},"branchMap":{"0":{"loc":{"start":{"line":106,"column":4},"end":{"line":108,"column":5}},"type":"if","locations":[{"start":{"line":106,"column":4},"end":{"line":108,"column":5}},{"start":{},"end":{}}],"line":106},"1":{"loc":{"start":{"line":107,"column":58},"end":{"line":107,"column":75}},"type":"binary-expr","locations":[{"start":{"line":107,"column":58},"end":{"line":107,"column":69}},{"start":{"line":107,"column":73},"end":{"line":107,"column":75}}],"line":107},"2":{"loc":{"start":{"line":115,"column":6},"end":{"line":115,"column":57}},"type":"if","locations":[{"start":{"line":115,"column":6},"end":{"line":115,"column":57}},{"start":{},"end":{}}],"line":115},"3":{"loc":{"start":{"line":116,"column":6},"end":{"line":116,"column":63}},"type":"if","locations":[{"start":{"line":116,"column":6},"end":{"line":116,"column":63}},{"start":{},"end":{}}],"line":116},"4":{"loc":{"start":{"line":117,"column":6},"end":{"line":117,"column":63}},"type":"if","locations":[{"start":{"line":117,"column":6},"end":{"line":117,"column":63}},{"start":{},"end":{}}],"line":117},"5":{"loc":{"start":{"line":118,"column":6},"end":{"line":118,"column":63}},"type":"if","locations":[{"start":{"line":118,"column":6},"end":{"line":118,"column":63}},{"start":{},"end":{}}],"line":118},"6":{"loc":{"start":{"line":119,"column":6},"end":{"line":119,"column":57}},"type":"if","locations":[{"start":{"line":119,"column":6},"end":{"line":119,"column":57}},{"start":{},"end":{}}],"line":119},"7":{"loc":{"start":{"line":122,"column":14},"end":{"line":122,"column":38}},"type":"binary-expr","locations":[{"start":{"line":122,"column":14},"end":{"line":122,"column":32}},{"start":{"line":122,"column":36},"end":{"line":122,"column":38}}],"line":122},"8":{"loc":{"start":{"line":123,"column":47},"end":{"line":123,"column":71}},"type":"binary-expr","locations":[{"start":{"line":123,"column":47},"end":{"line":123,"column":66}},{"start":{"line":123,"column":70},"end":{"line":123,"column":71}}],"line":123},"9":{"loc":{"start":{"line":157,"column":7},"end":{"line":192,"column":7}},"type":"binary-expr","locations":[{"start":{"line":157,"column":7},"end":{"line":157,"column":14}},{"start":{"line":158,"column":8},"end":{"line":191,"column":14}}],"line":157},"10":{"loc":{"start":{"line":164,"column":43},"end":{"line":164,"column":64}},"type":"binary-expr","locations":[{"start":{"line":164,"column":43},"end":{"line":164,"column":59}},{"start":{"line":164,"column":63},"end":{"line":164,"column":64}}],"line":164},"11":{"loc":{"start":{"line":194,"column":7},"end":{"line":289,"column":7}},"type":"cond-expr","locations":[{"start":{"line":195,"column":8},"end":{"line":195,"column":93}},{"start":{"line":197,"column":8},"end":{"line":288,"column":11}}],"line":194},"12":{"loc":{"start":{"line":212,"column":17},"end":{"line":250,"column":17}},"type":"cond-expr","locations":[{"start":{"line":213,"column":18},"end":{"line":218,"column":23}},{"start":{"line":220,"column":18},"end":{"line":249,"column":20}}],"line":212},"13":{"loc":{"start":{"line":228,"column":35},"end":{"line":228,"column":55}},"type":"binary-expr","locations":[{"start":{"line":228,"column":35},"end":{"line":228,"column":48}},{"start":{"line":228,"column":52},"end":{"line":228,"column":55}}],"line":228},"14":{"loc":{"start":{"line":230,"column":50},"end":{"line":230,"column":115}},"type":"cond-expr","locations":[{"start":{"line":230,"column":85},"end":{"line":230,"column":97}},{"start":{"line":230,"column":100},"end":{"line":230,"column":115}}],"line":230},"15":{"loc":{"start":{"line":231,"column":27},"end":{"line":231,"column":80}},"type":"cond-expr","locations":[{"start":{"line":231,"column":62},"end":{"line":231,"column":69}},{"start":{"line":231,"column":72},"end":{"line":231,"column":80}}],"line":231},"16":{"loc":{"start":{"line":235,"column":50},"end":{"line":235,"column":92}},"type":"binary-expr","locations":[{"start":{"line":235,"column":50},"end":{"line":235,"column":76}},{"start":{"line":235,"column":80},"end":{"line":235,"column":92}}],"line":235},"17":{"loc":{"start":{"line":236,"column":27},"end":{"line":236,"column":68}},"type":"binary-expr","locations":[{"start":{"line":236,"column":27},"end":{"line":236,"column":53}},{"start":{"line":236,"column":57},"end":{"line":236,"column":68}}],"line":236},"18":{"loc":{"start":{"line":239,"column":27},"end":{"line":239,"column":48}},"type":"binary-expr","locations":[{"start":{"line":239,"column":27},"end":{"line":239,"column":41}},{"start":{"line":239,"column":45},"end":{"line":239,"column":48}}],"line":239},"19":{"loc":{"start":{"line":240,"column":47},"end":{"line":240,"column":69}},"type":"binary-expr","locations":[{"start":{"line":240,"column":47},"end":{"line":240,"column":62}},{"start":{"line":240,"column":66},"end":{"line":240,"column":69}}],"line":240},"20":{"loc":{"start":{"line":242,"column":25},"end":{"line":246,"column":25}},"type":"binary
[...]
:"(anonymous_14)","decl":{"start":{"line":180,"column":64},"end":{"line":180,"column":65}},"loc":{"start":{"line":180,"column":70},"end":{"line":180,"column":91}},"line":180},"15":{"name":"(anonymous_15)","decl":{"start":{"line":196,"column":50},"end":{"line":196,"column":51}},"loc":{"start":{"line":196,"column":57},"end":{"line":196,"column":76}},"line":196},"16":{"name":"(anonymous_16)","decl":{"start":{"line":204,"column":28},"end":{"line":204,"column":29}},"loc":{"start":{"line":204,"column":35},"end":{"line":204,"column":87}},"line":204},"17":{"name":"(anonymous_17)","decl":{"start":{"line":215,"column":28},"end":{"line":215,"column":29}},"loc":{"start":{"line":215,"column":35},"end":{"line":215,"column":84}},"line":215},"18":{"name":"(anonymous_18)","decl":{"start":{"line":225,"column":28},"end":{"line":225,"column":29}},"loc":{"start":{"line":225,"column":35},"end":{"line":225,"column":87}},"line":225},"19":{"name":"(anonymous_19)","decl":{"start":{"line":236,"column":32},"end":{"line":236,"column":33}},"loc":{"start":{"line":236,"column":39},"end":{"line":236,"column":87}},"line":236},"20":{"name":"(anonymous_20)","decl":{"start":{"line":247,"column":32},"end":{"line":247,"column":33}},"loc":{"start":{"line":247,"column":39},"end":{"line":247,"column":87}},"line":247},"21":{"name":"(anonymous_21)","decl":{"start":{"line":261,"column":30},"end":{"line":261,"column":31}},"loc":{"start":{"line":261,"column":37},"end":{"line":261,"column":86}},"line":261},"22":{"name":"(anonymous_22)","decl":{"start":{"line":272,"column":30},"end":{"line":272,"column":31}},"loc":{"start":{"line":272,"column":37},"end":{"line":272,"column":87}},"line":272},"23":{"name":"(anonymous_23)","decl":{"start":{"line":276,"column":31},"end":{"line":276,"column":32}},"loc":{"start":{"line":277,"column":22},"end":{"line":277,"column":94}},"line":277},"24":{"name":"(anonymous_24)","decl":{"start":{"line":289,"column":32},"end":{"line":289,"column":33}},"loc":{"start":{"line":289,"column":39},"end":{"line":289,"column":93}},"line":289}},"branchMap":{"0":{"loc":{"start":{"line":34,"column":15},"end":{"line":34,"column":39}},"type":"binary-expr","locations":[{"start":{"line":34,"column":15},"end":{"line":34,"column":33}},{"start":{"line":34,"column":37},"end":{"line":34,"column":39}}],"line":34},"1":{"loc":{"start":{"line":45,"column":15},"end":{"line":45,"column":39}},"type":"binary-expr","locations":[{"start":{"line":45,"column":15},"end":{"line":45,"column":33}},{"start":{"line":45,"column":37},"end":{"line":45,"column":39}}],"line":45},"2":{"loc":{"start":{"line":54,"column":6},"end":{"line":58,"column":7}},"type":"if","locations":[{"start":{"line":54,"column":6},"end":{"line":58,"column":7}},{"start":{"line":56,"column":13},"end":{"line":58,"column":7}}],"line":54},"3":{"loc":{"start":{"line":62,"column":26},"end":{"line":62,"column":72}},"type":"binary-expr","locations":[{"start":{"line":62,"column":26},"end":{"line":62,"column":55}},{"start":{"line":62,"column":59},"end":{"line":62,"column":72}}],"line":62},"4":{"loc":{"start":{"line":73,"column":14},"end":{"line":73,"column":32}},"type":"binary-expr","locations":[{"start":{"line":73,"column":14},"end":{"line":73,"column":26}},{"start":{"line":73,"column":30},"end":{"line":73,"column":32}}],"line":73},"5":{"loc":{"start":{"line":74,"column":13},"end":{"line":74,"column":29}},"type":"binary-expr","locations":[{"start":{"line":74,"column":13},"end":{"line":74,"column":23}},{"start":{"line":74,"column":27},"end":{"line":74,"column":29}}],"line":74},"6":{"loc":{"start":{"line":81,"column":4},"end":{"line":81,"column":63}},"type":"if","locations":[{"start":{"line":81,"column":4},"end":{"line":81,"column":63}},{"start":{},"end":{}}],"line":81},"7":{"loc":{"start":{"line":86,"column":26},"end":{"line":86,"column":72}},"type":"binary-expr","locations":[{"start":{"line":86,"column":26},"end":{"line":86,"column":55}},{"start":{"line":86,"column":59},"end":{"line":86,"column":72}}],"line":86},"8":{"loc":{"start":{"line":105,"column":4},"end":{"line":107,"column":87}},"type":"binary-expr","locations":[{"start":{"line":105,"column":4},"end":{"line":105,"column":66}},{"start":{"line":106,"column":4},"end":{"line":106,"column":63}},{"start":{"line":107,"column":5},"end":{"line":107,"column":19}},{"start":{"line":107,"column":23},"end":{"line":107,"column":86}}],"line":105},"9":{"loc":{"start":{"line":111,"column":4},"end":{"line":113,"column":5}},"type":"if","locations":[{"start":{"line":111,"column":4},"end":{"line":113,"column":5}},{"start":{},"end":{}}],"line":111},"10":{"loc":{"start":{"line":114,"column":4},"end":{"line":116,"column":5}},"type":"if","locations":[{"start":{"line":114,"column":4},"end":{"line":116,"column":5}},{"start":{},"end":{}}],"line":114},"11":{"loc":{"start":{"line":139,"column":7},"end":{"line":192,"column":7}},"type":"cond-expr","locations":[{"start":{"line":140,"column":8},"end":{"line":140,"column":93}},{"start":{"line":142,"column":8},"end":{"line":191,"column":14}}],"line":139},"12":{"loc":{"start":{"line":157,"column":45},"end":{"line":157,"column":78}},"type":"cond-expr","locations":[{"start":{"line":157,"column":63},"end":{"line":157,"column":73}},{"start":{"line":157,"column":76},"end":{"line":157,"column":78}}],"line":157},"13":{"loc":{"start":{"line":166,"column":23},"end":{"line":166,"column":44}},"type":"binary-expr","locations":[{"start":{"line":166,"column":23},"end":{"line":166,"column":37}},{"start":{"line":166,"column":41},"end":{"line":166,"column":44}}],"line":166},"14":{"loc":{"start":{"line":167,"column":23},"end":{"line":167,"column":101}},"type":"cond-expr","locations":[{"start":{"line":167,"column":41},"end":{"line":167,"column":90}},{"start":{"line":167,"column":93},"end":{"line":167,"column":101}}],"line":167},"15":{"loc":{"start":{"line":169,"column":56},"end":{"line":169,"column":94}},"type":"cond-expr","locations":[{"start":{"line":169,"column":73},"end":{"line":169,"column":81}},{"start":{"line":169,"column":84},"end":{"line":169,"column":94}}],"line":169},"16":{"loc":{"start":{"line":170,"column":23},"end":{"line":170,"column":59}},"type":"cond-expr","locations":[{"start":{"line":170,"column":40},"end":{"line":170,"column":47}},{"start":{"line":170,"column":50},"end":{"line":170,"column":59}}],"line":170},"17":{"loc":{"start":{"line":175,"column":23},"end":{"line":184,"column":23}},"type":"binary-expr","locations":[{"start":{"line":175,"column":24},"end":{"line":175,"column":36}},{"start":{"line":175,"column":40},"end":{"line":175,"column":60}},{"start":{"line":176,"column":24},"end":{"line":183,"column":27}}],"line":175},"18":{"loc":{"start":{"line":194,"column":7},"end":{"line":305,"column":7}},"type":"binary-expr","locations":[{"start":{"line":194,"column":7},"end":{"line":194,"column":16}},{"start":{"line":195,"column":8},"end":{"line":304,"column":14}}],"line":194},"19":{"loc":{"start":{"line":197,"column":17},"end":{"line":197,"column":79}},"type":"cond-expr","locations":[{"start":{"line":197,"column":31},"end":{"line":197,"column":56}},{"start":{"line":197,"column":59},"end":{"line":197,"column":79}}],"line":197},"20":{"loc":{"start":{"line":221,"column":24},"end":{"line":221,"column":114}},"type":"cond-expr","locations":[{"start":{"line":221,"column":38},"end":{"line":221,"column":95}},{"start":{"line":221,"column":98},"end":{"line":221,"column":114}}],"line":221},"21":{"loc":{"start":{"line":231,"column":17},"end":{"line":254,"column":17}},"type":"cond-expr","locations":[{"start":{"line":232,"column":18},"end":{"line":241,"column":24}},{"start":{"line":243,"column":18},"end":{"line":253,"column":24}}],"line":231},"22":{"loc":{"start":{"line":267,"column":15},"end":{"line":281,"column":15}},"type":"binary-expr","locations":[{"start":{"line":267,"column":15},"end":{"line":267,"column":27}},{"start":{"line":267,"column":32},"end":{"line":267,"column":56}},{"start":{"line":267,"column":60},"end":{"line":267,"column":90}},{"start":{"line":268,"column":16},"end":{"line":280,"column":22}}],"line":267},"23":{"loc":{"start":{"line":283,"column":15},"end":{"line":294,"column":15}},"type":"binary-expr","locations":[{"start":{"line":283,"column":15},"end":{"line":283,"column":26}},{"start":{"line":284,"column":16},"end":{"line":293,"column":22}}],"line":283},"24":{"loc":{"start":{"line":299,"column":19},"end":{"line":299,"column":53}},"type":"cond-expr","locations":[{"start":{"line":299,"column":33},"end":{"line":299,"column":43}},{"start":{"line":299,"column":46},"end":{"line":299,"column":53}}],"line":299}},"s":{"0":1,"1":14,"2":14,"3":14,"4":14,"5":14,"6":14,"7":14,"8":14,"9":14,"10":14,"11":4,"12":4,"13":14,"14":5,"15":5,"16":5,"17":0,"18":5,"19":14,"20":4,"21":4,"22":4,"23":0,"24":14,"25":1,"26":1,"27":1,"28":0,"29":1,"30":1,"31":1,"32":0,"33":14,"34":0,"35":0,"36":0,"37":14,"38":0,"39":0,"40":0,"41":0,"42":0,"43":0,"44":14,"45":1,"46":1,"47":1,"48":14,"49":30,"50":14,"51":19,"52":6,"53":13,"54":7,"55":6,"56":14,"57":2,"58":2,"59":19,"60":0,"61":0,"62":1,"63":1,"64":0,"65":0,"66":0,"67":0,"68":1,"69":0,"70":5,"71":0},"f":{"0":14,"1":4,"2":5,"3":4,"4":1,"5":0,"6":0,"7":1,"8":30,"9":19,"10":2,"11":2,"12":19,"13":0,"14":0,"15":1,"16":1,"17":0,"18":0,"19":0,"20":0,"21":1,"22":0,"23":5,"24":0},"b":{"0":[5,0],"1":[4,0],"2":[0,1],"3":[0,0],"4":[0,0],"5":[0,0],"6":[0,0],"7":[0,0],"8":[30,11,11,7],"9":[6,13],"10":[7,6],"11":[4,10],"12":[6,13],"13":[19,6],"14":[6,13],"15":[13,6],"16":[13,6],"17":[19,0,19],"18":[14,5],"19":[0,5],"20":[0,5],"21":[0,5],"22":[5,5,0,5],"23":[5,0],"24":[0,5]},"_coverageSchema":"1a1c01bbd47fc00a2c39e90264f33305004495a9","hash":"fe4de959c8a0d9f2f32b397c8bcdac83db409ca6"}
,"/Users/mohamedboujelbane/Desktop/ACS/frontend/src/services/api.js": {"path":"/Users/mohamedboujelbane/Desktop/ACS/frontend/src/services/api.js","statementMap":{"0":{"start":{"line":3,"column":16},"end":{"line":3,"column":76}},"1":{"start":{"line":5,"column":12},"end":{"line":10,"column":2}},"2":{"start":{"line":12,"column":0},"end":{"line":21,"column":2}},"3":{"start":{"line":14,"column":18},"end":{"line":14,"column":47}},"4":{"start":{"line":15,"column":4},"end":{"line":17,"column":5}},"5":{"start":{"line":16,"column":6},"end":{"line":16,"column":55}},"6":{"start":{"line":18,"column":4},"end":{"line":18,"column":18}},"7":{"start":{"line":20,"column":13},"end":{"line":20,"column":34}},"8":{"start":{"line":23,"column":0},"end":{"line":39,"column":2}},"9":{"start":{"line":25,"column":4},"end":{"line":27,"column":5}},"10":{"start":{"line":26,"column":6},"end":{"line":26,"column":59}},"11":{"start":{"line":28,"column":4},"end":{"line":28,"column":20}},"12":{"start":{"line":31,"column":4},"end":{"line":36,"column":5}},"13":{"start":{"line":32,"column":6},"end":{"line":32,"column":39}},"14":{"start":{"line":33,"column":6},"end":{"line":33,"column":38}},"15":{"start":{"line":34,"column":6},"end":{"line":34,"column":54}},"16":{"start":{"line":35,"column":6},"end":{"line":35,"column":38}},"17":{"start":{"line":37,"column":4},"end":{"line":37,"column":33}},"18":{"start":{"line":41,"column":23},"end":{"line":46,"column":1}},"19":{"start":{"line":42,"column":26},"end":{"line":42,"column":62}},"20":{"start":{"line":43,"column":26},"end":{"line":43,"column":62}},"21":{"start":{"line":44,"column":15},"end":{"line":44,"column":34}},"22":{"start":{"line":45,"column":33},"end":{"line":45,"column":76}},"23":{"start":{"line":48,"column":24},"end":{"line":55,"column":1}},"24":{"start":{"line":49,"column":16},"end":{"line":49,"column":33}},"25":{"start":{"line":50,"column":18},"end":{"line":50,"column":41}},"26":{"start":{"line":51,"column":24},"end":{"line":51,"column":52}},"27":{"start":{"line":52,"column":28},"end":{"line":52,"column":61}},"28":{"start":{"line":53,"column":18},"end":{"line":53,"column":44}},"29":{"start":{"line":54,"column":20},"end":{"line":54,"column":54}},"30":{"start":{"line":57,"column":29},"end":{"line":71,"column":1}},"31":{"start":{"line":58,"column":24},"end":{"line":58,"column":65}},"32":{"start":{"line":59,"column":28},"end":{"line":61,"column":4}},"33":{"start":{"line":62,"column":28},"end":{"line":62,"column":70}},"34":{"start":{"line":63,"column":45},"end":{"line":63,"column":120}},"35":{"start":{"line":64,"column":23},"end":{"line":64,"column":62}},"36":{"start":{"line":65,"column":36},"end":{"line":65,"column":106}},"37":{"start":{"line":66,"column":28},"end":{"line":66,"column":74}},"38":{"start":{"line":67,"column":35},"end":{"line":67,"column":80}},"39":{"start":{"line":68,"column":34},"end":{"line":68,"column":78}},"40":{"start":{"line":69,"column":26},"end":{"line":69,"column":83}},"41":{"start":{"line":70,"column":29},"end":{"line":70,"column":67}},"42":{"start":{"line":73,"column":28},"end":{"line":77,"column":1}},"43":{"start":{"line":74,"column":18},"end":{"line":74,"column":45}},"44":{"start":{"line":75,"column":29},"end":{"line":75,"column":68}},"45":{"start":{"line":76,"column":31},"end":{"line":76,"column":90}}},"fnMap":{"0":{"name":"(anonymous_0)","decl":{"start":{"line":13,"column":2},"end":{"line":13,"column":3}},"loc":{"start":{"line":13,"column":14},"end":{"line":19,"column":3}},"line":13},"1":{"name":"(anonymous_1)","decl":{"start":{"line":20,"column":2},"end":{"line":20,"column":3}},"loc":{"start":{"line":20,"column":13},"end":{"line":20,"column":34}},"line":20},"2":{"name":"(anonymous_2)","decl":{"start":{"line":24,"column":2},"end":{"line":24,"column":3}},"loc":{"start":{"line":24,"column":16},"end":{"line":29,"column":3}},"line":24},"3":{"name":"(anonymous_3)","decl":{"start":{"line":30,"column":2},"end":{"line":30,"column":3}},"loc":{"start":{"line":30,"column":13},"end":{"line":38,"column":3}},"line":30},"4":{"name":"(anonymous_4)","decl":{"start":{"line":42,"column":9},"end":{"line":42,"column":10}},"loc":{"start":{"line":42,"column":26},"end":{"line":42,"column":62}},"line":42},"5":{"name":"(anonymous_5)","decl":{"start":{"line":43,"column":12},"end":{"line":43,"column":13}},"loc":{"start":{"line":43,"column":26},"end":{"line":43,"column":62}},"line":43},"6":{"name":"(anonymous_6)","decl":{"start":{"line":44,"column":9},"end":{"line":44,"column":10}},"loc":{"start":{"line":44,"column":15},"end":{"line":44,"column":34}},"line":44},"7":{"name":"(anonymous_7)","decl":{"start":{"line":45,"column":18},"end":{"line":45,"column":19}},"loc":{"start":{"line":45,"column":33},"end":{"line":45,"column":76}},"line":45},"8":{"name":"(anonymous_8)","decl":{"start":{"line":49,"column":10},"end":{"line":49,"column":11}},"loc":{"start":{"line":49,"column":16},"end":{"line":49,"column":33}},"line":49},"9":{"name":"(anonymous_9)","decl":{"start":{"line":50,"column":10},"end":{"line":50,"column":11}},"loc":{"start":{"line":50,"column":18},"end":{"line":50,"column":41}},"line":50},"10":{"name":"(anonymous_10)","decl":{"start":{"line":51,"column":10},"end":{"line":51,"column":11}},"loc":{"start":{"line":51,"column":24},"end":{"line":51,"column":52}},"line":51},"11":{"name":"(anonymous_11)","decl":{"start":{"line":52,"column":10},"end":{"line":52,"column":11}},"loc":{"start":{"line":52,"column":28},"end":{"line":52,"column":61}},"line":52},"12":{"name":"(anonymous_12)","decl":{"start":{"line":53,"column":10},"end":{"line":53,"column":11}},"loc":{"start":{"line":53,"column":18},"end":{"line":53,"column":44}},"line":53},"13":{"name":"(anonymous_13)","decl":{"start":{"line":54,"column":12},"end":{"line":54,"column":13}},"loc":{"start":{"line":54,"column":20},"end":{"line":54,"column":54}},"line":54},"14":{"name":"(anonymous_14)","decl":{"start":{"line":58,"column":14},"end":{"line":58,"column":15}},"loc":{"start":{"line":58,"column":24},"end":{"line":58,"column":65}},"line":58},"15":{"name":"(anonymous_15)","decl":{"start":{"line":59,"column":14},"end":{"line":59,"column":15}},"loc":{"start":{"line":59,"column":28},"end":{"line":61,"column":4}},"line":59},"16":{"name":"(anonymous_16)","decl":{"start":{"line":62,"column":13},"end":{"line":62,"column":14}},"loc":{"start":{"line":62,"column":28},"end":{"line":62,"column":70}},"line":62},"17":{"name":"(anonymous_17)","decl":{"start":{"line":63,"column":16},"end":{"line":63,"column":17}},"loc":{"start":{"line":63,"column":45},"end":{"line":63,"column":120}},"line":63},"18":{"name":"(anonymous_18)","decl":{"start":{"line":64,"column":11},"end":{"line":64,"column":12}},"loc":{"start":{"line":64,"column":23},"end":{"line":64,"column":62}},"line":64},"19":{"name":"(anonymous_19)","decl":{"start":{"line":65,"column":21},"end":{"line":65,"column":22}},"loc":{"start":{"line":65,"column":36},"end":{"line":65,"column":106}},"line":65},"20":{"name":"(anonymous_20)","decl":{"start":{"line":66,"column":13},"end":{"line":66,"column":14}},"loc":{"start":{"line":66,"column":28},"end":{"line":66,"column":74}},"line":66},"21":{"name":"(anonymous_21)","decl":{"start":{"line":67,"column":25},"end":{"line":67,"column":26}},"loc":{"start":{"line":67,"column":35},"end":{"line":67,"column":80}},"line":67},"22":{"name":"(anonymous_22)","decl":{"start":{"line":68,"column":24},"end":{"line":68,"column":25}},"loc":{"start":{"line":68,"column":34},"end":{"line":68,"column":78}},"line":68},"23":{"name":"(anonymous_23)","decl":{"start":{"line":69,"column":20},"end":{"line":69,"column":21}},"loc":{"start":{"line":69,"column":26},"end":{"line":69,"column":83}},"line":69},"24":{"name":"(anonymous_24)","decl":{"start":{"line":70,"column":19},"end":{"line":70,"column":20}},"loc":{"start":{"line":70,"column":29},"end":{"line":70,"column":67}},"line":70},"25":{"name":"(anonymous_25)","decl":{"start":{"line":74,"column":12},"end":{"line":74,"column":13}},"loc":{"start":{"line":74,"column":18},"end":{"line":74,"column":45}},"line":74},"26":{"name":"(anonymous_26)","decl":{"start":{"line":75,"column":23},"end":{"line":75,"column":24}},"loc":{"start":{"line":75,"column":29},"end":{"line":75,"column":68}},"line":75},"27":{"name":"(anonymous_27)","decl":{"start":{"line":76,"column":20},"end":{"line":76,"column":21}},"loc":{"start":{"line":76,"column":31},"end":{"line":76,"column":90}},"line":76}},"branchMap":{"0":{"loc":{"start":{"line":3,"column":16},"end":{"line":3,"column":76}},"type":"binary-expr","locations":[{"start":{"line":3,"column":16},"end":{"line":3,"column":45}},{"start":{"line":3,"column":49},"end":{"line":3,"column":76}}],"line":3},"1":{"loc":{"start":{"line":15,"column":4},"end":{"line":17,"column":5}},"type":"if","locations":[{"start":{"line":15,"column":4},"end":{"line":17,"column":5}},{"start":{},"end":{}}],"line":15},"2":{"loc":{"start":{"line":25,"column":4},"end":{"line":27,"column":5}},"type":"if","locations":[{"start":{"line":25,"column":4},"end":{"line":27,"column":5}},{"start":{},"end":{}}],"line":25},"3":{"loc":{"start":{"line":25,"column":8},"end":{"line":25,"column":90}},"type":"binary-expr","locations":[{"start":{"line":25,"column":8},"end":{"line":25,"column":45}},{"start":{"line":25,"column":49},"end":{"line":25,"column":90}}],"line":25},"4":{"loc":{"start":{"line":31,"column":4},"end":{"line":36,"column":5}},"type":"if","locations":[{"start":{"line":31,"column":4},"end":{"line":36,"column":5}},{"start":{},"end":{}}],"line":31},"5":{"loc":{"start":{"line":31,"column":8},"end":{"line":31,"column":103}},"type":"binary-expr","locations":[{"start":{"line":31,"column":8},"end":{"line":31,"column":22}},{"start":{"line":31,"column":26},"end":{"line":31,"column":55}},{"start":{"line":31,"column":59},"end":{"line":31,"column":103}}],"line":31}},"s":{"0":0,"1":0,"2":0,"3":0,"4":0,"5":0,"6":0,"7":0,"8":0,"9":0,"10":0,"11":0,"12":0,"13":0,"14":0,"15":0,"16":0,"17":0,"18":0,"19":0,"20":0,"21":0,"22":0,"23":0,"24":0,"25":0,"26":0,"27":0,"28":0,"29":0,"30":0,"31":0,"32":0,"33":0,"34":0,"35":0,"36":0,"37":0,"38":0,"39":0,"40":0,"41":0,"42":0,"43":0,"44":0,"45":0},"f":{"0":0,"1":0,"2":0,"3":0,"4":0,"5":0,"6":0,"7":0,"8":0,"9":0,"10":0,"11":0,"12":0,"13":0,"14":0,"15":0,"16":0,"17":0,"18":0,"19":0,"20":0,"21":0,"22":0,"23":0,"24":0,"25":0,"26":0,"27":0},"b":{"0":[0,0],"1":[0,0],"2":[0,0],"3":[0,0],"4":[0,0],"5":[0,0,0]}}
}
