TN:
SF:src/App.js
FN:24,(anonymous_0)
FN:34,App
FNF:2
FNH:0
FNDA:0,(anonymous_0)
FNDA:0,App
DA:24,0
DA:25,0
DA:27,0
DA:28,0
DA:31,0
DA:35,0
LF:6
LH:0
BRDA:27,0,0,0
BRDA:27,0,1,0
BRDA:31,1,0,0
BRDA:31,1,1,0
BRF:4
BRH:0
end_of_record
TN:
SF:src/index.js
FNF:0
FNH:0
DA:6,0
DA:7,0
LF:2
LH:0
BRF:0
BRH:0
end_of_record
TN:
SF:src/setupProxy.js
FN:3,(anonymous_0)
FNF:1
FNH:0
FNDA:0,(anonymous_0)
DA:1,0
DA:3,0
DA:4,0
LF:3
LH:0
BRF:0
BRH:0
end_of_record
TN:
SF:src/components/Layout.js
FN:8,(anonymous_0)
FN:15,(anonymous_1)
FN:21,(anonymous_2)
FN:23,(anonymous_3)
FN:27,(anonymous_4)
FN:32,(anonymous_5)
FN:46,(anonymous_6)
FN:52,(anonymous_7)
FN:59,(anonymous_8)
FN:66,(anonymous_9)
FN:73,(anonymous_10)
FN:80,(anonymous_11)
FN:87,(anonymous_12)
FN:94,(anonymous_13)
FN:101,(anonymous_14)
FN:108,(anonymous_15)
FN:115,(anonymous_16)
FN:122,(anonymous_17)
FN:129,(anonymous_18)
FN:138,(anonymous_19)
FNF:20
FNH:19
FNDA:8,(anonymous_0)
FNDA:7,(anonymous_1)
FNDA:3,(anonymous_2)
FNDA:0,(anonymous_3)
FNDA:1,(anonymous_4)
FNDA:67,(anonymous_5)
FNDA:7,(anonymous_6)
FNDA:6,(anonymous_7)
FNDA:1,(anonymous_8)
FNDA:7,(anonymous_9)
FNDA:7,(anonymous_10)
FNDA:7,(anonymous_11)
FNDA:4,(anonymous_12)
FNDA:7,(anonymous_13)
FNDA:6,(anonymous_14)
FNDA:4,(anonymous_15)
FNDA:4,(anonymous_16)
FNDA:4,(anonymous_17)
FNDA:6,(anonymous_18)
FNDA:7,(anonymous_19)
DA:8,1
DA:9,8
DA:10,8
DA:11,8
DA:13,7
DA:15,7
DA:16,7
DA:17,1
DA:18,1
DA:20,6
DA:21,3
DA:22,3
DA:27,7
DA:28,1
DA:29,1
DA:32,7
DA:33,67
DA:34,23
DA:37,7
DA:46,7
DA:52,6
DA:59,1
DA:66,7
DA:73,7
DA:80,7
DA:87,4
DA:94,7
DA:101,6
DA:108,4
DA:115,4
DA:122,4
DA:129,6
DA:138,7
LF:33
LH:33
BRDA:16,0,0,1
BRDA:16,0,1,6
BRDA:20,1,0,3
BRDA:20,1,1,3
BRDA:22,2,0,3
BRDA:22,2,1,0
BRDA:33,3,0,44
BRDA:33,3,1,23
BRDA:46,4,0,7
BRDA:46,4,1,0
BRDA:51,5,0,7
BRDA:51,5,1,7
BRDA:51,5,2,3
BRDA:51,5,3,6
BRDA:52,6,0,0
BRDA:52,6,1,6
BRDA:58,7,0,7
BRDA:58,7,1,7
BRDA:58,7,2,1
BRDA:59,8,0,0
BRDA:59,8,1,1
BRDA:65,9,0,7
BRDA:65,9,1,7
BRDA:66,10,0,0
BRDA:66,10,1,7
BRDA:72,11,0,7
BRDA:72,11,1,7
BRDA:73,12,0,0
BRDA:73,12,1,7
BRDA:79,13,0,7
BRDA:79,13,1,7
BRDA:80,14,0,0
BRDA:80,14,1,7
BRDA:86,15,0,7
BRDA:86,15,1,4
BRDA:86,15,2,4
BRDA:87,16,0,0
BRDA:87,16,1,4
BRDA:93,17,0,7
BRDA:93,17,1,7
BRDA:94,18,0,0
BRDA:94,18,1,7
BRDA:100,19,0,7
BRDA:100,19,1,7
BRDA:100,19,2,3
BRDA:100,19,3,6
BRDA:101,20,0,0
BRDA:101,20,1,6
BRDA:107,21,0,7
BRDA:107,21,1,4
BRDA:107,21,2,4
BRDA:108,22,0,0
BRDA:108,22,1,4
BRDA:114,23,0,7
BRDA:114,23,1,4
BRDA:114,23,2,4
BRDA:115,24,0,0
BRDA:115,24,1,4
BRDA:121,25,0,7
BRDA:121,25,1,4
BRDA:121,25,2,4
BRDA:122,26,0,0
BRDA:122,26,1,4
BRDA:128,27,0,7
BRDA:128,27,1,3
BRDA:128,27,2,2
BRDA:128,27,3,6
BRDA:129,28,0,0
BRDA:129,28,1,6
BRDA:138,29,0,0
BRDA:138,29,1,7
BRDA:143,30,0,4
BRDA:143,30,1,3
BRDA:143,31,0,3
BRDA:143,31,1,0
BRF:75
BRH:59
end_of_record
TN:
SF:src/contexts/AuthContext.js
FN:6,(anonymous_0)
FN:14,(anonymous_1)
FN:20,(anonymous_2)
FN:32,(anonymous_3)
FN:52,(anonymous_4)
FN:60,(anonymous_5)
FNF:6
FNH:6
FNDA:24,(anonymous_0)
FNDA:22,(anonymous_1)
FNDA:7,(anonymous_2)
FNDA:3,(anonymous_3)
FNDA:1,(anonymous_4)
FNDA:1,(anonymous_5)
DA:4,1
DA:6,1
DA:7,24
DA:8,23
DA:9,4
DA:11,19
DA:14,1
DA:15,22
DA:16,22
DA:17,22
DA:18,22
DA:20,22
DA:21,7
DA:22,7
DA:23,7
DA:25,7
DA:26,3
DA:27,3
DA:29,7
DA:32,22
DA:33,3
DA:34,3
DA:35,3
DA:36,2
DA:38,2
DA:39,2
DA:40,2
DA:41,2
DA:42,2
DA:44,2
DA:46,1
DA:47,1
DA:48,1
DA:52,22
DA:53,1
DA:54,1
DA:55,1
DA:56,1
DA:57,1
DA:60,22
DA:61,1
DA:62,1
DA:65,22
DA:77,22
LF:44
LH:44
BRDA:8,0,0,4
BRDA:8,0,1,19
BRDA:25,1,0,3
BRDA:25,1,1,4
BRDA:25,2,0,7
BRDA:25,2,1,3
BRDA:40,3,0,1
BRDA:40,3,1,1
BRDA:46,4,0,1
BRDA:46,4,1,0
BRF:10
BRH:9
end_of_record
TN:
SF:src/pages/ApiTester.js
FN:291,(anonymous_0)
FN:306,(anonymous_1)
FN:307,(anonymous_2)
FN:315,(anonymous_3)
FN:317,(anonymous_4)
FN:318,(anonymous_5)
FN:321,(anonymous_6)
FN:329,(anonymous_7)
FN:336,(anonymous_8)
FN:340,(anonymous_9)
FN:389,(anonymous_10)
FN:410,(anonymous_11)
FN:414,(anonymous_12)
FN:416,(anonymous_13)
FN:419,(anonymous_14)
FN:432,(anonymous_15)
FN:443,(anonymous_16)
FN:451,(anonymous_17)
FN:456,(anonymous_18)
FN:477,(anonymous_19)
FN:477,(anonymous_20)
FN:481,(anonymous_21)
FN:493,(anonymous_22)
FN:493,(anonymous_23)
FN:497,(anonymous_24)
FN:510,(anonymous_25)
FN:526,(anonymous_26)
FN:569,(anonymous_27)
FN:591,(anonymous_28)
FN:606,(anonymous_29)
FN:631,(anonymous_30)
FN:648,(anonymous_31)
FN:657,(anonymous_32)
FN:694,(anonymous_33)
FN:703,(anonymous_34)
FN:711,(anonymous_35)
FN:736,(anonymous_36)
FN:767,(anonymous_37)
FN:773,(anonymous_38)
FN:790,(anonymous_39)
FN:803,(anonymous_40)
FN:810,(anonymous_41)
FNF:42
FNH:0
FNDA:0,(anonymous_0)
FNDA:0,(anonymous_1)
FNDA:0,(anonymous_2)
FNDA:0,(anonymous_3)
FNDA:0,(anonymous_4)
FNDA:0,(anonymous_5)
FNDA:0,(anonymous_6)
FNDA:0,(anonymous_7)
FNDA:0,(anonymous_8)
FNDA:0,(anonymous_9)
FNDA:0,(anonymous_10)
FNDA:0,(anonymous_11)
FNDA:0,(anonymous_12)
FNDA:0,(anonymous_13)
FNDA:0,(anonymous_14)
FNDA:0,(anonymous_15)
FNDA:0,(anonymous_16)
FNDA:0,(anonymous_17)
FNDA:0,(anonymous_18)
FNDA:0,(anonymous_19)
FNDA:0,(anonymous_20)
FNDA:0,(anonymous_21)
FNDA:0,(anonymous_22)
FNDA:0,(anonymous_23)
FNDA:0,(anonymous_24)
FNDA:0,(anonymous_25)
FNDA:0,(anonymous_26)
FNDA:0,(anonymous_27)
FNDA:0,(anonymous_28)
FNDA:0,(anonymous_29)
FNDA:0,(anonymous_30)
FNDA:0,(anonymous_31)
FNDA:0,(anonymous_32)
FNDA:0,(anonymous_33)
FNDA:0,(anonymous_34)
FNDA:0,(anonymous_35)
FNDA:0,(anonymous_36)
FNDA:0,(anonymous_37)
FNDA:0,(anonymous_38)
FNDA:0,(anonymous_39)
FNDA:0,(anonymous_40)
FNDA:0,(anonymous_41)
DA:7,0
DA:235,0
DA:242,0
DA:272,0
DA:291,0
DA:292,0
DA:293,0
DA:294,0
DA:295,0
DA:296,0
DA:297,0
DA:298,0
DA:299,0
DA:300,0
DA:301,0
DA:302,0
DA:303,0
DA:304,0
DA:306,0
DA:307,0
DA:308,0
DA:309,0
DA:310,0
DA:311,0
DA:312,0
DA:315,0
DA:317,0
DA:318,0
DA:321,0
DA:322,0
DA:323,0
DA:325,0
DA:329,0
DA:330,0
DA:331,0
DA:332,0
DA:333,0
DA:336,0
DA:337,0
DA:340,0
DA:341,0
DA:343,0
DA:344,0
DA:346,0
DA:347,0
DA:350,0
DA:351,0
DA:352,0
DA:353,0
DA:355,0
DA:357,0
DA:360,0
DA:361,0
DA:362,0
DA:363,0
DA:364,0
DA:366,0
DA:370,0
DA:373,0
DA:374,0
DA:375,0
DA:376,0
DA:378,0
DA:389,0
DA:392,0
DA:393,0
DA:394,0
DA:395,0
DA:396,0
DA:397,0
DA:399,0
DA:410,0
DA:414,0
DA:416,0
DA:417,0
DA:419,0
DA:420,0
DA:421,0
DA:422,0
DA:423,0
DA:424,0
DA:426,0
DA:429,0
DA:430,0
DA:431,0
DA:432,0
DA:434,0
DA:435,0
DA:436,0
DA:437,0
DA:438,0
DA:440,0
DA:443,0
DA:444,0
DA:445,0
DA:446,0
DA:447,0
DA:448,0
DA:449,0
DA:450,0
DA:451,0
DA:452,0
DA:455,0
DA:456,0
DA:457,0
DA:460,0
DA:463,0
DA:477,0
DA:478,0
DA:481,0
DA:493,0
DA:494,0
DA:497,0
DA:510,0
DA:527,0
DA:569,0
DA:592,0
DA:607,0
DA:632,0
DA:649,0
DA:658,0
DA:694,0
DA:703,0
DA:711,0
DA:736,0
DA:768,0
DA:769,0
DA:770,0
DA:771,0
DA:774,0
DA:791,0
DA:804,0
DA:805,0
DA:806,0
DA:811,0
DA:821,0
LF:136
LH:0
BRDA:308,0,0,0
BRDA:308,0,1,0
BRDA:323,1,0,0
BRDA:323,1,1,0
BRDA:325,2,0,0
BRDA:325,2,1,0
BRDA:330,3,0,0
BRDA:330,3,1,0
BRDA:331,4,0,0
BRDA:331,4,1,0
BRDA:332,5,0,0
BRDA:332,5,1,0
BRDA:360,6,0,0
BRDA:360,6,1,0
BRDA:361,7,0,0
BRDA:361,7,1,0
BRDA:392,8,0,0
BRDA:392,8,1,0
BRDA:393,9,0,0
BRDA:393,9,1,0
BRDA:395,10,0,0
BRDA:395,10,1,0
BRDA:421,11,0,0
BRDA:421,11,1,0
BRDA:421,12,0,0
BRDA:421,12,1,0
BRDA:422,13,0,0
BRDA:422,13,1,0
BRDA:423,14,0,0
BRDA:423,14,1,0
BRDA:423,15,0,0
BRDA:423,15,1,0
BRDA:424,16,0,0
BRDA:424,16,1,0
BRDA:424,17,0,0
BRDA:424,17,1,0
BRDA:430,18,0,0
BRDA:430,18,1,0
BRDA:430,19,0,0
BRDA:430,19,1,0
BRDA:431,20,0,0
BRDA:431,20,1,0
BRDA:431,21,0,0
BRDA:431,21,1,0
BRDA:432,22,0,0
BRDA:432,22,1,0
BRDA:434,23,0,0
BRDA:434,23,1,0
BRDA:434,24,0,0
BRDA:434,24,1,0
BRDA:435,25,0,0
BRDA:435,25,1,0
BRDA:435,26,0,0
BRDA:435,26,1,0
BRDA:436,27,0,0
BRDA:436,27,1,0
BRDA:445,28,0,0
BRDA:445,28,1,0
BRDA:445,29,0,0
BRDA:445,29,1,0
BRDA:447,30,0,0
BRDA:447,30,1,0
BRDA:447,30,2,0
BRDA:449,31,0,0
BRDA:449,31,1,0
BRDA:451,32,0,0
BRDA:451,32,1,0
BRDA:452,33,0,0
BRDA:452,33,1,0
BRDA:455,34,0,0
BRDA:455,34,1,0
BRDA:455,35,0,0
BRDA:455,35,1,0
BRDA:457,36,0,0
BRDA:457,36,1,0
BRDA:480,37,0,0
BRDA:480,37,1,0
BRDA:496,38,0,0
BRDA:496,38,1,0
BRDA:511,39,0,0
BRDA:511,39,1,0
BRDA:514,40,0,0
BRDA:514,40,1,0
BRDA:521,41,0,0
BRDA:521,41,1,0
BRDA:523,42,0,0
BRDA:523,42,1,0
BRDA:527,43,0,0
BRDA:527,43,1,0
BRDA:529,44,0,0
BRDA:529,44,1,0
BRDA:549,45,0,0
BRDA:549,45,1,0
BRDA:550,46,0,0
BRDA:550,46,1,0
BRDA:558,47,0,0
BRDA:558,47,1,0
BRDA:559,48,0,0
BRDA:559,48,1,0
BRDA:568,49,0,0
BRDA:568,49,1,0
BRDA:571,50,0,0
BRDA:571,50,1,0
BRDA:576,51,0,0
BRDA:576,51,1,0
BRDA:608,52,0,0
BRDA:608,52,1,0
BRDA:618,53,0,0
BRDA:618,53,1,0
BRDA:618,53,2,0
BRDA:627,54,0,0
BRDA:627,54,1,0
BRDA:627,54,2,0
BRDA:642,55,0,0
BRDA:642,55,1,0
BRDA:642,55,2,0
BRDA:666,56,0,0
BRDA:666,56,1,0
BRDA:687,57,0,0
BRDA:687,57,1,0
BRDA:714,58,0,0
BRDA:714,58,1,0
BRDA:723,59,0,0
BRDA:723,59,1,0
BRDA:728,60,0,0
BRDA:728,60,1,0
BRDA:728,61,0,0
BRDA:728,61,1,0
BRDA:728,62,0,0
BRDA:728,62,1,0
BRDA:732,63,0,0
BRDA:732,63,1,0
BRDA:735,64,0,0
BRDA:735,64,1,0
BRDA:744,65,0,0
BRDA:744,65,1,0
BRDA:752,66,0,0
BRDA:752,66,1,0
BRDA:759,67,0,0
BRDA:759,67,1,0
BRDA:759,67,2,0
BRDA:761,68,0,0
BRDA:761,68,1,0
BRDA:762,69,0,0
BRDA:762,69,1,0
BRDA:763,70,0,0
BRDA:763,70,1,0
BRDA:764,71,0,0
BRDA:764,71,1,0
BRDA:767,72,0,0
BRDA:767,72,1,0
BRDA:768,73,0,0
BRDA:768,73,1,0
BRDA:777,74,0,0
BRDA:777,74,1,0
BRDA:787,75,0,0
BRDA:787,75,1,0
BRDA:803,76,0,0
BRDA:803,76,1,0
BRDA:805,77,0,0
BRDA:805,77,1,0
BRDA:812,78,0,0
BRDA:812,78,1,0
BRDA:828,79,0,0
BRDA:828,79,1,0
BRDA:828,79,2,0
BRF:166
BRH:0
end_of_record
TN:
SF:src/pages/AuditLogs.js
FN:89,(anonymous_0)
FN:105,(anonymous_1)
FN:107,(anonymous_2)
FN:107,(anonymous_3)
FN:111,(anonymous_4)
FN:123,(anonymous_5)
FN:131,(anonymous_6)
FN:135,(anonymous_7)
FN:136,(anonymous_8)
FN:140,(anonymous_9)
FN:142,(anonymous_10)
FN:161,(anonymous_11)
FN:163,(anonymous_12)
FN:174,(anonymous_13)
FN:178,(anonymous_14)
FN:185,(anonymous_15)
FN:187,(anonymous_16)
FN:220,(anonymous_17)
FN:259,(anonymous_18)
FN:259,(anonymous_19)
FN:266,(anonymous_20)
FN:266,(anonymous_21)
FN:274,(anonymous_22)
FN:274,(anonymous_23)
FN:281,(anonymous_24)
FN:281,(anonymous_25)
FNF:26
FNH:0
FNDA:0,(anonymous_0)
FNDA:0,(anonymous_1)
FNDA:0,(anonymous_2)
FNDA:0,(anonymous_3)
FNDA:0,(anonymous_4)
FNDA:0,(anonymous_5)
FNDA:0,(anonymous_6)
FNDA:0,(anonymous_7)
FNDA:0,(anonymous_8)
FNDA:0,(anonymous_9)
FNDA:0,(anonymous_10)
FNDA:0,(anonymous_11)
FNDA:0,(anonymous_12)
FNDA:0,(anonymous_13)
FNDA:0,(anonymous_14)
FNDA:0,(anonymous_15)
FNDA:0,(anonymous_16)
FNDA:0,(anonymous_17)
FNDA:0,(anonymous_18)
FNDA:0,(anonymous_19)
FNDA:0,(anonymous_20)
FNDA:0,(anonymous_21)
FNDA:0,(anonymous_22)
FNDA:0,(anonymous_23)
FNDA:0,(anonymous_24)
FNDA:0,(anonymous_25)
DA:7,0
DA:48,0
DA:89,0
DA:90,0
DA:91,0
DA:92,0
DA:93,0
DA:94,0
DA:101,0
DA:103,0
DA:105,0
DA:106,0
DA:107,0
DA:111,0
DA:112,0
DA:113,0
DA:114,0
DA:115,0
DA:116,0
DA:117,0
DA:118,0
DA:119,0
DA:121,0
DA:122,0
DA:123,0
DA:125,0
DA:127,0
DA:131,0
DA:132,0
DA:135,0
DA:136,0
DA:137,0
DA:140,0
DA:141,0
DA:142,0
DA:145,0
DA:146,0
DA:148,0
DA:161,0
DA:164,0
DA:174,0
DA:178,0
DA:185,0
DA:187,0
DA:221,0
DA:259,0
DA:266,0
DA:274,0
DA:281,0
LF:49
LH:0
BRDA:106,0,0,0
BRDA:106,0,1,0
BRDA:107,1,0,0
BRDA:107,1,1,0
BRDA:115,2,0,0
BRDA:115,2,1,0
BRDA:116,3,0,0
BRDA:116,3,1,0
BRDA:117,4,0,0
BRDA:117,4,1,0
BRDA:118,5,0,0
BRDA:118,5,1,0
BRDA:119,6,0,0
BRDA:119,6,1,0
BRDA:122,7,0,0
BRDA:122,7,1,0
BRDA:123,8,0,0
BRDA:123,8,1,0
BRDA:157,9,0,0
BRDA:157,9,1,0
BRDA:164,10,0,0
BRDA:164,10,1,0
BRDA:194,11,0,0
BRDA:194,11,1,0
BRDA:212,12,0,0
BRDA:212,12,1,0
BRDA:228,13,0,0
BRDA:228,13,1,0
BRDA:230,14,0,0
BRDA:230,14,1,0
BRDA:231,15,0,0
BRDA:231,15,1,0
BRDA:235,16,0,0
BRDA:235,16,1,0
BRDA:236,17,0,0
BRDA:236,17,1,0
BRDA:239,18,0,0
BRDA:239,18,1,0
BRDA:240,19,0,0
BRDA:240,19,1,0
BRDA:242,20,0,0
BRDA:242,20,1,0
BRDA:255,21,0,0
BRDA:255,21,1,0
BRF:44
BRH:0
end_of_record
TN:
SF:src/pages/Banks.js
FN:7,(anonymous_0)
FN:30,(anonymous_1)
FN:34,(anonymous_2)
FN:46,(anonymous_3)
FN:61,(anonymous_4)
FN:76,(anonymous_5)
FN:91,(anonymous_6)
FN:103,(anonymous_7)
FN:116,(anonymous_8)
FN:140,(anonymous_9)
FN:147,(anonymous_10)
FN:174,(anonymous_11)
FN:181,(anonymous_12)
FN:188,(anonymous_13)
FN:191,(anonymous_14)
FN:248,(anonymous_15)
FN:249,(anonymous_16)
FN:377,(anonymous_17)
FN:388,(anonymous_18)
FN:397,(anonymous_19)
FN:408,(anonymous_20)
FN:421,(anonymous_21)
FN:433,(anonymous_22)
FN:447,(anonymous_23)
FN:459,(anonymous_24)
FN:472,(anonymous_25)
FN:483,(anonymous_26)
FNF:27
FNH:17
FNDA:22,(anonymous_0)
FNDA:5,(anonymous_1)
FNDA:6,(anonymous_2)
FNDA:1,(anonymous_3)
FNDA:0,(anonymous_4)
FNDA:1,(anonymous_5)
FNDA:0,(anonymous_6)
FNDA:0,(anonymous_7)
FNDA:1,(anonymous_8)
FNDA:2,(anonymous_9)
FNDA:34,(anonymous_10)
FNDA:1,(anonymous_11)
FNDA:0,(anonymous_12)
FNDA:0,(anonymous_13)
FNDA:0,(anonymous_14)
FNDA:0,(anonymous_15)
FNDA:0,(anonymous_16)
FNDA:0,(anonymous_17)
FNDA:1,(anonymous_18)
FNDA:1,(anonymous_19)
FNDA:1,(anonymous_20)
FNDA:1,(anonymous_21)
FNDA:1,(anonymous_22)
FNDA:1,(anonymous_23)
FNDA:1,(anonymous_24)
FNDA:1,(anonymous_25)
FNDA:0,(anonymous_26)
DA:7,1
DA:8,22
DA:9,22
DA:11,22
DA:12,22
DA:13,22
DA:14,22
DA:15,22
DA:16,22
DA:17,22
DA:18,22
DA:19,22
DA:30,22
DA:31,5
DA:34,22
DA:35,6
DA:36,6
DA:37,6
DA:38,6
DA:40,0
DA:42,6
DA:46,22
DA:47,1
DA:48,1
DA:49,1
DA:50,1
DA:51,1
DA:52,1
DA:54,0
DA:55,0
DA:57,1
DA:61,22
DA:62,0
DA:63,0
DA:73,0
DA:76,22
DA:77,1
DA:78,1
DA:79,1
DA:80,0
DA:82,1
DA:84,1
DA:85,1
DA:87,0
DA:91,22
DA:92,0
DA:93,0
DA:94,0
DA:95,0
DA:97,0
DA:101,22
DA:103,22
DA:104,0
DA:105,0
DA:106,0
DA:107,0
DA:108,0
DA:110,0
DA:112,0
DA:116,22
DA:117,1
DA:118,1
DA:119,1
DA:131,22
DA:132,5
DA:135,17
DA:140,2
DA:148,34
DA:174,1
DA:181,0
DA:188,0
DA:191,0
DA:248,0
DA:249,0
DA:377,0
DA:388,1
DA:397,1
DA:408,1
DA:421,1
DA:433,1
DA:447,1
DA:459,1
DA:472,1
DA:483,0
LF:84
LH:57
BRDA:36,0,0,2
BRDA:36,0,1,4
BRDA:36,1,0,6
BRDA:36,1,1,2
BRDA:38,2,0,6
BRDA:38,2,1,0
BRDA:66,3,0,0
BRDA:66,3,1,0
BRDA:67,4,0,0
BRDA:67,4,1,0
BRDA:68,5,0,0
BRDA:68,5,1,0
BRDA:69,6,0,0
BRDA:69,6,1,0
BRDA:70,7,0,0
BRDA:70,7,1,0
BRDA:79,8,0,0
BRDA:79,8,1,1
BRDA:87,9,0,0
BRDA:87,9,1,0
BRDA:92,10,0,0
BRDA:92,10,1,0
BRDA:104,11,0,0
BRDA:104,11,1,0
BRDA:104,12,0,0
BRDA:104,12,1,0
BRDA:110,13,0,0
BRDA:110,13,1,0
BRDA:131,14,0,5
BRDA:131,14,1,17
BRDA:138,15,0,13
BRDA:138,15,1,4
BRDA:139,16,0,17
BRDA:139,16,1,13
BRDA:148,17,0,17
BRDA:148,17,1,17
BRDA:157,18,0,17
BRDA:157,18,1,17
BRDA:158,19,0,17
BRDA:158,19,1,17
BRDA:164,20,0,34
BRDA:164,20,1,0
BRDA:168,21,0,34
BRDA:168,21,1,0
BRDA:177,22,0,34
BRDA:177,22,1,26
BRDA:180,23,0,13
BRDA:180,23,1,13
BRDA:183,24,0,13
BRDA:183,24,1,13
BRDA:185,25,0,0
BRDA:185,25,1,26
BRDA:185,26,0,13
BRDA:185,26,1,13
BRDA:186,27,0,13
BRDA:186,27,1,13
BRDA:202,28,0,17
BRDA:202,28,1,13
BRDA:247,29,0,17
BRDA:247,29,1,2
BRDA:247,29,2,2
BRDA:252,30,0,2
BRDA:252,30,1,0
BRDA:253,31,0,2
BRDA:253,31,1,0
BRDA:271,32,0,2
BRDA:271,32,1,0
BRDA:272,33,0,2
BRDA:272,33,1,0
BRDA:297,34,0,2
BRDA:297,34,1,0
BRDA:331,35,0,1
BRDA:331,35,1,1
BRDA:337,36,0,1
BRDA:337,36,1,0
BRDA:341,37,0,1
BRDA:341,37,1,1
BRDA:345,38,0,1
BRDA:345,38,1,1
BRDA:349,39,0,1
BRDA:349,39,1,1
BRDA:355,40,0,1
BRDA:355,40,1,1
BRDA:359,41,0,1
BRDA:359,41,1,1
BRDA:363,42,0,1
BRDA:363,42,1,1
BRDA:367,43,0,1
BRDA:367,43,1,0
BRDA:386,44,0,17
BRDA:386,44,1,9
BRDA:386,44,2,9
BRDA:389,45,0,0
BRDA:389,45,1,9
BRDA:494,46,0,0
BRDA:494,46,1,9
BRF:96
BRH:62
end_of_record
TN:
SF:src/pages/ChangePassword.js
FN:8,(anonymous_0)
FN:20,(anonymous_1)
FN:25,(anonymous_2)
FN:51,(anonymous_3)
FNF:4
FNH:4
FNDA:28,(anonymous_0)
FNDA:15,(anonymous_1)
FNDA:5,(anonymous_2)
FNDA:1,(anonymous_3)
DA:8,1
DA:9,28
DA:10,28
DA:11,28
DA:16,28
DA:17,28
DA:18,28
DA:20,28
DA:21,15
DA:22,15
DA:25,28
DA:26,5
DA:27,5
DA:29,5
DA:30,1
DA:31,1
DA:34,4
DA:35,1
DA:36,1
DA:39,3
DA:40,1
DA:41,1
DA:44,2
DA:45,2
DA:46,2
DA:50,1
DA:51,1
DA:52,1
DA:55,1
DA:57,2
DA:61,28
DA:62,1
DA:75,27
LF:33
LH:33
BRDA:29,0,0,1
BRDA:29,0,1,4
BRDA:34,1,0,1
BRDA:34,1,1,3
BRDA:39,2,0,1
BRDA:39,2,1,2
BRDA:55,3,0,1
BRDA:55,3,1,0
BRDA:61,4,0,1
BRDA:61,4,1,27
BRDA:86,5,0,27
BRDA:86,5,1,4
BRDA:139,6,0,2
BRDA:139,6,1,25
BRF:14
BRH:13
end_of_record
TN:
SF:src/pages/CronManager.js
FN:18,(anonymous_0)
FN:28,(anonymous_1)
FN:31,(anonymous_2)
FN:34,(anonymous_3)
FN:54,(anonymous_4)
FN:67,(anonymous_5)
FN:78,(anonymous_6)
FN:97,(anonymous_7)
FN:113,(anonymous_8)
FN:114,(anonymous_9)
FN:119,(anonymous_10)
FN:154,(anonymous_11)
FNF:12
FNH:0
FNDA:0,(anonymous_0)
FNDA:0,(anonymous_1)
FNDA:0,(anonymous_2)
FNDA:0,(anonymous_3)
FNDA:0,(anonymous_4)
FNDA:0,(anonymous_5)
FNDA:0,(anonymous_6)
FNDA:0,(anonymous_7)
FNDA:0,(anonymous_8)
FNDA:0,(anonymous_9)
FNDA:0,(anonymous_10)
FNDA:0,(anonymous_11)
DA:6,0
DA:18,0
DA:19,0
DA:20,0
DA:21,0
DA:22,0
DA:23,0
DA:24,0
DA:25,0
DA:26,0
DA:28,0
DA:29,0
DA:30,0
DA:31,0
DA:34,0
DA:35,0
DA:36,0
DA:41,0
DA:42,0
DA:43,0
DA:44,0
DA:45,0
DA:48,0
DA:50,0
DA:54,0
DA:55,0
DA:56,0
DA:57,0
DA:58,0
DA:59,0
DA:61,0
DA:63,0
DA:67,0
DA:68,0
DA:69,0
DA:70,0
DA:71,0
DA:72,0
DA:74,0
DA:78,0
DA:79,0
DA:80,0
DA:81,0
DA:82,0
DA:84,0
DA:86,0
DA:90,0
DA:92,0
DA:97,0
DA:113,0
DA:114,0
DA:119,0
DA:155,0
LF:53
LH:0
BRDA:43,0,0,0
BRDA:43,0,1,0
BRDA:44,1,0,0
BRDA:44,1,1,0
BRDA:61,2,0,0
BRDA:61,2,1,0
BRDA:84,3,0,0
BRDA:84,3,1,0
BRDA:90,4,0,0
BRDA:90,4,1,0
BRDA:100,5,0,0
BRDA:100,5,1,0
BRDA:101,6,0,0
BRDA:101,6,1,0
BRDA:103,7,0,0
BRDA:103,7,1,0
BRDA:104,8,0,0
BRDA:104,8,1,0
BRDA:104,9,0,0
BRDA:104,9,1,0
BRDA:109,10,0,0
BRDA:109,10,1,0
BRDA:122,11,0,0
BRDA:122,11,1,0
BRDA:130,12,0,0
BRDA:130,12,1,0
BRDA:130,13,0,0
BRDA:130,13,1,0
BRDA:131,14,0,0
BRDA:131,14,1,0
BRDA:131,15,0,0
BRDA:131,15,1,0
BRDA:133,16,0,0
BRDA:133,16,1,0
BRDA:134,17,0,0
BRDA:134,17,1,0
BRDA:135,18,0,0
BRDA:135,18,1,0
BRDA:135,18,2,0
BRDA:140,19,0,0
BRDA:140,19,1,0
BRDA:160,20,0,0
BRDA:160,20,1,0
BRF:43
BRH:0
end_of_record
TN:
SF:src/pages/Dashboard.js
FN:22,(anonymous_0)
FN:29,(anonymous_1)
FN:33,(anonymous_2)
FN:44,(anonymous_3)
FN:73,(anonymous_4)
FN:77,(anonymous_5)
FN:129,(anonymous_6)
FN:138,(anonymous_7)
FN:141,(anonymous_8)
FN:164,(anonymous_9)
FN:169,(anonymous_10)
FN:184,(anonymous_11)
FN:195,(anonymous_12)
FN:226,(anonymous_13)
FN:227,(anonymous_14)
FN:244,(anonymous_15)
FN:245,(anonymous_16)
FNF:17
FNH:7
FNDA:2,(anonymous_0)
FNDA:2,(anonymous_1)
FNDA:9,(anonymous_2)
FNDA:7,(anonymous_3)
FNDA:7,(anonymous_4)
FNDA:0,(anonymous_5)
FNDA:8,(anonymous_6)
FNDA:0,(anonymous_7)
FNDA:0,(anonymous_8)
FNDA:0,(anonymous_9)
FNDA:0,(anonymous_10)
FNDA:0,(anonymous_11)
FNDA:0,(anonymous_12)
FNDA:8,(anonymous_13)
FNDA:0,(anonymous_14)
FNDA:0,(anonymous_15)
FNDA:0,(anonymous_16)
DA:8,1
DA:15,1
DA:22,1
DA:23,2
DA:24,2
DA:25,0
DA:26,0
DA:29,2
DA:33,1
DA:34,9
DA:35,9
DA:36,9
DA:37,9
DA:38,9
DA:39,9
DA:40,9
DA:41,9
DA:42,9
DA:44,9
DA:45,7
DA:46,7
DA:47,7
DA:48,7
DA:49,0
DA:51,7
DA:52,7
DA:53,7
DA:54,7
DA:55,3
DA:56,3
DA:57,3
DA:63,3
DA:64,3
DA:67,3
DA:69,6
DA:73,9
DA:74,7
DA:77,9
DA:78,0
DA:79,0
DA:80,0
DA:82,0
DA:85,9
DA:86,7
DA:93,2
DA:100,2
DA:130,8
DA:131,8
DA:132,8
DA:133,8
DA:138,0
DA:141,0
DA:164,0
DA:169,0
DA:184,0
DA:196,0
DA:227,8
DA:245,0
DA:246,0
DA:247,0
LF:60
LH:44
BRDA:24,0,0,2
BRDA:24,0,1,0
BRDA:25,1,0,0
BRDA:25,1,1,0
BRDA:48,2,0,0
BRDA:48,2,1,7
BRDA:48,3,0,7
BRDA:48,3,1,0
BRDA:51,4,0,0
BRDA:51,4,1,7
BRDA:51,5,0,7
BRDA:51,5,1,0
BRDA:52,6,0,0
BRDA:52,6,1,7
BRDA:52,7,0,7
BRDA:52,7,1,0
BRDA:54,8,0,0
BRDA:54,8,1,7
BRDA:55,9,0,3
BRDA:55,9,1,0
BRDA:58,10,0,3
BRDA:58,10,1,0
BRDA:59,11,0,3
BRDA:59,11,1,0
BRDA:60,12,0,3
BRDA:60,12,1,0
BRDA:61,13,0,3
BRDA:61,13,1,0
BRDA:63,14,0,3
BRDA:63,14,1,0
BRDA:64,15,0,3
BRDA:64,15,1,0
BRDA:74,16,0,7
BRDA:74,16,1,0
BRDA:78,17,0,0
BRDA:78,17,1,0
BRDA:85,18,0,7
BRDA:85,18,1,2
BRDA:110,19,0,2
BRDA:110,19,1,0
BRDA:113,20,0,1
BRDA:113,20,1,1
BRDA:131,21,0,8
BRDA:131,21,1,2
BRDA:132,22,0,1
BRDA:132,22,1,7
BRDA:141,23,0,0
BRDA:141,23,1,0
BRDA:155,24,0,0
BRDA:155,24,1,2
BRDA:156,25,0,0
BRDA:156,25,1,2
BRDA:157,26,0,2
BRDA:157,26,1,0
BRDA:159,27,0,2
BRDA:159,27,1,0
BRDA:188,28,0,2
BRDA:188,28,1,0
BRDA:197,29,0,0
BRDA:197,29,1,0
BRDA:208,30,0,0
BRDA:208,30,1,0
BRDA:209,31,0,0
BRDA:209,31,1,0
BRDA:238,32,0,2
BRDA:238,32,1,0
BRDA:245,33,0,0
BRDA:245,33,1,0
BRDA:246,34,0,0
BRDA:246,34,1,0
BRDA:246,35,0,0
BRDA:246,35,1,0
BRDA:256,36,0,0
BRDA:256,36,1,0
BRDA:260,37,0,0
BRDA:260,37,1,0
BRF:76
BRH:31
end_of_record
TN:
SF:src/pages/ForgotPassword.js
FN:7,(anonymous_0)
FN:13,(anonymous_1)
FN:63,(anonymous_2)
FNF:3
FNH:3
FNDA:11,(anonymous_0)
FNDA:3,(anonymous_1)
FNDA:2,(anonymous_2)
DA:7,1
DA:8,11
DA:9,11
DA:10,11
DA:11,11
DA:13,11
DA:14,3
DA:15,3
DA:16,3
DA:18,3
DA:19,3
DA:20,1
DA:21,1
DA:24,1
DA:26,2
DA:30,11
DA:63,2
LF:17
LH:17
BRDA:20,0,0,1
BRDA:20,0,1,0
BRDA:24,1,0,1
BRDA:24,1,1,0
BRDA:39,2,0,11
BRDA:39,2,1,1
BRDA:46,3,0,1
BRDA:46,3,1,10
BRDA:72,4,0,3
BRDA:72,4,1,7
BRF:10
BRH:8
end_of_record
TN:
SF:src/pages/History.js
FN:7,(anonymous_0)
FN:28,(anonymous_1)
FN:33,(anonymous_2)
FN:37,(anonymous_3)
FN:46,(anonymous_4)
FN:49,(anonymous_5)
FN:52,(anonymous_6)
FN:53,(anonymous_7)
FN:57,(anonymous_8)
FN:63,(anonymous_9)
FN:66,(anonymous_10)
FN:69,(anonymous_11)
FN:72,(anonymous_12)
FN:75,(anonymous_13)
FN:82,(anonymous_14)
FN:93,(anonymous_15)
FN:100,(anonymous_16)
FN:113,(anonymous_17)
FN:128,(anonymous_18)
FN:139,(anonymous_19)
FN:148,(anonymous_20)
FN:157,(anonymous_21)
FN:173,(anonymous_22)
FN:184,(anonymous_23)
FN:198,(anonymous_24)
FN:199,(anonymous_25)
FN:211,(anonymous_26)
FN:226,(anonymous_27)
FN:227,(anonymous_28)
FN:244,(anonymous_29)
FN:245,(anonymous_30)
FN:248,(anonymous_31)
FN:249,(anonymous_32)
FN:252,(anonymous_33)
FN:253,(anonymous_34)
FN:267,(anonymous_35)
FN:274,(anonymous_36)
FN:281,(anonymous_37)
FN:288,(anonymous_38)
FN:295,(anonymous_39)
FN:302,(anonymous_40)
FN:317,(anonymous_41)
FN:321,(anonymous_42)
FN:327,(anonymous_43)
FN:335,(anonymous_44)
FN:343,(anonymous_45)
FN:356,(anonymous_46)
FN:364,(anonymous_47)
FN:393,(anonymous_48)
FN:397,(anonymous_49)
FN:417,(anonymous_50)
FN:451,(anonymous_51)
FN:454,(anonymous_52)
FN:486,(anonymous_53)
FN:489,(anonymous_54)
FN:509,(anonymous_55)
FN:512,(anonymous_56)
FNF:57
FNH:0
FNDA:0,(anonymous_0)
FNDA:0,(anonymous_1)
FNDA:0,(anonymous_2)
FNDA:0,(anonymous_3)
FNDA:0,(anonymous_4)
FNDA:0,(anonymous_5)
FNDA:0,(anonymous_6)
FNDA:0,(anonymous_7)
FNDA:0,(anonymous_8)
FNDA:0,(anonymous_9)
FNDA:0,(anonymous_10)
FNDA:0,(anonymous_11)
FNDA:0,(anonymous_12)
FNDA:0,(anonymous_13)
FNDA:0,(anonymous_14)
FNDA:0,(anonymous_15)
FNDA:0,(anonymous_16)
FNDA:0,(anonymous_17)
FNDA:0,(anonymous_18)
FNDA:0,(anonymous_19)
FNDA:0,(anonymous_20)
FNDA:0,(anonymous_21)
FNDA:0,(anonymous_22)
FNDA:0,(anonymous_23)
FNDA:0,(anonymous_24)
FNDA:0,(anonymous_25)
FNDA:0,(anonymous_26)
FNDA:0,(anonymous_27)
FNDA:0,(anonymous_28)
FNDA:0,(anonymous_29)
FNDA:0,(anonymous_30)
FNDA:0,(anonymous_31)
FNDA:0,(anonymous_32)
FNDA:0,(anonymous_33)
FNDA:0,(anonymous_34)
FNDA:0,(anonymous_35)
FNDA:0,(anonymous_36)
FNDA:0,(anonymous_37)
FNDA:0,(anonymous_38)
FNDA:0,(anonymous_39)
FNDA:0,(anonymous_40)
FNDA:0,(anonymous_41)
FNDA:0,(anonymous_42)
FNDA:0,(anonymous_43)
FNDA:0,(anonymous_44)
FNDA:0,(anonymous_45)
FNDA:0,(anonymous_46)
FNDA:0,(anonymous_47)
FNDA:0,(anonymous_48)
FNDA:0,(anonymous_49)
FNDA:0,(anonymous_50)
FNDA:0,(anonymous_51)
FNDA:0,(anonymous_52)
FNDA:0,(anonymous_53)
FNDA:0,(anonymous_54)
FNDA:0,(anonymous_55)
FNDA:0,(anonymous_56)
DA:7,0
DA:8,0
DA:9,0
DA:10,0
DA:11,0
DA:12,0
DA:13,0
DA:14,0
DA:21,0
DA:26,0
DA:28,0
DA:29,0
DA:30,0
DA:33,0
DA:34,0
DA:37,0
DA:38,0
DA:39,0
DA:46,0
DA:49,0
DA:50,0
DA:51,0
DA:52,0
DA:53,0
DA:54,0
DA:56,0
DA:57,0
DA:58,0
DA:60,0
DA:61,0
DA:63,0
DA:64,0
DA:66,0
DA:67,0
DA:69,0
DA:70,0
DA:72,0
DA:73,0
DA:75,0
DA:76,0
DA:78,0
DA:82,0
DA:83,0
DA:84,0
DA:85,0
DA:86,0
DA:88,0
DA:89,0
DA:90,0
DA:92,0
DA:93,0
DA:96,0
DA:100,0
DA:101,0
DA:102,0
DA:103,0
DA:104,0
DA:106,0
DA:107,0
DA:109,0
DA:113,0
DA:114,0
DA:115,0
DA:116,0
DA:121,0
DA:122,0
DA:124,0
DA:125,0
DA:126,0
DA:127,0
DA:128,0
DA:133,0
DA:135,0
DA:139,0
DA:140,0
DA:141,0
DA:142,0
DA:143,0
DA:144,0
DA:148,0
DA:149,0
DA:150,0
DA:151,0
DA:152,0
DA:153,0
DA:157,0
DA:158,0
DA:165,0
DA:166,0
DA:173,0
DA:174,0
DA:175,0
DA:176,0
DA:177,0
DA:178,0
DA:179,0
DA:181,0
DA:184,0
DA:185,0
DA:186,0
DA:190,0
DA:193,0
DA:194,0
DA:196,0
DA:197,0
DA:198,0
DA:199,0
DA:201,0
DA:204,0
DA:205,0
DA:207,0
DA:211,0
DA:212,0
DA:213,0
DA:217,0
DA:219,0
DA:221,0
DA:222,0
DA:224,0
DA:225,0
DA:226,0
DA:227,0
DA:229,0
DA:232,0
DA:233,0
DA:234,0
DA:235,0
DA:236,0
DA:237,0
DA:238,0
DA:240,0
DA:244,0
DA:245,0
DA:248,0
DA:249,0
DA:252,0
DA:253,0
DA:256,0
DA:267,0
DA:274,0
DA:281,0
DA:288,0
DA:295,0
DA:302,0
DA:317,0
DA:322,0
DA:328,0
DA:335,0
DA:343,0
DA:356,0
DA:364,0
DA:394,0
DA:397,0
DA:417,0
DA:451,0
DA:454,0
DA:486,0
DA:489,0
DA:509,0
DA:512,0
LF:160
LH:0
BRDA:50,0,0,0
BRDA:50,0,1,0
BRDA:58,1,0,0
BRDA:58,1,1,0
BRDA:58,1,2,0
BRDA:58,1,3,0
BRDA:58,1,4,0
BRDA:58,1,5,0
BRDA:58,1,6,0
BRDA:85,2,0,0
BRDA:85,2,1,0
BRDA:85,3,0,0
BRDA:85,3,1,0
BRDA:89,4,0,0
BRDA:89,4,1,0
BRDA:92,5,0,0
BRDA:92,5,1,0
BRDA:92,6,0,0
BRDA:92,6,1,0
BRDA:103,7,0,0
BRDA:103,7,1,0
BRDA:103,8,0,0
BRDA:103,8,1,0
BRDA:121,9,0,0
BRDA:121,9,1,0
BRDA:121,10,0,0
BRDA:121,10,1,0
BRDA:125,11,0,0
BRDA:125,11,1,0
BRDA:130,12,0,0
BRDA:130,12,1,0
BRDA:140,13,0,0
BRDA:140,13,1,0
BRDA:140,13,2,0
BRDA:140,13,3,0
BRDA:149,14,0,0
BRDA:149,14,1,0
BRDA:149,14,2,0
BRDA:149,14,3,0
BRDA:153,15,0,0
BRDA:153,15,1,0
BRDA:165,16,0,0
BRDA:165,16,1,0
BRDA:174,17,0,0
BRDA:174,17,1,0
BRDA:174,18,0,0
BRDA:174,18,1,0
BRDA:176,19,0,0
BRDA:176,19,1,0
BRDA:176,20,0,0
BRDA:176,20,1,0
BRDA:178,21,0,0
BRDA:178,21,1,0
BRDA:178,22,0,0
BRDA:178,22,1,0
BRDA:193,23,0,0
BRDA:193,23,1,0
BRDA:196,24,0,0
BRDA:196,24,1,0
BRDA:199,25,0,0
BRDA:199,25,1,0
BRDA:221,26,0,0
BRDA:221,26,1,0
BRDA:224,27,0,0
BRDA:224,27,1,0
BRDA:227,28,0,0
BRDA:227,28,1,0
BRDA:265,29,0,0
BRDA:265,29,1,0
BRDA:267,30,0,0
BRDA:267,30,1,0
BRDA:270,31,0,0
BRDA:270,31,1,0
BRDA:274,32,0,0
BRDA:274,32,1,0
BRDA:277,33,0,0
BRDA:277,33,1,0
BRDA:281,34,0,0
BRDA:281,34,1,0
BRDA:284,35,0,0
BRDA:284,35,1,0
BRDA:288,36,0,0
BRDA:288,36,1,0
BRDA:291,37,0,0
BRDA:291,37,1,0
BRDA:295,38,0,0
BRDA:295,38,1,0
BRDA:298,39,0,0
BRDA:298,39,1,0
BRDA:302,40,0,0
BRDA:302,40,1,0
BRDA:305,41,0,0
BRDA:305,41,1,0
BRDA:320,42,0,0
BRDA:320,42,1,0
BRDA:372,43,0,0
BRDA:372,43,1,0
BRDA:390,44,0,0
BRDA:390,44,1,0
BRDA:396,45,0,0
BRDA:396,45,1,0
BRDA:412,46,0,0
BRDA:412,46,1,0
BRDA:412,47,0,0
BRDA:412,47,1,0
BRDA:414,48,0,0
BRDA:414,48,1,0
BRDA:418,49,0,0
BRDA:418,49,1,0
BRDA:421,50,0,0
BRDA:421,50,1,0
BRDA:421,51,0,0
BRDA:421,51,1,0
BRDA:421,52,0,0
BRDA:421,52,1,0
BRDA:421,53,0,0
BRDA:421,53,1,0
BRDA:424,54,0,0
BRDA:424,54,1,0
BRDA:427,55,0,0
BRDA:427,55,1,0
BRDA:430,56,0,0
BRDA:430,56,1,0
BRDA:434,57,0,0
BRDA:434,57,1,0
BRDA:437,58,0,0
BRDA:437,58,1,0
BRDA:443,59,0,0
BRDA:443,59,1,0
BRDA:443,60,0,0
BRDA:443,60,1,0
BRDA:448,61,0,0
BRDA:448,61,1,0
BRDA:449,62,0,0
BRDA:449,62,1,0
BRDA:462,63,0,0
BRDA:462,63,1,0
BRDA:462,64,0,0
BRDA:462,64,1,0
BRDA:466,65,0,0
BRDA:466,65,1,0
BRDA:467,66,0,0
BRDA:467,66,1,0
BRDA:468,67,0,0
BRDA:468,67,1,0
BRDA:469,68,0,0
BRDA:469,68,1,0
BRDA:469,68,2,0
BRDA:470,69,0,0
BRDA:470,69,1,0
BRDA:470,70,0,0
BRDA:470,70,1,0
BRDA:472,71,0,0
BRDA:472,71,1,0
BRDA:479,72,0,0
BRDA:479,72,1,0
BRDA:483,73,0,0
BRDA:483,73,1,0
BRDA:484,74,0,0
BRDA:484,74,1,0
BRDA:498,75,0,0
BRDA:498,75,1,0
BRDA:502,76,0,0
BRDA:502,76,1,0
BRDA:505,77,0,0
BRDA:505,77,1,0
BRDA:507,78,0,0
BRDA:507,78,1,0
BRDA:524,79,0,0
BRDA:524,79,1,0
BRDA:528,80,0,0
BRDA:528,80,1,0
BRDA:529,81,0,0
BRDA:529,81,1,0
BRF:174
BRH:0
end_of_record
TN:
SF:src/pages/Login.js
FN:7,(anonymous_0)
FN:17,(anonymous_1)
FN:25,(anonymous_2)
FNF:3
FNH:3
FNDA:19,(anonymous_0)
FNDA:6,(anonymous_1)
FNDA:4,(anonymous_2)
DA:7,1
DA:8,19
DA:9,19
DA:10,19
DA:14,19
DA:15,19
DA:17,19
DA:18,6
DA:22,6
DA:25,19
DA:26,4
DA:27,4
DA:28,4
DA:30,4
DA:32,3
DA:34,3
DA:35,2
DA:36,1
DA:38,1
DA:41,1
DA:45,19
LF:21
LH:21
BRDA:34,0,0,2
BRDA:34,0,1,1
BRDA:35,1,0,1
BRDA:35,1,1,1
BRDA:54,2,0,19
BRDA:54,2,1,1
BRDA:94,3,0,4
BRDA:94,3,1,15
BRDA:104,4,0,19
BRDA:104,4,1,0
BRF:10
BRH:9
end_of_record
TN:
SF:src/pages/Monitor.js
FN:7,(anonymous_0)
FN:15,(anonymous_1)
FN:27,(anonymous_2)
FN:31,(anonymous_3)
FN:34,(anonymous_4)
FN:37,(anonymous_5)
FN:50,(anonymous_6)
FN:63,(anonymous_7)
FN:82,(anonymous_8)
FN:86,(anonymous_9)
FN:94,(anonymous_10)
FN:106,(anonymous_11)
FN:163,(anonymous_12)
FN:194,(anonymous_13)
FNF:14
FNH:0
FNDA:0,(anonymous_0)
FNDA:0,(anonymous_1)
FNDA:0,(anonymous_2)
FNDA:0,(anonymous_3)
FNDA:0,(anonymous_4)
FNDA:0,(anonymous_5)
FNDA:0,(anonymous_6)
FNDA:0,(anonymous_7)
FNDA:0,(anonymous_8)
FNDA:0,(anonymous_9)
FNDA:0,(anonymous_10)
FNDA:0,(anonymous_11)
FNDA:0,(anonymous_12)
FNDA:0,(anonymous_13)
DA:7,0
DA:8,0
DA:9,0
DA:10,0
DA:11,0
DA:12,0
DA:13,0
DA:15,0
DA:16,0
DA:17,0
DA:18,0
DA:19,0
DA:21,0
DA:23,0
DA:27,0
DA:28,0
DA:31,0
DA:32,0
DA:33,0
DA:34,0
DA:37,0
DA:38,0
DA:39,0
DA:40,0
DA:41,0
DA:42,0
DA:45,0
DA:46,0
DA:50,0
DA:51,0
DA:53,0
DA:55,0
DA:58,0
DA:59,0
DA:63,0
DA:64,0
DA:65,0
DA:66,0
DA:67,0
DA:68,0
DA:69,0
DA:70,0
DA:71,0
DA:72,0
DA:76,0
DA:82,0
DA:86,0
DA:94,0
DA:106,0
DA:163,0
DA:194,0
LF:51
LH:0
BRDA:21,0,0,0
BRDA:21,0,1,0
BRDA:32,1,0,0
BRDA:32,1,1,0
BRDA:38,2,0,0
BRDA:38,2,1,0
BRDA:38,2,2,0
BRDA:38,2,3,0
BRDA:38,2,4,0
BRDA:38,2,5,0
BRDA:38,2,6,0
BRDA:38,2,7,0
BRDA:51,3,0,0
BRDA:51,3,1,0
BRDA:51,3,2,0
BRDA:51,3,3,0
BRDA:51,3,4,0
BRDA:51,3,5,0
BRDA:51,3,6,0
BRDA:51,3,7,0
BRDA:64,4,0,0
BRDA:64,4,1,0
BRDA:64,4,2,0
BRDA:64,4,3,0
BRDA:64,4,4,0
BRDA:64,4,5,0
BRDA:64,4,6,0
BRDA:64,4,7,0
BRDA:85,5,0,0
BRDA:85,5,1,0
BRDA:100,6,0,0
BRDA:100,6,1,0
BRDA:100,7,0,0
BRDA:100,7,1,0
BRDA:102,8,0,0
BRDA:102,8,1,0
BRDA:110,9,0,0
BRDA:110,9,1,0
BRDA:131,10,0,0
BRDA:131,10,1,0
BRDA:134,11,0,0
BRDA:134,11,1,0
BRDA:150,12,0,0
BRDA:150,12,1,0
BRDA:153,13,0,0
BRDA:153,13,1,0
BRDA:156,14,0,0
BRDA:156,14,1,0
BRDA:159,15,0,0
BRDA:159,15,1,0
BRDA:162,16,0,0
BRDA:162,16,1,0
BRDA:162,16,2,0
BRDA:180,17,0,0
BRDA:180,17,1,0
BRDA:181,18,0,0
BRDA:181,18,1,0
BRDA:184,19,0,0
BRDA:184,19,1,0
BRDA:187,20,0,0
BRDA:187,20,1,0
BRDA:190,21,0,0
BRDA:190,21,1,0
BRDA:193,22,0,0
BRDA:193,22,1,0
BRF:65
BRH:0
end_of_record
TN:
SF:src/pages/Notifications.js
FN:7,(anonymous_0)
FN:39,(anonymous_1)
FN:43,(anonymous_2)
FN:49,(anonymous_3)
FN:55,(anonymous_4)
FN:59,(anonymous_5)
FN:91,(anonymous_6)
FN:100,(anonymous_7)
FN:112,(anonymous_8)
FN:125,(anonymous_9)
FN:139,(anonymous_10)
FN:149,(anonymous_11)
FN:158,(anonymous_12)
FN:175,(anonymous_13)
FN:193,(anonymous_14)
FN:212,(anonymous_15)
FN:256,(anonymous_16)
FN:265,(anonymous_17)
FN:272,(anonymous_18)
FN:285,(anonymous_19)
FN:294,(anonymous_20)
FN:305,(anonymous_21)
FN:314,(anonymous_22)
FN:325,(anonymous_23)
FN:353,(anonymous_24)
FN:354,(anonymous_25)
FN:364,(anonymous_26)
FN:376,(anonymous_27)
FN:380,(anonymous_28)
FN:383,(anonymous_29)
FN:393,(anonymous_30)
FN:400,(anonymous_31)
FN:423,(anonymous_32)
FN:424,(anonymous_33)
FN:424,(anonymous_34)
FN:429,(anonymous_35)
FN:430,(anonymous_36)
FN:471,(anonymous_37)
FN:492,(anonymous_38)
FN:493,(anonymous_39)
FN:496,(anonymous_40)
FN:502,(anonymous_41)
FNF:42
FNH:9
FNDA:5,(anonymous_0)
FNDA:3,(anonymous_1)
FNDA:4,(anonymous_2)
FNDA:3,(anonymous_3)
FNDA:0,(anonymous_4)
FNDA:0,(anonymous_5)
FNDA:1,(anonymous_6)
FNDA:0,(anonymous_7)
FNDA:0,(anonymous_8)
FNDA:0,(anonymous_9)
FNDA:0,(anonymous_10)
FNDA:0,(anonymous_11)
FNDA:0,(anonymous_12)
FNDA:0,(anonymous_13)
FNDA:0,(anonymous_14)
FNDA:0,(anonymous_15)
FNDA:0,(anonymous_16)
FNDA:0,(anonymous_17)
FNDA:0,(anonymous_18)
FNDA:0,(anonymous_19)
FNDA:0,(anonymous_20)
FNDA:0,(anonymous_21)
FNDA:0,(anonymous_22)
FNDA:0,(anonymous_23)
FNDA:0,(anonymous_24)
FNDA:1,(anonymous_25)
FNDA:0,(anonymous_26)
FNDA:0,(anonymous_27)
FNDA:0,(anonymous_28)
FNDA:0,(anonymous_29)
FNDA:0,(anonymous_30)
FNDA:0,(anonymous_31)
FNDA:0,(anonymous_32)
FNDA:24,(anonymous_33)
FNDA:24,(anonymous_34)
FNDA:0,(anonymous_35)
FNDA:4,(anonymous_36)
FNDA:0,(anonymous_37)
FNDA:0,(anonymous_38)
FNDA:0,(anonymous_39)
FNDA:0,(anonymous_40)
FNDA:0,(anonymous_41)
DA:7,1
DA:8,5
DA:9,5
DA:19,5
DA:20,5
DA:21,5
DA:22,5
DA:23,5
DA:24,5
DA:25,5
DA:26,5
DA:27,5
DA:28,5
DA:29,5
DA:30,5
DA:35,5
DA:36,5
DA:37,5
DA:39,5
DA:40,3
DA:43,5
DA:44,4
DA:45,1
DA:49,5
DA:50,3
DA:51,3
DA:55,0
DA:58,1
DA:59,0
DA:71,1
DA:72,1
DA:74,1
DA:75,0
DA:76,0
DA:77,0
DA:78,0
DA:81,1
DA:82,1
DA:85,1
DA:87,2
DA:91,5
DA:92,1
DA:93,1
DA:94,1
DA:96,0
DA:100,5
DA:101,0
DA:102,0
DA:103,0
DA:104,0
DA:106,0
DA:108,0
DA:112,5
DA:113,0
DA:114,0
DA:115,0
DA:116,0
DA:117,0
DA:119,0
DA:121,0
DA:125,5
DA:126,0
DA:127,0
DA:128,0
DA:130,0
DA:131,0
DA:132,0
DA:133,0
DA:135,0
DA:139,5
DA:140,0
DA:141,0
DA:142,0
DA:143,0
DA:145,0
DA:149,5
DA:150,0
DA:151,0
DA:152,0
DA:154,0
DA:158,5
DA:159,0
DA:160,0
DA:161,0
DA:162,0
DA:163,0
DA:164,0
DA:166,0
DA:169,0
DA:171,0
DA:175,5
DA:176,0
DA:177,0
DA:178,0
DA:179,0
DA:180,0
DA:181,0
DA:182,0
DA:184,0
DA:187,0
DA:189,0
DA:193,5
DA:194,0
DA:195,0
DA:196,0
DA:197,0
DA:201,0
DA:202,0
DA:203,0
DA:206,0
DA:208,0
DA:212,5
DA:213,0
DA:214,0
DA:215,0
DA:219,0
DA:220,0
DA:223,0
DA:225,0
DA:229,5
DA:230,2
DA:233,3
DA:234,2
DA:237,1
DA:256,0
DA:265,0
DA:272,0
DA:285,0
DA:294,0
DA:305,0
DA:314,0
DA:325,0
DA:353,0
DA:355,1
DA:364,0
DA:377,0
DA:380,0
DA:383,0
DA:393,0
DA:400,0
DA:423,0
DA:424,24
DA:425,24
DA:429,0
DA:431,4
DA:472,0
DA:492,0
DA:493,0
DA:496,0
DA:502,0
LF:150
LH:56
BRDA:44,0,0,1
BRDA:44,0,1,3
BRDA:58,1,0,0
BRDA:58,1,1,1
BRDA:61,2,0,0
BRDA:61,2,1,0
BRDA:62,3,0,0
BRDA:62,3,1,0
BRDA:63,4,0,0
BRDA:63,4,1,0
BRDA:64,5,0,0
BRDA:64,5,1,0
BRDA:65,6,0,0
BRDA:65,6,1,0
BRDA:66,7,0,0
BRDA:66,7,1,0
BRDA:67,8,0,0
BRDA:67,8,1,0
BRDA:71,9,0,1
BRDA:71,9,1,0
BRDA:72,10,0,1
BRDA:72,10,1,0
BRDA:74,11,0,0
BRDA:74,11,1,1
BRDA:76,12,0,0
BRDA:76,12,1,0
BRDA:81,13,0,1
BRDA:81,13,1,0
BRDA:81,14,0,1
BRDA:81,14,1,1
BRDA:94,15,0,1
BRDA:94,15,1,0
BRDA:106,16,0,0
BRDA:106,16,1,0
BRDA:119,17,0,0
BRDA:119,17,1,0
BRDA:126,18,0,0
BRDA:126,18,1,0
BRDA:126,19,0,0
BRDA:126,19,1,0
BRDA:135,20,0,0
BRDA:135,20,1,0
BRDA:140,21,0,0
BRDA:140,21,1,0
BRDA:145,22,0,0
BRDA:145,22,1,0
BRDA:154,23,0,0
BRDA:154,23,1,0
BRDA:162,24,0,0
BRDA:162,24,1,0
BRDA:169,25,0,0
BRDA:169,25,1,0
BRDA:176,26,0,0
BRDA:176,26,1,0
BRDA:180,27,0,0
BRDA:180,27,1,0
BRDA:187,28,0,0
BRDA:187,28,1,0
BRDA:201,29,0,0
BRDA:201,29,1,0
BRDA:206,30,0,0
BRDA:206,30,1,0
BRDA:219,31,0,0
BRDA:219,31,1,0
BRDA:223,32,0,0
BRDA:223,32,1,0
BRDA:229,33,0,2
BRDA:229,33,1,3
BRDA:233,34,0,2
BRDA:233,34,1,1
BRDA:271,35,0,0
BRDA:271,35,1,1
BRDA:333,36,0,0
BRDA:333,36,1,1
BRDA:337,37,0,0
BRDA:337,37,1,1
BRDA:341,38,0,1
BRDA:341,38,1,0
BRDA:342,39,0,0
BRDA:342,39,1,0
BRDA:343,40,0,0
BRDA:343,40,1,0
BRDA:353,41,0,1
BRDA:353,41,1,0
BRDA:373,42,0,1
BRDA:373,42,1,0
BRDA:377,43,0,0
BRDA:377,43,1,0
BRDA:380,44,0,0
BRDA:380,44,1,0
BRDA:381,45,0,0
BRDA:381,45,1,0
BRDA:394,46,0,0
BRDA:394,46,1,1
BRDA:411,47,0,1
BRDA:411,47,1,0
BRDA:412,48,0,1
BRDA:412,48,1,0
BRDA:415,49,0,1
BRDA:415,49,1,0
BRDA:438,50,0,1
BRDA:438,50,1,0
BRDA:443,51,0,0
BRDA:443,51,1,1
BRDA:468,52,0,1
BRDA:468,52,1,0
BRDA:474,53,0,0
BRDA:474,53,1,0
BRDA:479,54,0,0
BRDA:479,54,1,0
BRDA:480,55,0,0
BRDA:480,55,1,0
BRDA:491,56,0,1
BRDA:491,56,1,0
BRDA:502,57,0,0
BRDA:502,57,1,0
BRF:116
BRH:28
end_of_record
TN:
SF:src/pages/Processing.js
FN:7,(anonymous_0)
FN:13,(anonymous_1)
FN:32,(anonymous_2)
FN:130,(anonymous_3)
FN:136,(anonymous_4)
FN:147,(anonymous_5)
FN:156,(anonymous_6)
FN:165,(anonymous_7)
FN:188,(anonymous_8)
FN:198,(anonymous_9)
FN:209,(anonymous_10)
FN:214,(anonymous_11)
FN:224,(anonymous_12)
FN:236,(anonymous_13)
FN:238,(anonymous_14)
FN:241,(anonymous_15)
FN:245,(anonymous_16)
FN:268,(anonymous_17)
FN:286,(anonymous_18)
FN:313,(anonymous_19)
FN:346,(anonymous_20)
FN:382,(anonymous_21)
FN:387,(anonymous_22)
FN:408,(anonymous_23)
FN:426,(anonymous_24)
FN:427,(anonymous_25)
FN:427,(anonymous_26)
FN:430,(anonymous_27)
FN:453,(anonymous_28)
FN:454,(anonymous_29)
FN:455,(anonymous_30)
FN:466,(anonymous_31)
FN:472,(anonymous_32)
FN:500,(anonymous_33)
FN:521,(anonymous_34)
FN:527,(anonymous_35)
FN:529,(anonymous_36)
FN:533,(anonymous_37)
FN:535,(anonymous_38)
FN:539,(anonymous_39)
FN:541,(anonymous_40)
FN:545,(anonymous_41)
FN:555,(anonymous_42)
FN:583,(anonymous_43)
FN:587,(anonymous_44)
FN:612,(anonymous_45)
FN:636,(anonymous_46)
FN:646,(anonymous_47)
FN:652,(anonymous_48)
FN:658,(anonymous_49)
FN:664,(anonymous_50)
FN:670,(anonymous_51)
FN:679,(anonymous_52)
FN:681,(anonymous_53)
FN:702,(anonymous_54)
FN:778,(anonymous_55)
FN:828,(anonymous_56)
FN:842,(anonymous_57)
FN:853,(anonymous_58)
FN:866,(anonymous_59)
FN:879,(anonymous_60)
FN:892,(anonymous_61)
FN:905,(anonymous_62)
FN:918,(anonymous_63)
FN:982,(anonymous_64)
FN:1004,(anonymous_65)
FN:1090,(anonymous_66)
FN:1099,(anonymous_67)
FN:1111,(anonymous_68)
FN:1128,(anonymous_69)
FN:1138,(anonymous_70)
FN:1149,(anonymous_71)
FN:1161,(anonymous_72)
FN:1170,(anonymous_73)
FN:1173,(anonymous_74)
FN:1189,(anonymous_75)
FN:1284,(anonymous_76)
FN:1301,(anonymous_77)
FN:1307,(anonymous_78)
FN:1316,(anonymous_79)
FN:1319,(anonymous_80)
FN:1330,(anonymous_81)
FN:1331,(anonymous_82)
FN:1338,(anonymous_83)
FN:1344,(anonymous_84)
FN:1356,(anonymous_85)
FN:1365,(anonymous_86)
FN:1372,(anonymous_87)
FN:1375,(anonymous_88)
FN:1385,(anonymous_89)
FN:1389,(anonymous_90)
FN:1442,(anonymous_91)
FN:1475,(anonymous_92)
FN:1506,(anonymous_93)
FN:1511,(anonymous_94)
FN:1512,(anonymous_95)
FN:1515,(anonymous_96)
FN:1554,(anonymous_97)
FN:1560,(anonymous_98)
FN:1571,(anonymous_99)
FN:1580,(anonymous_100)
FN:1604,(anonymous_101)
FN:1614,(anonymous_102)
FN:1626,(anonymous_103)
FN:1637,(anonymous_104)
FNF:105
FNH:0
FNDA:0,(anonymous_0)
FNDA:0,(anonymous_1)
FNDA:0,(anonymous_2)
FNDA:0,(anonymous_3)
FNDA:0,(anonymous_4)
FNDA:0,(anonymous_5)
FNDA:0,(anonymous_6)
FNDA:0,(anonymous_7)
FNDA:0,(anonymous_8)
FNDA:0,(anonymous_9)
FNDA:0,(anonymous_10)
FNDA:0,(anonymous_11)
FNDA:0,(anonymous_12)
FNDA:0,(anonymous_13)
FNDA:0,(anonymous_14)
FNDA:0,(anonymous_15)
FNDA:0,(anonymous_16)
FNDA:0,(anonymous_17)
FNDA:0,(anonymous_18)
FNDA:0,(anonymous_19)
FNDA:0,(anonymous_20)
FNDA:0,(anonymous_21)
FNDA:0,(anonymous_22)
FNDA:0,(anonymous_23)
FNDA:0,(anonymous_24)
FNDA:0,(anonymous_25)
FNDA:0,(anonymous_26)
FNDA:0,(anonymous_27)
FNDA:0,(anonymous_28)
FNDA:0,(anonymous_29)
FNDA:0,(anonymous_30)
FNDA:0,(anonymous_31)
FNDA:0,(anonymous_32)
FNDA:0,(anonymous_33)
FNDA:0,(anonymous_34)
FNDA:0,(anonymous_35)
FNDA:0,(anonymous_36)
FNDA:0,(anonymous_37)
FNDA:0,(anonymous_38)
FNDA:0,(anonymous_39)
FNDA:0,(anonymous_40)
FNDA:0,(anonymous_41)
FNDA:0,(anonymous_42)
FNDA:0,(anonymous_43)
FNDA:0,(anonymous_44)
FNDA:0,(anonymous_45)
FNDA:0,(anonymous_46)
FNDA:0,(anonymous_47)
FNDA:0,(anonymous_48)
FNDA:0,(anonymous_49)
FNDA:0,(anonymous_50)
FNDA:0,(anonymous_51)
FNDA:0,(anonymous_52)
FNDA:0,(anonymous_53)
FNDA:0,(anonymous_54)
FNDA:0,(anonymous_55)
FNDA:0,(anonymous_56)
FNDA:0,(anonymous_57)
FNDA:0,(anonymous_58)
FNDA:0,(anonymous_59)
FNDA:0,(anonymous_60)
FNDA:0,(anonymous_61)
FNDA:0,(anonymous_62)
FNDA:0,(anonymous_63)
FNDA:0,(anonymous_64)
FNDA:0,(anonymous_65)
FNDA:0,(anonymous_66)
FNDA:0,(anonymous_67)
FNDA:0,(anonymous_68)
FNDA:0,(anonymous_69)
FNDA:0,(anonymous_70)
FNDA:0,(anonymous_71)
FNDA:0,(anonymous_72)
FNDA:0,(anonymous_73)
FNDA:0,(anonymous_74)
FNDA:0,(anonymous_75)
FNDA:0,(anonymous_76)
FNDA:0,(anonymous_77)
FNDA:0,(anonymous_78)
FNDA:0,(anonymous_79)
FNDA:0,(anonymous_80)
FNDA:0,(anonymous_81)
FNDA:0,(anonymous_82)
FNDA:0,(anonymous_83)
FNDA:0,(anonymous_84)
FNDA:0,(anonymous_85)
FNDA:0,(anonymous_86)
FNDA:0,(anonymous_87)
FNDA:0,(anonymous_88)
FNDA:0,(anonymous_89)
FNDA:0,(anonymous_90)
FNDA:0,(anonymous_91)
FNDA:0,(anonymous_92)
FNDA:0,(anonymous_93)
FNDA:0,(anonymous_94)
FNDA:0,(anonymous_95)
FNDA:0,(anonymous_96)
FNDA:0,(anonymous_97)
FNDA:0,(anonymous_98)
FNDA:0,(anonymous_99)
FNDA:0,(anonymous_100)
FNDA:0,(anonymous_101)
FNDA:0,(anonymous_102)
FNDA:0,(anonymous_103)
FNDA:0,(anonymous_104)
DA:7,0
DA:8,0
DA:9,0
DA:10,0
DA:11,0
DA:12,0
DA:13,0
DA:14,0
DA:15,0
DA:16,0
DA:17,0
DA:18,0
DA:19,0
DA:29,0
DA:32,0
DA:33,0
DA:34,0
DA:35,0
DA:38,0
DA:39,0
DA:41,0
DA:42,0
DA:53,0
DA:54,0
DA:60,0
DA:61,0
DA:63,0
DA:64,0
DA:66,0
DA:67,0
DA:70,0
DA:72,0
DA:78,0
DA:79,0
DA:85,0
DA:89,0
DA:90,0
DA:91,0
DA:92,0
DA:93,0
DA:94,0
DA:100,0
DA:101,0
DA:102,0
DA:112,0
DA:121,0
DA:122,0
DA:123,0
DA:124,0
DA:125,0
DA:126,0
DA:127,0
DA:128,0
DA:130,0
DA:131,0
DA:136,0
DA:137,0
DA:138,0
DA:147,0
DA:148,0
DA:149,0
DA:150,0
DA:152,0
DA:156,0
DA:157,0
DA:158,0
DA:159,0
DA:161,0
DA:165,0
DA:166,0
DA:167,0
DA:168,0
DA:170,0
DA:171,0
DA:177,0
DA:178,0
DA:179,0
DA:180,0
DA:181,0
DA:184,0
DA:188,0
DA:189,0
DA:190,0
DA:191,0
DA:192,0
DA:194,0
DA:198,0
DA:199,0
DA:200,0
DA:201,0
DA:202,0
DA:203,0
DA:205,0
DA:209,0
DA:210,0
DA:211,0
DA:214,0
DA:215,0
DA:217,0
DA:219,0
DA:222,0
DA:224,0
DA:225,0
DA:228,0
DA:229,0
DA:232,0
DA:236,0
DA:237,0
DA:238,0
DA:241,0
DA:242,0
DA:243,0
DA:245,0
DA:246,0
DA:247,0
DA:268,0
DA:282,0
DA:283,0
DA:286,0
DA:287,0
DA:288,0
DA:289,0
DA:292,0
DA:293,0
DA:294,0
DA:295,0
DA:297,0
DA:298,0
DA:303,0
DA:304,0
DA:307,0
DA:309,0
DA:313,0
DA:314,0
DA:316,0
DA:317,0
DA:318,0
DA:321,0
DA:322,0
DA:323,0
DA:325,0
DA:326,0
DA:327,0
DA:328,0
DA:330,0
DA:331,0
DA:332,0
DA:333,0
DA:335,0
DA:336,0
DA:338,0
DA:340,0
DA:346,0
DA:347,0
DA:349,0
DA:350,0
DA:351,0
DA:354,0
DA:355,0
DA:356,0
DA:357,0
DA:358,0
DA:362,0
DA:363,0
DA:364,0
DA:365,0
DA:369,0
DA:370,0
DA:371,0
DA:372,0
DA:375,0
DA:376,0
DA:378,0
DA:379,0
DA:382,0
DA:383,0
DA:386,0
DA:387,0
DA:388,0
DA:389,0
DA:390,0
DA:393,0
DA:408,0
DA:411,0
DA:421,0
DA:423,0
DA:426,0
DA:427,0
DA:430,0
DA:431,0
DA:432,0
DA:433,0
DA:436,0
DA:437,0
DA:438,0
DA:441,0
DA:443,0
DA:444,0
DA:450,0
DA:451,0
DA:453,0
DA:454,0
DA:455,0
DA:457,0
DA:460,0
DA:462,0
DA:466,0
DA:467,0
DA:468,0
DA:469,0
DA:472,0
DA:473,0
DA:474,0
DA:475,0
DA:478,0
DA:480,0
DA:481,0
DA:486,0
DA:489,0
DA:492,0
DA:494,0
DA:500,0
DA:501,0
DA:503,0
DA:521,0
DA:522,0
DA:523,0
DA:524,0
DA:527,0
DA:528,0
DA:529,0
DA:530,0
DA:533,0
DA:534,0
DA:535,0
DA:536,0
DA:539,0
DA:540,0
DA:541,0
DA:542,0
DA:545,0
DA:546,0
DA:547,0
DA:548,0
DA:551,0
DA:552,0
DA:553,0
DA:555,0
DA:567,0
DA:568,0
DA:569,0
DA:570,0
DA:571,0
DA:573,0
DA:576,0
DA:577,0
DA:579,0
DA:583,0
DA:584,0
DA:585,0
DA:587,0
DA:588,0
DA:600,0
DA:601,0
DA:602,0
DA:603,0
DA:604,0
DA:605,0
DA:606,0
DA:607,0
DA:609,0
DA:612,0
DA:613,0
DA:614,0
DA:615,0
DA:616,0
DA:617,0
DA:618,0
DA:619,0
DA:620,0
DA:621,0
DA:622,0
DA:623,0
DA:625,0
DA:629,0
DA:636,0
DA:646,0
DA:652,0
DA:658,0
DA:664,0
DA:670,0
DA:679,0
DA:682,0
DA:702,0
DA:778,0
DA:828,0
DA:842,0
DA:853,0
DA:866,0
DA:879,0
DA:892,0
DA:905,0
DA:918,0
DA:983,0
DA:1004,0
DA:1090,0
DA:1099,0
DA:1111,0
DA:1128,0
DA:1138,0
DA:1149,0
DA:1161,0
DA:1170,0
DA:1174,0
DA:1190,0
DA:1199,0
DA:1200,0
DA:1201,0
DA:1284,0
DA:1302,0
DA:1307,0
DA:1316,0
DA:1319,0
DA:1330,0
DA:1331,0
DA:1338,0
DA:1344,0
DA:1356,0
DA:1365,0
DA:1372,0
DA:1376,0
DA:1385,0
DA:1389,0
DA:1443,0
DA:1476,0
DA:1506,0
DA:1507,0
DA:1508,0
DA:1509,0
DA:1511,0
DA:1512,0
DA:1515,0
DA:1516,0
DA:1517,0
DA:1518,0
DA:1520,0
DA:1521,0
DA:1522,0
DA:1524,0
DA:1527,0
DA:1538,0
DA:1555,0
DA:1560,0
DA:1571,0
DA:1580,0
DA:1581,0
DA:1582,0
DA:1584,0
DA:1595,0
DA:1604,0
DA:1615,0
DA:1627,0
DA:1638,0
LF:363
LH:0
BRDA:11,0,0,0
BRDA:11,0,1,0
BRDA:33,1,0,0
BRDA:33,1,1,0
BRDA:33,2,0,0
BRDA:33,2,1,0
BRDA:46,3,0,0
BRDA:46,3,1,0
BRDA:47,4,0,0
BRDA:47,4,1,0
BRDA:53,5,0,0
BRDA:53,5,1,0
BRDA:57,6,0,0
BRDA:57,6,1,0
BRDA:60,7,0,0
BRDA:60,7,1,0
BRDA:63,8,0,0
BRDA:63,8,1,0
BRDA:66,9,0,0
BRDA:66,9,1,0
BRDA:70,10,0,0
BRDA:70,10,1,0
BRDA:74,11,0,0
BRDA:74,11,1,0
BRDA:82,12,0,0
BRDA:82,12,1,0
BRDA:82,12,2,0
BRDA:137,13,0,0
BRDA:137,13,1,0
BRDA:139,14,0,0
BRDA:139,14,1,0
BRDA:142,15,0,0
BRDA:142,15,1,0
BRDA:150,16,0,0
BRDA:150,16,1,0
BRDA:166,17,0,0
BRDA:166,17,1,0
BRDA:174,18,0,0
BRDA:174,18,1,0
BRDA:175,19,0,0
BRDA:175,19,1,0
BRDA:177,20,0,0
BRDA:177,20,1,0
BRDA:184,21,0,0
BRDA:184,21,1,0
BRDA:192,22,0,0
BRDA:192,22,1,0
BRDA:199,23,0,0
BRDA:199,23,1,0
BRDA:217,24,0,0
BRDA:217,24,1,0
BRDA:217,25,0,0
BRDA:217,25,1,0
BRDA:224,26,0,0
BRDA:224,26,1,0
BRDA:228,27,0,0
BRDA:228,27,1,0
BRDA:228,28,0,0
BRDA:228,28,1,0
BRDA:228,28,2,0
BRDA:236,29,0,0
BRDA:242,30,0,0
BRDA:242,30,1,0
BRDA:243,31,0,0
BRDA:243,31,1,0
BRDA:246,32,0,0
BRDA:246,32,1,0
BRDA:250,33,0,0
BRDA:250,33,1,0
BRDA:251,34,0,0
BRDA:251,34,1,0
BRDA:252,35,0,0
BRDA:252,35,1,0
BRDA:253,36,0,0
BRDA:253,36,1,0
BRDA:254,37,0,0
BRDA:254,37,1,0
BRDA:256,38,0,0
BRDA:256,38,1,0
BRDA:257,39,0,0
BRDA:257,39,1,0
BRDA:258,40,0,0
BRDA:258,40,1,0
BRDA:259,41,0,0
BRDA:259,41,1,0
BRDA:260,42,0,0
BRDA:260,42,1,0
BRDA:261,43,0,0
BRDA:261,43,1,0
BRDA:262,44,0,0
BRDA:262,44,1,0
BRDA:263,45,0,0
BRDA:263,45,1,0
BRDA:270,46,0,0
BRDA:270,46,1,0
BRDA:271,47,0,0
BRDA:271,47,1,0
BRDA:272,48,0,0
BRDA:272,48,1,0
BRDA:273,49,0,0
BRDA:273,49,1,0
BRDA:274,50,0,0
BRDA:274,50,1,0
BRDA:275,51,0,0
BRDA:275,51,1,0
BRDA:276,52,0,0
BRDA:276,52,1,0
BRDA:277,53,0,0
BRDA:277,53,1,0
BRDA:278,54,0,0
BRDA:278,54,1,0
BRDA:287,55,0,0
BRDA:287,55,1,0
BRDA:287,56,0,0
BRDA:287,56,1,0
BRDA:307,57,0,0
BRDA:307,57,1,0
BRDA:316,58,0,0
BRDA:316,58,1,0
BRDA:316,59,0,0
BRDA:316,59,1,0
BRDA:338,60,0,0
BRDA:338,60,1,0
BRDA:349,61,0,0
BRDA:349,61,1,0
BRDA:350,62,0,0
BRDA:350,62,1,0
BRDA:351,63,0,0
BRDA:351,63,1,0
BRDA:355,64,0,0
BRDA:355,64,1,0
BRDA:357,65,0,0
BRDA:357,65,1,0
BRDA:362,66,0,0
BRDA:362,66,1,0
BRDA:364,67,0,0
BRDA:364,67,1,0
BRDA:369,68,0,0
BRDA:369,68,1,0
BRDA:371,69,0,0
BRDA:371,69,1,0
BRDA:375,70,0,0
BRDA:375,70,1,0
BRDA:376,71,0,0
BRDA:376,71,1,0
BRDA:383,72,0,0
BRDA:383,72,1,0
BRDA:388,73,0,0
BRDA:388,73,1,0
BRDA:431,74,0,0
BRDA:431,74,1,0
BRDA:436,75,0,0
BRDA:436,75,1,0
BRDA:450,76,0,0
BRDA:450,76,1,0
BRDA:460,77,0,0
BRDA:460,77,1,0
BRDA:467,78,0,0
BRDA:467,78,1,0
BRDA:472,79,0,0
BRDA:472,79,1,0
BRDA:473,80,0,0
BRDA:473,80,1,0
BRDA:486,81,0,0
BRDA:486,81,1,0
BRDA:492,82,0,0
BRDA:492,82,1,0
BRDA:522,83,0,0
BRDA:522,83,1,0
BRDA:546,84,0,0
BRDA:546,84,1,0
BRDA:546,85,0,0
BRDA:546,85,1,0
BRDA:556,86,0,0
BRDA:556,86,1,0
BRDA:557,87,0,0
BRDA:557,87,1,0
BRDA:557,87,2,0
BRDA:558,88,0,0
BRDA:558,88,1,0
BRDA:558,88,2,0
BRDA:559,89,0,0
BRDA:559,89,1,0
BRDA:560,90,0,0
BRDA:560,90,1,0
BRDA:561,91,0,0
BRDA:561,91,1,0
BRDA:562,92,0,0
BRDA:562,92,1,0
BRDA:563,93,0,0
BRDA:563,93,1,0
BRDA:567,94,0,0
BRDA:567,94,1,0
BRDA:573,95,0,0
BRDA:573,95,1,0
BRDA:577,96,0,0
BRDA:577,96,1,0
BRDA:589,97,0,0
BRDA:589,97,1,0
BRDA:590,98,0,0
BRDA:590,98,1,0
BRDA:591,99,0,0
BRDA:591,99,1,0
BRDA:592,100,0,0
BRDA:592,100,1,0
BRDA:593,101,0,0
BRDA:593,101,1,0
BRDA:594,102,0,0
BRDA:594,102,1,0
BRDA:595,103,0,0
BRDA:595,103,1,0
BRDA:596,104,0,0
BRDA:596,104,1,0
BRDA:632,105,0,0
BRDA:632,105,1,0
BRDA:634,106,0,0
BRDA:634,106,1,0
BRDA:645,107,0,0
BRDA:645,107,1,0
BRDA:651,108,0,0
BRDA:651,108,1,0
BRDA:657,109,0,0
BRDA:657,109,1,0
BRDA:663,110,0,0
BRDA:663,110,1,0
BRDA:669,111,0,0
BRDA:669,111,1,0
BRDA:692,112,0,0
BRDA:692,112,1,0
BRDA:705,113,0,0
BRDA:705,113,1,0
BRDA:717,114,0,0
BRDA:717,114,1,0
BRDA:719,115,0,0
BRDA:719,115,1,0
BRDA:720,116,0,0
BRDA:720,116,1,0
BRDA:770,117,0,0
BRDA:770,117,1,0
BRDA:786,118,0,0
BRDA:786,118,1,0
BRDA:788,119,0,0
BRDA:788,119,1,0
BRDA:789,120,0,0
BRDA:789,120,1,0
BRDA:814,121,0,0
BRDA:814,121,1,0
BRDA:824,122,0,0
BRDA:824,122,1,0
BRDA:834,123,0,0
BRDA:834,123,1,0
BRDA:837,124,0,0
BRDA:837,124,1,0
BRDA:845,125,0,0
BRDA:845,125,1,0
BRDA:848,126,0,0
BRDA:848,126,1,0
BRDA:856,127,0,0
BRDA:856,127,1,0
BRDA:861,128,0,0
BRDA:861,128,1,0
BRDA:870,129,0,0
BRDA:870,129,1,0
BRDA:874,130,0,0
BRDA:874,130,1,0
BRDA:883,131,0,0
BRDA:883,131,1,0
BRDA:887,132,0,0
BRDA:887,132,1,0
BRDA:895,133,0,0
BRDA:895,133,1,0
BRDA:901,134,0,0
BRDA:901,134,1,0
BRDA:911,135,0,0
BRDA:911,135,1,0
BRDA:914,136,0,0
BRDA:914,136,1,0
BRDA:924,137,0,0
BRDA:924,137,1,0
BRDA:940,138,0,0
BRDA:940,138,1,0
BRDA:955,139,0,0
BRDA:955,139,1,0
BRDA:995,140,0,0
BRDA:995,140,1,0
BRDA:996,141,0,0
BRDA:996,141,1,0
BRDA:997,142,0,0
BRDA:997,142,1,0
BRDA:998,143,0,0
BRDA:998,143,1,0
BRDA:1051,144,0,0
BRDA:1051,144,1,0
BRDA:1121,145,0,0
BRDA:1121,145,1,0
BRDA:1126,146,0,0
BRDA:1126,146,1,0
BRDA:1126,147,0,0
BRDA:1126,147,1,0
BRDA:1143,148,0,0
BRDA:1143,148,1,0
BRDA:1143,148,2,0
BRDA:1183,149,0,0
BRDA:1183,149,1,0
BRDA:1183,149,2,0
BRDA:1185,150,0,0
BRDA:1185,150,1,0
BRDA:1209,151,0,0
BRDA:1209,151,1,0
BRDA:1213,152,0,0
BRDA:1213,152,1,0
BRDA:1214,153,0,0
BRDA:1214,153,1,0
BRDA:1216,154,0,0
BRDA:1216,154,1,0
BRDA:1218,155,0,0
BRDA:1218,155,1,0
BRDA:1226,156,0,0
BRDA:1226,156,1,0
BRDA:1289,157,0,0
BRDA:1289,157,1,0
BRDA:1291,158,0,0
BRDA:1291,158,1,0
BRDA:1292,159,0,0
BRDA:1292,159,1,0
BRDA:1293,160,0,0
BRDA:1293,160,1,0
BRDA:1298,161,0,0
BRDA:1298,161,1,0
BRDA:1302,162,0,0
BRDA:1302,162,1,0
BRDA:1305,163,0,0
BRDA:1305,163,1,0
BRDA:1312,164,0,0
BRDA:1312,164,1,0
BRDA:1313,165,0,0
BRDA:1313,165,1,0
BRDA:1315,166,0,0
BRDA:1315,166,1,0
BRDA:1317,167,0,0
BRDA:1317,167,1,0
BRDA:1329,168,0,0
BRDA:1329,168,1,0
BRDA:1334,169,0,0
BRDA:1334,169,1,0
BRDA:1400,170,0,0
BRDA:1400,170,1,0
BRDA:1400,170,2,0
BRDA:1400,170,3,0
BRDA:1400,170,4,0
BRDA:1402,171,0,0
BRDA:1402,171,1,0
BRDA:1403,172,0,0
BRDA:1403,172,1,0
BRDA:1404,173,0,0
BRDA:1404,173,1,0
BRDA:1407,174,0,0
BRDA:1407,174,1,0
BRDA:1435,175,0,0
BRDA:1435,175,1,0
BRDA:1444,176,0,0
BRDA:1444,176,1,0
BRDA:1460,177,0,0
BRDA:1460,177,1,0
BRDA:1460,177,2,0
BRDA:1467,178,0,0
BRDA:1467,178,1,0
BRDA:1477,179,0,0
BRDA:1477,179,1,0
BRDA:1489,180,0,0
BRDA:1489,180,1,0
BRDA:1491,181,0,0
BRDA:1491,181,1,0
BRDA:1492,182,0,0
BRDA:1492,182,1,0
BRDA:1509,183,0,0
BRDA:1509,183,1,0
BRDA:1516,184,0,0
BRDA:1516,184,1,0
BRDA:1516,185,0,0
BRDA:1516,185,1,0
BRDA:1520,186,0,0
BRDA:1520,186,1,0
BRDA:1520,187,0,0
BRDA:1520,187,1,0
BRDA:1542,188,0,0
BRDA:1542,188,1,0
BRDA:1543,189,0,0
BRDA:1543,189,1,0
BRDA:1548,190,0,0
BRDA:1548,190,1,0
BRDA:1555,191,0,0
BRDA:1555,191,1,0
BRDA:1555,192,0,0
BRDA:1555,192,1,0
BRDA:1556,193,0,0
BRDA:1556,193,1,0
BRDA:1559,194,0,0
BRDA:1559,194,1,0
BRDA:1561,195,0,0
BRDA:1561,195,1,0
BRDA:1561,196,0,0
BRDA:1561,196,1,0
BRDA:1582,197,0,0
BRDA:1582,197,1,0
BRDA:1596,198,0,0
BRDA:1596,198,1,0
BRDA:1599,199,0,0
BRDA:1599,199,1,0
BRDA:1609,200,0,0
BRDA:1609,200,1,0
BRDA:1615,201,0,0
BRDA:1615,201,1,0
BRDA:1617,202,0,0
BRDA:1617,202,1,0
BRDA:1627,203,0,0
BRDA:1627,203,1,0
BRDA:1629,204,0,0
BRDA:1629,204,1,0
BRDA:1640,205,0,0
BRDA:1640,205,1,0
BRF:421
BRH:0
end_of_record
TN:
SF:src/pages/Profile.js
FN:7,(anonymous_0)
FN:24,(anonymous_1)
FN:28,(anonymous_2)
FN:43,(anonymous_3)
FN:60,(anonymous_4)
FN:93,(anonymous_5)
FN:137,(anonymous_6)
FN:147,(anonymous_7)
FN:167,(anonymous_8)
FN:170,(anonymous_9)
FN:181,(anonymous_10)
FN:192,(anonymous_11)
FNF:12
FNH:7
FNDA:13,(anonymous_0)
FNDA:5,(anonymous_1)
FNDA:5,(anonymous_2)
FNDA:1,(anonymous_3)
FNDA:1,(anonymous_4)
FNDA:13,(anonymous_5)
FNDA:0,(anonymous_6)
FNDA:0,(anonymous_7)
FNDA:0,(anonymous_8)
FNDA:0,(anonymous_9)
FNDA:1,(anonymous_10)
FNDA:0,(anonymous_11)
DA:7,1
DA:8,13
DA:9,13
DA:10,13
DA:11,13
DA:13,13
DA:18,13
DA:24,13
DA:25,5
DA:28,13
DA:29,5
DA:30,5
DA:31,5
DA:32,5
DA:33,5
DA:39,0
DA:43,13
DA:44,1
DA:45,1
DA:46,1
DA:48,1
DA:49,1
DA:50,1
DA:51,1
DA:54,0
DA:56,1
DA:60,13
DA:61,1
DA:63,1
DA:64,1
DA:65,1
DA:68,0
DA:69,0
DA:70,0
DA:73,0
DA:74,0
DA:76,0
DA:77,0
DA:82,0
DA:83,0
DA:84,0
DA:87,0
DA:89,0
DA:93,13
DA:94,13
DA:95,0
DA:96,0
DA:99,13
DA:137,0
DA:147,0
DA:167,0
DA:170,0
DA:181,1
DA:192,0
LF:54
LH:33
BRDA:31,0,0,5
BRDA:31,0,1,0
BRDA:34,1,0,5
BRDA:34,1,1,0
BRDA:35,2,0,5
BRDA:35,2,1,0
BRDA:50,3,0,1
BRDA:50,3,1,0
BRDA:54,4,0,0
BRDA:54,4,1,0
BRDA:63,5,0,1
BRDA:63,5,1,0
BRDA:68,6,0,0
BRDA:68,6,1,0
BRDA:82,7,0,0
BRDA:82,7,1,0
BRDA:87,8,0,0
BRDA:87,8,1,0
BRDA:94,9,0,13
BRDA:94,9,1,0
BRDA:95,10,0,0
BRDA:95,10,1,0
BRDA:105,11,0,13
BRDA:105,11,1,2
BRDA:118,12,0,13
BRDA:118,12,1,0
BRDA:129,13,0,13
BRDA:129,13,1,0
BRDA:165,14,0,0
BRDA:165,14,1,13
BRDA:171,15,0,0
BRDA:171,15,1,13
BRF:32
BRH:12
end_of_record
TN:
SF:src/pages/Records.js
FN:7,(anonymous_0)
FN:57,(anonymous_1)
FN:61,(anonymous_2)
FN:70,(anonymous_3)
FN:82,(anonymous_4)
FN:83,(anonymous_5)
FN:90,(anonymous_6)
FN:104,(anonymous_7)
FN:109,(anonymous_8)
FN:113,(anonymous_9)
FN:115,(anonymous_10)
FN:120,(anonymous_11)
FN:129,(anonymous_12)
FN:134,(anonymous_13)
FN:144,(anonymous_14)
FN:174,(anonymous_15)
FN:186,(anonymous_16)
FN:198,(anonymous_17)
FN:212,(anonymous_18)
FN:224,(anonymous_19)
FN:238,(anonymous_20)
FN:252,(anonymous_21)
FN:258,(anonymous_22)
FN:266,(anonymous_23)
FN:287,(anonymous_24)
FN:291,(anonymous_25)
FN:292,(anonymous_26)
FN:297,(anonymous_27)
FN:308,(anonymous_28)
FN:317,(anonymous_29)
FN:329,(anonymous_30)
FN:330,(anonymous_31)
FN:337,(anonymous_32)
FN:339,(anonymous_33)
FN:341,(anonymous_34)
FN:345,(anonymous_35)
FN:347,(anonymous_36)
FN:349,(anonymous_37)
FN:353,(anonymous_38)
FN:362,(anonymous_39)
FN:389,(anonymous_40)
FN:397,(anonymous_41)
FN:406,(anonymous_42)
FN:454,(anonymous_43)
FN:464,(anonymous_44)
FN:470,(anonymous_45)
FN:485,(anonymous_46)
FN:492,(anonymous_47)
FN:502,(anonymous_48)
FN:521,(anonymous_49)
FN:522,(anonymous_50)
FN:523,(anonymous_51)
FN:524,(anonymous_52)
FN:525,(anonymous_53)
FN:532,(anonymous_54)
FN:541,(anonymous_55)
FN:547,(anonymous_56)
FN:556,(anonymous_57)
FN:578,(anonymous_58)
FN:581,(anonymous_59)
FN:611,(anonymous_60)
FN:623,(anonymous_61)
FN:634,(anonymous_62)
FN:672,(anonymous_63)
FN:693,(anonymous_64)
FN:713,(anonymous_65)
FN:732,(anonymous_66)
FN:798,(anonymous_67)
FN:808,(anonymous_68)
FN:835,(anonymous_69)
FN:836,(anonymous_70)
FN:839,(anonymous_71)
FN:876,(anonymous_72)
FN:886,(anonymous_73)
FN:888,(anonymous_74)
FN:912,(anonymous_75)
FN:931,(anonymous_76)
FN:932,(anonymous_77)
FN:935,(anonymous_78)
FN:969,(anonymous_79)
FN:1010,(anonymous_80)
FN:1011,(anonymous_81)
FN:1034,(anonymous_82)
FN:1061,(anonymous_83)
FN:1071,(anonymous_84)
FN:1098,(anonymous_85)
FN:1104,(anonymous_86)
FN:1106,(anonymous_87)
FNF:88
FNH:0
FNDA:0,(anonymous_0)
FNDA:0,(anonymous_1)
FNDA:0,(anonymous_2)
FNDA:0,(anonymous_3)
FNDA:0,(anonymous_4)
FNDA:0,(anonymous_5)
FNDA:0,(anonymous_6)
FNDA:0,(anonymous_7)
FNDA:0,(anonymous_8)
FNDA:0,(anonymous_9)
FNDA:0,(anonymous_10)
FNDA:0,(anonymous_11)
FNDA:0,(anonymous_12)
FNDA:0,(anonymous_13)
FNDA:0,(anonymous_14)
FNDA:0,(anonymous_15)
FNDA:0,(anonymous_16)
FNDA:0,(anonymous_17)
FNDA:0,(anonymous_18)
FNDA:0,(anonymous_19)
FNDA:0,(anonymous_20)
FNDA:0,(anonymous_21)
FNDA:0,(anonymous_22)
FNDA:0,(anonymous_23)
FNDA:0,(anonymous_24)
FNDA:0,(anonymous_25)
FNDA:0,(anonymous_26)
FNDA:0,(anonymous_27)
FNDA:0,(anonymous_28)
FNDA:0,(anonymous_29)
FNDA:0,(anonymous_30)
FNDA:0,(anonymous_31)
FNDA:0,(anonymous_32)
FNDA:0,(anonymous_33)
FNDA:0,(anonymous_34)
FNDA:0,(anonymous_35)
FNDA:0,(anonymous_36)
FNDA:0,(anonymous_37)
FNDA:0,(anonymous_38)
FNDA:0,(anonymous_39)
FNDA:0,(anonymous_40)
FNDA:0,(anonymous_41)
FNDA:0,(anonymous_42)
FNDA:0,(anonymous_43)
FNDA:0,(anonymous_44)
FNDA:0,(anonymous_45)
FNDA:0,(anonymous_46)
FNDA:0,(anonymous_47)
FNDA:0,(anonymous_48)
FNDA:0,(anonymous_49)
FNDA:0,(anonymous_50)
FNDA:0,(anonymous_51)
FNDA:0,(anonymous_52)
FNDA:0,(anonymous_53)
FNDA:0,(anonymous_54)
FNDA:0,(anonymous_55)
FNDA:0,(anonymous_56)
FNDA:0,(anonymous_57)
FNDA:0,(anonymous_58)
FNDA:0,(anonymous_59)
FNDA:0,(anonymous_60)
FNDA:0,(anonymous_61)
FNDA:0,(anonymous_62)
FNDA:0,(anonymous_63)
FNDA:0,(anonymous_64)
FNDA:0,(anonymous_65)
FNDA:0,(anonymous_66)
FNDA:0,(anonymous_67)
FNDA:0,(anonymous_68)
FNDA:0,(anonymous_69)
FNDA:0,(anonymous_70)
FNDA:0,(anonymous_71)
FNDA:0,(anonymous_72)
FNDA:0,(anonymous_73)
FNDA:0,(anonymous_74)
FNDA:0,(anonymous_75)
FNDA:0,(anonymous_76)
FNDA:0,(anonymous_77)
FNDA:0,(anonymous_78)
FNDA:0,(anonymous_79)
FNDA:0,(anonymous_80)
FNDA:0,(anonymous_81)
FNDA:0,(anonymous_82)
FNDA:0,(anonymous_83)
FNDA:0,(anonymous_84)
FNDA:0,(anonymous_85)
FNDA:0,(anonymous_86)
FNDA:0,(anonymous_87)
DA:7,0
DA:8,0
DA:9,0
DA:10,0
DA:11,0
DA:12,0
DA:13,0
DA:14,0
DA:20,0
DA:24,0
DA:29,0
DA:34,0
DA:40,0
DA:48,0
DA:49,0
DA:50,0
DA:51,0
DA:52,0
DA:53,0
DA:54,0
DA:55,0
DA:57,0
DA:58,0
DA:61,0
DA:62,0
DA:63,0
DA:65,0
DA:66,0
DA:70,0
DA:71,0
DA:72,0
DA:73,0
DA:74,0
DA:76,0
DA:77,0
DA:78,0
DA:81,0
DA:82,0
DA:83,0
DA:86,0
DA:90,0
DA:91,0
DA:92,0
DA:93,0
DA:97,0
DA:98,0
DA:100,0
DA:104,0
DA:105,0
DA:106,0
DA:109,0
DA:110,0
DA:111,0
DA:112,0
DA:113,0
DA:115,0
DA:116,0
DA:120,0
DA:121,0
DA:122,0
DA:123,0
DA:124,0
DA:125,0
DA:129,0
DA:130,0
DA:131,0
DA:134,0
DA:135,0
DA:136,0
DA:137,0
DA:138,0
DA:139,0
DA:140,0
DA:141,0
DA:144,0
DA:145,0
DA:147,0
DA:148,0
DA:150,0
DA:151,0
DA:152,0
DA:154,0
DA:158,0
DA:159,0
DA:160,0
DA:161,0
DA:162,0
DA:165,0
DA:170,0
DA:174,0
DA:175,0
DA:176,0
DA:177,0
DA:178,0
DA:184,0
DA:185,0
DA:186,0
DA:191,0
DA:192,0
DA:194,0
DA:198,0
DA:199,0
DA:200,0
DA:201,0
DA:207,0
DA:208,0
DA:210,0
DA:211,0
DA:212,0
DA:217,0
DA:218,0
DA:220,0
DA:224,0
DA:225,0
DA:226,0
DA:228,0
DA:229,0
DA:231,0
DA:232,0
DA:234,0
DA:238,0
DA:239,0
DA:248,0
DA:249,0
DA:252,0
DA:258,0
DA:266,0
DA:268,0
DA:270,0
DA:271,0
DA:272,0
DA:274,0
DA:277,0
DA:278,0
DA:279,0
DA:280,0
DA:281,0
DA:282,0
DA:283,0
DA:284,0
DA:287,0
DA:288,0
DA:289,0
DA:290,0
DA:291,0
DA:292,0
DA:294,0
DA:297,0
DA:298,0
DA:308,0
DA:309,0
DA:310,0
DA:311,0
DA:313,0
DA:317,0
DA:318,0
DA:319,0
DA:321,0
DA:322,0
DA:323,0
DA:325,0
DA:329,0
DA:330,0
DA:337,0
DA:338,0
DA:339,0
DA:341,0
DA:345,0
DA:346,0
DA:347,0
DA:349,0
DA:353,0
DA:354,0
DA:355,0
DA:356,0
DA:357,0
DA:358,0
DA:362,0
DA:363,0
DA:368,0
DA:369,0
DA:372,0
DA:374,0
DA:389,0
DA:397,0
DA:406,0
DA:455,0
DA:456,0
DA:458,0
DA:465,0
DA:471,0
DA:485,0
DA:492,0
DA:502,0
DA:521,0
DA:522,0
DA:523,0
DA:524,0
DA:525,0
DA:532,0
DA:542,0
DA:547,0
DA:556,0
DA:578,0
DA:581,0
DA:612,0
DA:623,0
DA:634,0
DA:672,0
DA:693,0
DA:714,0
DA:733,0
DA:734,0
DA:735,0
DA:736,0
DA:737,0
DA:738,0
DA:739,0
DA:799,0
DA:808,0
DA:835,0
DA:836,0
DA:839,0
DA:877,0
DA:887,0
DA:888,0
DA:889,0
DA:890,0
DA:891,0
DA:892,0
DA:893,0
DA:894,0
DA:912,0
DA:931,0
DA:932,0
DA:935,0
DA:970,0
DA:1010,0
DA:1012,0
DA:1035,0
DA:1061,0
DA:1071,0
DA:1099,0
DA:1105,0
DA:1107,0
LF:245
LH:0
BRDA:62,0,0,0
BRDA:62,0,1,0
BRDA:73,1,0,0
BRDA:73,1,1,0
BRDA:73,2,0,0
BRDA:73,2,1,0
BRDA:77,3,0,0
BRDA:77,3,1,0
BRDA:81,4,0,0
BRDA:81,4,1,0
BRDA:81,5,0,0
BRDA:81,5,1,0
BRDA:92,6,0,0
BRDA:92,6,1,0
BRDA:92,7,0,0
BRDA:92,7,1,0
BRDA:97,8,0,0
BRDA:97,8,1,0
BRDA:121,9,0,0
BRDA:121,9,1,0
BRDA:121,9,2,0
BRDA:121,9,3,0
BRDA:131,10,0,0
BRDA:131,10,1,0
BRDA:140,11,0,0
BRDA:140,11,1,0
BRDA:145,12,0,0
BRDA:145,12,1,0
BRDA:159,13,0,0
BRDA:159,13,1,0
BRDA:167,14,0,0
BRDA:167,14,1,0
BRDA:177,15,0,0
BRDA:177,15,1,0
BRDA:177,16,0,0
BRDA:177,16,1,0
BRDA:185,17,0,0
BRDA:185,17,1,0
BRDA:188,18,0,0
BRDA:188,18,1,0
BRDA:207,19,0,0
BRDA:207,19,1,0
BRDA:207,20,0,0
BRDA:207,20,1,0
BRDA:211,21,0,0
BRDA:211,21,1,0
BRDA:214,22,0,0
BRDA:214,22,1,0
BRDA:228,23,0,0
BRDA:228,23,1,0
BRDA:228,24,0,0
BRDA:228,24,1,0
BRDA:232,25,0,0
BRDA:232,25,1,0
BRDA:261,26,0,0
BRDA:261,26,1,0
BRDA:270,27,0,0
BRDA:270,27,1,0
BRDA:288,28,0,0
BRDA:288,28,1,0
BRDA:288,29,0,0
BRDA:288,29,1,0
BRDA:288,29,2,0
BRDA:292,30,0,0
BRDA:292,30,1,0
BRDA:310,31,0,0
BRDA:310,31,1,0
BRDA:318,32,0,0
BRDA:318,32,1,0
BRDA:333,33,0,0
BRDA:333,33,1,0
BRDA:333,34,0,0
BRDA:333,34,1,0
BRDA:338,35,0,0
BRDA:338,35,1,0
BRDA:346,36,0,0
BRDA:346,36,1,0
BRDA:354,37,0,0
BRDA:354,37,1,0
BRDA:354,37,2,0
BRDA:354,37,3,0
BRDA:368,38,0,0
BRDA:368,38,1,0
BRDA:372,39,0,0
BRDA:372,39,1,0
BRDA:378,40,0,0
BRDA:378,40,1,0
BRDA:388,41,0,0
BRDA:388,41,1,0
BRDA:396,42,0,0
BRDA:396,42,1,0
BRDA:401,43,0,0
BRDA:401,43,1,0
BRDA:403,44,0,0
BRDA:403,44,1,0
BRDA:405,45,0,0
BRDA:405,45,1,0
BRDA:415,46,0,0
BRDA:415,46,1,0
BRDA:420,47,0,0
BRDA:420,47,1,0
BRDA:427,48,0,0
BRDA:427,48,1,0
BRDA:434,49,0,0
BRDA:434,49,1,0
BRDA:441,50,0,0
BRDA:441,50,1,0
BRDA:453,51,0,0
BRDA:453,51,1,0
BRDA:455,52,0,0
BRDA:455,52,1,0
BRDA:463,53,0,0
BRDA:463,53,1,0
BRDA:478,54,0,0
BRDA:478,54,1,0
BRDA:502,55,0,0
BRDA:502,55,1,0
BRDA:508,56,0,0
BRDA:508,56,1,0
BRDA:512,57,0,0
BRDA:512,57,1,0
BRDA:516,58,0,0
BRDA:516,58,1,0
BRDA:538,59,0,0
BRDA:538,59,1,0
BRDA:565,60,0,0
BRDA:565,60,1,0
BRDA:566,61,0,0
BRDA:566,61,1,0
BRDA:567,62,0,0
BRDA:567,62,1,0
BRDA:568,63,0,0
BRDA:568,63,1,0
BRDA:568,63,2,0
BRDA:569,64,0,0
BRDA:569,64,1,0
BRDA:569,65,0,0
BRDA:569,65,1,0
BRDA:570,66,0,0
BRDA:570,66,1,0
BRDA:608,67,0,0
BRDA:608,67,1,0
BRDA:631,68,0,0
BRDA:631,68,1,0
BRDA:645,69,0,0
BRDA:645,69,1,0
BRDA:647,70,0,0
BRDA:647,70,1,0
BRDA:662,71,0,0
BRDA:662,71,1,0
BRDA:662,71,2,0
BRDA:677,72,0,0
BRDA:677,72,1,0
BRDA:685,73,0,0
BRDA:685,73,1,0
BRDA:687,74,0,0
BRDA:687,74,1,0
BRDA:688,75,0,0
BRDA:688,75,1,0
BRDA:690,76,0,0
BRDA:690,76,1,0
BRDA:690,76,2,0
BRDA:700,77,0,0
BRDA:700,77,1,0
BRDA:701,78,0,0
BRDA:701,78,1,0
BRDA:702,79,0,0
BRDA:702,79,1,0
BRDA:705,80,0,0
BRDA:705,80,1,0
BRDA:709,81,0,0
BRDA:709,81,1,0
BRDA:709,81,2,0
BRDA:723,82,0,0
BRDA:723,82,1,0
BRDA:723,82,2,0
BRDA:728,83,0,0
BRDA:728,83,1,0
BRDA:753,84,0,0
BRDA:753,84,1,0
BRDA:758,85,0,0
BRDA:758,85,1,0
BRDA:765,86,0,0
BRDA:765,86,1,0
BRDA:772,87,0,0
BRDA:772,87,1,0
BRDA:795,88,0,0
BRDA:795,88,1,0
BRDA:801,89,0,0
BRDA:801,89,1,0
BRDA:806,90,0,0
BRDA:806,90,1,0
BRDA:834,91,0,0
BRDA:834,91,1,0
BRDA:834,91,2,0
BRDA:851,92,0,0
BRDA:851,92,1,0
BRDA:867,93,0,0
BRDA:867,93,1,0
BRDA:872,94,0,0
BRDA:872,94,1,0
BRDA:872,94,2,0
BRDA:888,95,0,0
BRDA:888,95,1,0
BRDA:903,96,0,0
BRDA:903,96,1,0
BRDA:903,96,2,0
BRDA:930,97,0,0
BRDA:930,97,1,0
BRDA:940,98,0,0
BRDA:940,98,1,0
BRDA:942,99,0,0
BRDA:942,99,1,0
BRDA:947,100,0,0
BRDA:947,100,1,0
BRDA:951,101,0,0
BRDA:951,101,1,0
BRDA:951,102,0,0
BRDA:951,102,1,0
BRDA:952,103,0,0
BRDA:952,103,1,0
BRDA:952,104,0,0
BRDA:952,104,1,0
BRDA:952,105,0,0
BRDA:952,105,1,0
BRDA:957,106,0,0
BRDA:957,106,1,0
BRDA:961,107,0,0
BRDA:961,107,1,0
BRDA:966,108,0,0
BRDA:966,108,1,0
BRDA:970,109,0,0
BRDA:970,109,1,0
BRDA:974,110,0,0
BRDA:974,110,1,0
BRDA:975,111,0,0
BRDA:975,111,1,0
BRDA:975,112,0,0
BRDA:975,112,1,0
BRDA:985,113,0,0
BRDA:985,113,1,0
BRDA:991,114,0,0
BRDA:991,114,1,0
BRDA:997,115,0,0
BRDA:997,115,1,0
BRDA:1005,116,0,0
BRDA:1005,116,1,0
BRDA:1009,117,0,0
BRDA:1009,117,1,0
BRDA:1014,118,0,0
BRDA:1014,118,1,0
BRDA:1021,119,0,0
BRDA:1021,119,1,0
BRDA:1021,119,2,0
BRDA:1035,120,0,0
BRDA:1035,120,1,0
BRDA:1037,121,0,0
BRDA:1037,121,1,0
BRDA:1038,122,0,0
BRDA:1038,122,1,0
BRDA:1039,123,0,0
BRDA:1039,123,1,0
BRDA:1059,124,0,0
BRDA:1059,124,1,0
BRDA:1064,125,0,0
BRDA:1064,125,1,0
BRDA:1068,126,0,0
BRDA:1068,126,1,0
BRDA:1083,127,0,0
BRDA:1083,127,1,0
BRDA:1088,128,0,0
BRDA:1088,128,1,0
BRDA:1093,129,0,0
BRDA:1093,129,1,0
BRDA:1093,130,0,0
BRDA:1093,130,1,0
BRDA:1098,131,0,0
BRDA:1098,131,1,0
BRDA:1107,132,0,0
BRDA:1107,132,1,0
BRDA:1117,133,0,0
BRDA:1117,133,1,0
BRF:282
BRH:0
end_of_record
TN:
SF:src/pages/ResetPassword.js
FN:7,(anonymous_0)
FN:18,(anonymous_1)
FN:36,(anonymous_2)
FN:92,(anonymous_3)
FN:106,(anonymous_4)
FNF:5
FNH:4
FNDA:13,(anonymous_0)
FNDA:3,(anonymous_1)
FNDA:0,(anonymous_2)
FNDA:3,(anonymous_3)
FNDA:2,(anonymous_4)
DA:7,1
DA:8,13
DA:9,13
DA:10,13
DA:12,13
DA:13,13
DA:14,13
DA:15,13
DA:16,13
DA:18,13
DA:19,3
DA:20,3
DA:22,3
DA:23,1
DA:24,1
DA:26,2
DA:27,1
DA:28,1
DA:31,1
DA:32,1
DA:33,1
DA:34,1
DA:35,1
DA:36,1
DA:39,0
DA:41,1
DA:45,13
DA:46,0
DA:62,13
DA:92,3
DA:106,2
LF:31
LH:29
BRDA:22,0,0,1
BRDA:22,0,1,2
BRDA:26,1,0,1
BRDA:26,1,1,1
BRDA:34,2,0,1
BRDA:34,2,1,0
BRDA:39,3,0,0
BRDA:39,3,1,0
BRDA:45,4,0,0
BRDA:45,4,1,13
BRDA:71,5,0,13
BRDA:71,5,1,2
BRDA:78,6,0,1
BRDA:78,6,1,12
BRDA:114,7,0,1
BRDA:114,7,1,11
BRF:16
BRH:12
end_of_record
TN:
SF:src/pages/RoleFeatures.js
FN:18,(anonymous_0)
FN:29,(anonymous_1)
FN:45,(anonymous_2)
FN:49,(anonymous_3)
FN:54,(anonymous_4)
FN:80,(anonymous_5)
FN:89,(anonymous_6)
FN:98,(anonymous_7)
FN:108,(anonymous_8)
FN:119,(anonymous_9)
FN:125,(anonymous_10)
FN:132,(anonymous_11)
FN:178,(anonymous_12)
FN:184,(anonymous_13)
FN:188,(anonymous_14)
FN:191,(anonymous_15)
FN:207,(anonymous_16)
FN:210,(anonymous_17)
FN:215,(anonymous_18)
FN:233,(anonymous_19)
FN:238,(anonymous_20)
FN:241,(anonymous_21)
FN:266,(anonymous_22)
FN:280,(anonymous_23)
FN:300,(anonymous_24)
FN:304,(anonymous_25)
FN:307,(anonymous_26)
FN:314,(anonymous_27)
FN:317,(anonymous_28)
FN:337,(anonymous_29)
FN:344,(anonymous_30)
FNF:31
FNH:12
FNDA:120,(anonymous_0)
FNDA:11,(anonymous_1)
FNDA:5,(anonymous_2)
FNDA:5,(anonymous_3)
FNDA:5,(anonymous_4)
FNDA:2,(anonymous_5)
FNDA:0,(anonymous_6)
FNDA:0,(anonymous_7)
FNDA:0,(anonymous_8)
FNDA:0,(anonymous_9)
FNDA:0,(anonymous_10)
FNDA:0,(anonymous_11)
FNDA:0,(anonymous_12)
FNDA:0,(anonymous_13)
FNDA:1,(anonymous_14)
FNDA:0,(anonymous_15)
FNDA:45,(anonymous_16)
FNDA:90,(anonymous_17)
FNDA:0,(anonymous_18)
FNDA:2,(anonymous_19)
FNDA:0,(anonymous_20)
FNDA:2,(anonymous_21)
FNDA:30,(anonymous_22)
FNDA:0,(anonymous_23)
FNDA:0,(anonymous_24)
FNDA:0,(anonymous_25)
FNDA:0,(anonymous_26)
FNDA:0,(anonymous_27)
FNDA:0,(anonymous_28)
FNDA:0,(anonymous_29)
FNDA:0,(anonymous_30)
DA:7,1
DA:16,1
DA:18,1
DA:19,120
DA:29,1
DA:30,11
DA:31,11
DA:32,11
DA:33,11
DA:34,11
DA:35,11
DA:36,11
DA:37,11
DA:38,11
DA:39,11
DA:40,11
DA:41,11
DA:42,11
DA:43,11
DA:45,11
DA:46,5
DA:49,11
DA:50,5
DA:51,5
DA:54,11
DA:55,5
DA:56,5
DA:57,5
DA:58,5
DA:59,5
DA:60,5
DA:61,5
DA:62,3
DA:63,3
DA:65,5
DA:66,2
DA:67,2
DA:70,0
DA:73,0
DA:74,0
DA:76,5
DA:80,11
DA:81,2
DA:82,2
DA:83,2
DA:85,0
DA:89,11
DA:90,0
DA:91,0
DA:92,0
DA:94,0
DA:98,11
DA:99,0
DA:100,0
DA:101,0
DA:102,0
DA:104,0
DA:108,11
DA:109,0
DA:110,0
DA:111,0
DA:112,0
DA:113,0
DA:114,0
DA:115,0
DA:119,11
DA:120,0
DA:121,0
DA:122,0
DA:125,11
DA:126,0
DA:127,0
DA:129,0
DA:130,0
DA:131,0
DA:132,0
DA:135,0
DA:136,0
DA:137,0
DA:138,0
DA:139,0
DA:141,0
DA:143,0
DA:144,0
DA:145,0
DA:146,0
DA:147,0
DA:148,0
DA:150,0
DA:152,0
DA:155,0
DA:157,0
DA:161,11
DA:162,5
DA:165,6
DA:178,0
DA:184,0
DA:188,1
DA:191,0
DA:208,45
DA:211,90
DA:215,0
DA:233,2
DA:238,0
DA:241,2
DA:267,30
DA:268,30
DA:280,0
DA:300,0
DA:304,0
DA:307,0
DA:314,0
DA:317,0
DA:338,0
DA:344,0
LF:115
LH:57
BRDA:20,0,0,18
BRDA:20,0,1,102
BRDA:20,1,0,0
BRDA:20,1,1,120
BRDA:23,2,0,18
BRDA:23,2,1,102
BRDA:25,3,0,0
BRDA:25,3,1,120
BRDA:25,4,0,18
BRDA:25,4,1,102
BRDA:33,5,0,4
BRDA:33,5,1,7
BRDA:37,6,0,4
BRDA:37,6,1,7
BRDA:37,7,0,4
BRDA:37,7,1,0
BRDA:50,8,0,2
BRDA:50,8,1,3
BRDA:51,9,0,0
BRDA:51,9,1,5
BRDA:59,10,0,5
BRDA:59,10,1,0
BRDA:61,11,0,3
BRDA:61,11,1,2
BRDA:63,12,0,3
BRDA:63,12,1,0
BRDA:65,13,0,2
BRDA:65,13,1,3
BRDA:65,14,0,5
BRDA:65,14,1,2
BRDA:70,15,0,0
BRDA:70,15,1,0
BRDA:72,16,0,0
BRDA:72,16,1,0
BRDA:72,16,2,0
BRDA:83,17,0,2
BRDA:83,17,1,0
BRDA:92,18,0,0
BRDA:92,18,1,0
BRDA:100,19,0,0
BRDA:100,19,1,0
BRDA:102,20,0,0
BRDA:102,20,1,0
BRDA:113,21,0,0
BRDA:113,21,1,0
BRDA:122,22,0,0
BRDA:122,22,1,0
BRDA:126,23,0,0
BRDA:126,23,1,0
BRDA:126,24,0,0
BRDA:126,24,1,0
BRDA:127,25,0,0
BRDA:127,25,1,0
BRDA:127,25,2,0
BRDA:130,26,0,0
BRDA:130,26,1,0
BRDA:135,27,0,0
BRDA:135,27,1,0
BRDA:136,28,0,0
BRDA:136,28,1,0
BRDA:138,29,0,0
BRDA:138,29,1,0
BRDA:144,30,0,0
BRDA:144,30,1,0
BRDA:145,31,0,0
BRDA:145,31,1,0
BRDA:147,32,0,0
BRDA:147,32,1,0
BRDA:161,33,0,5
BRDA:161,33,1,6
BRDA:174,34,0,6
BRDA:174,34,1,0
BRDA:183,35,0,6
BRDA:183,35,1,4
BRDA:184,36,0,3
BRDA:184,36,1,1
BRDA:188,37,0,3
BRDA:188,37,1,3
BRDA:191,38,0,0
BRDA:191,38,1,6
BRDA:196,39,0,6
BRDA:196,39,1,3
BRDA:226,40,0,6
BRDA:226,40,1,3
BRDA:230,41,0,2
BRDA:230,41,1,1
BRDA:233,42,0,2
BRDA:233,42,1,0
BRDA:240,43,0,1
BRDA:240,43,1,0
BRDA:247,44,0,3
BRDA:247,44,1,0
BRDA:247,44,2,0
BRDA:252,45,0,3
BRDA:252,45,1,2
BRDA:272,46,0,0
BRDA:272,46,1,30
BRDA:273,47,0,0
BRDA:273,47,1,30
BRDA:293,48,0,6
BRDA:293,48,1,0
BRDA:297,49,0,0
BRDA:297,49,1,0
BRDA:300,50,0,0
BRDA:300,50,1,0
BRDA:306,51,0,0
BRDA:306,51,1,0
BRDA:314,52,0,0
BRDA:314,52,1,0
BRDA:316,53,0,0
BRDA:316,53,1,0
BRDA:317,54,0,0
BRDA:317,54,1,0
BRDA:319,55,0,0
BRDA:319,55,1,0
BRDA:324,56,0,0
BRDA:324,56,1,0
BRF:117
BRH:49
end_of_record
TN:
SF:src/pages/Users.js
FN:7,(anonymous_0)
FN:26,(anonymous_1)
FN:31,(anonymous_2)
FN:42,(anonymous_3)
FN:51,(anonymous_4)
FN:66,(anonymous_5)
FN:80,(anonymous_6)
FN:90,(anonymous_7)
FN:104,(anonymous_8)
FN:110,(anonymous_9)
FN:124,(anonymous_10)
FN:135,(anonymous_11)
FN:156,(anonymous_12)
FN:177,(anonymous_13)
FN:180,(anonymous_14)
FN:196,(anonymous_15)
FN:204,(anonymous_16)
FN:215,(anonymous_17)
FN:225,(anonymous_18)
FN:236,(anonymous_19)
FN:247,(anonymous_20)
FN:261,(anonymous_21)
FN:272,(anonymous_22)
FN:276,(anonymous_23)
FN:289,(anonymous_24)
FNF:25
FNH:15
FNDA:14,(anonymous_0)
FNDA:4,(anonymous_1)
FNDA:5,(anonymous_2)
FNDA:4,(anonymous_3)
FNDA:1,(anonymous_4)
FNDA:0,(anonymous_5)
FNDA:0,(anonymous_6)
FNDA:1,(anonymous_7)
FNDA:30,(anonymous_8)
FNDA:19,(anonymous_9)
FNDA:2,(anonymous_10)
FNDA:2,(anonymous_11)
FNDA:19,(anonymous_12)
FNDA:0,(anonymous_13)
FNDA:0,(anonymous_14)
FNDA:1,(anonymous_15)
FNDA:1,(anonymous_16)
FNDA:0,(anonymous_17)
FNDA:0,(anonymous_18)
FNDA:0,(anonymous_19)
FNDA:0,(anonymous_20)
FNDA:1,(anonymous_21)
FNDA:0,(anonymous_22)
FNDA:5,(anonymous_23)
FNDA:0,(anonymous_24)
DA:7,1
DA:8,14
DA:9,14
DA:10,14
DA:11,14
DA:12,14
DA:13,14
DA:14,14
DA:15,14
DA:16,14
DA:26,14
DA:27,4
DA:28,4
DA:31,14
DA:32,5
DA:33,5
DA:34,5
DA:36,0
DA:38,5
DA:42,14
DA:43,4
DA:44,4
DA:45,4
DA:47,0
DA:51,14
DA:52,1
DA:53,1
DA:54,1
DA:55,0
DA:57,1
DA:59,1
DA:60,1
DA:62,0
DA:66,14
DA:67,0
DA:68,0
DA:77,0
DA:80,14
DA:81,0
DA:82,0
DA:83,0
DA:84,0
DA:86,0
DA:90,14
DA:91,1
DA:92,1
DA:93,1
DA:104,14
DA:105,30
DA:110,14
DA:111,19
DA:112,6
DA:114,13
DA:115,7
DA:117,6
DA:120,14
DA:124,2
DA:135,2
DA:157,19
DA:177,0
DA:180,0
DA:196,1
DA:204,1
DA:215,0
DA:225,0
DA:236,0
DA:247,0
DA:261,1
DA:272,0
DA:277,5
DA:289,0
LF:71
LH:51
BRDA:34,0,0,5
BRDA:34,0,1,0
BRDA:45,1,0,4
BRDA:45,1,1,0
BRDA:54,2,0,0
BRDA:54,2,1,1
BRDA:62,3,0,0
BRDA:62,3,1,0
BRDA:73,4,0,0
BRDA:73,4,1,0
BRDA:74,5,0,0
BRDA:74,5,1,0
BRDA:81,6,0,0
BRDA:81,6,1,0
BRDA:86,7,0,0
BRDA:86,7,1,0
BRDA:105,8,0,30
BRDA:105,8,1,11
BRDA:105,8,2,11
BRDA:105,8,3,7
BRDA:111,9,0,6
BRDA:111,9,1,13
BRDA:114,10,0,7
BRDA:114,10,1,6
BRDA:139,11,0,4
BRDA:139,11,1,10
BRDA:157,12,0,6
BRDA:157,12,1,13
BRDA:166,13,0,19
BRDA:166,13,1,6
BRDA:167,14,0,6
BRDA:167,14,1,13
BRDA:169,15,0,13
BRDA:169,15,1,6
BRDA:170,16,0,13
BRDA:170,16,1,6
BRDA:175,17,0,19
BRDA:175,17,1,0
BRDA:175,17,2,19
BRDA:194,18,0,14
BRDA:194,18,1,5
BRDA:197,19,0,0
BRDA:197,19,1,5
BRDA:221,20,0,0
BRDA:221,20,1,5
BRDA:231,21,0,0
BRDA:231,21,1,5
BRDA:267,22,0,5
BRDA:267,22,1,5
BRDA:267,22,2,0
BRDA:267,22,3,5
BRDA:283,23,0,5
BRDA:283,23,1,0
BRDA:299,24,0,0
BRDA:299,24,1,5
BRF:55
BRH:35
end_of_record
TN:
SF:src/services/api.js
FN:13,(anonymous_0)
FN:20,(anonymous_1)
FN:24,(anonymous_2)
FN:30,(anonymous_3)
FN:42,(anonymous_4)
FN:43,(anonymous_5)
FN:44,(anonymous_6)
FN:45,(anonymous_7)
FN:49,(anonymous_8)
FN:50,(anonymous_9)
FN:51,(anonymous_10)
FN:52,(anonymous_11)
FN:53,(anonymous_12)
FN:54,(anonymous_13)
FN:58,(anonymous_14)
FN:59,(anonymous_15)
FN:62,(anonymous_16)
FN:63,(anonymous_17)
FN:64,(anonymous_18)
FN:65,(anonymous_19)
FN:66,(anonymous_20)
FN:67,(anonymous_21)
FN:68,(anonymous_22)
FN:69,(anonymous_23)
FN:70,(anonymous_24)
FN:74,(anonymous_25)
FN:75,(anonymous_26)
FN:76,(anonymous_27)
FNF:28
FNH:0
FNDA:0,(anonymous_0)
FNDA:0,(anonymous_1)
FNDA:0,(anonymous_2)
FNDA:0,(anonymous_3)
FNDA:0,(anonymous_4)
FNDA:0,(anonymous_5)
FNDA:0,(anonymous_6)
FNDA:0,(anonymous_7)
FNDA:0,(anonymous_8)
FNDA:0,(anonymous_9)
FNDA:0,(anonymous_10)
FNDA:0,(anonymous_11)
FNDA:0,(anonymous_12)
FNDA:0,(anonymous_13)
FNDA:0,(anonymous_14)
FNDA:0,(anonymous_15)
FNDA:0,(anonymous_16)
FNDA:0,(anonymous_17)
FNDA:0,(anonymous_18)
FNDA:0,(anonymous_19)
FNDA:0,(anonymous_20)
FNDA:0,(anonymous_21)
FNDA:0,(anonymous_22)
FNDA:0,(anonymous_23)
FNDA:0,(anonymous_24)
FNDA:0,(anonymous_25)
FNDA:0,(anonymous_26)
FNDA:0,(anonymous_27)
DA:3,0
DA:5,0
DA:12,0
DA:14,0
DA:15,0
DA:16,0
DA:18,0
DA:20,0
DA:23,0
DA:25,0
DA:26,0
DA:28,0
DA:31,0
DA:32,0
DA:33,0
DA:34,0
DA:35,0
DA:37,0
DA:41,0
DA:42,0
DA:43,0
DA:44,0
DA:45,0
DA:48,0
DA:49,0
DA:50,0
DA:51,0
DA:52,0
DA:53,0
DA:54,0
DA:57,0
DA:58,0
DA:59,0
DA:62,0
DA:63,0
DA:64,0
DA:65,0
DA:66,0
DA:67,0
DA:68,0
DA:69,0
DA:70,0
DA:73,0
DA:74,0
DA:75,0
DA:76,0
LF:46
LH:0
BRDA:3,0,0,0
BRDA:3,0,1,0
BRDA:15,1,0,0
BRDA:15,1,1,0
BRDA:25,2,0,0
BRDA:25,2,1,0
BRDA:25,3,0,0
BRDA:25,3,1,0
BRDA:31,4,0,0
BRDA:31,4,1,0
BRDA:31,5,0,0
BRDA:31,5,1,0
BRDA:31,5,2,0
BRF:13
BRH:0
end_of_record
