<?xml version="1.0" encoding="UTF-8"?>
<coverage generated="1779440695780" clover="3.2.0">
  <project timestamp="1779440695780" name="All files">
    <metrics statements="217" coveredstatements="200" conditionals="106" coveredconditionals="87" methods="27" coveredmethods="23" elements="350" coveredelements="310" complexity="0" loc="217" ncloc="217" packages="1" files="2" classes="2"/>
    <file name="cronService.js" path="/Users/mohamedboujelbane/Desktop/ACS/backend/services/cronService.js">
      <metrics statements="135" coveredstatements="122" conditionals="60" coveredconditionals="52" methods="18" coveredmethods="14"/>
      <line num="1" count="2" type="stmt"/>
      <line num="2" count="2" type="stmt"/>
      <line num="3" count="2" type="stmt"/>
      <line num="4" count="2" type="stmt"/>
      <line num="5" count="2" type="stmt"/>
      <line num="6" count="2" type="stmt"/>
      <line num="7" count="2" type="stmt"/>
      <line num="8" count="2" type="stmt"/>
      <line num="12" count="35" type="stmt"/>
      <line num="13" count="35" type="stmt"/>
      <line num="14" count="35" type="stmt"/>
      <line num="15" count="35" type="stmt"/>
      <line num="16" count="35" type="stmt"/>
      <line num="17" count="35" type="cond" truecount="1" falsecount="1"/>
      <line num="18" count="35" type="stmt"/>
      <line num="19" count="35" type="cond" truecount="2" falsecount="0"/>
      <line num="20" count="35" type="stmt"/>
      <line num="24" count="3" type="stmt"/>
      <line num="25" count="3" type="stmt"/>
      <line num="26" count="2" type="stmt"/>
      <line num="27" count="2" type="cond" truecount="4" falsecount="0"/>
      <line num="28" count="2" type="cond" truecount="2" falsecount="0"/>
      <line num="31" count="1" type="stmt"/>
      <line num="34" count="3" type="stmt"/>
      <line num="35" count="3" type="stmt"/>
      <line num="39" count="4" type="cond" truecount="2" falsecount="0"/>
      <line num="40" count="4" type="cond" truecount="2" falsecount="0"/>
      <line num="41" count="2" type="cond" truecount="2" falsecount="0"/>
      <line num="43" count="1" type="stmt"/>
      <line num="44" count="1" type="stmt"/>
      <line num="51" count="2" type="cond" truecount="2" falsecount="0"/>
      <line num="52" count="1" type="stmt"/>
      <line num="53" count="1" type="stmt"/>
      <line num="57" count="2" type="stmt"/>
      <line num="58" count="2" type="stmt"/>
      <line num="59" count="2" type="cond" truecount="2" falsecount="0"/>
      <line num="63" count="3" type="cond" truecount="2" falsecount="0"/>
      <line num="65" count="2" type="stmt"/>
      <line num="66" count="2" type="stmt"/>
      <line num="67" count="2" type="stmt"/>
      <line num="69" count="2" type="stmt"/>
      <line num="71" count="2" type="stmt"/>
      <line num="72" count="2" type="stmt"/>
      <line num="73" count="2" type="stmt"/>
      <line num="75" count="2" type="stmt"/>
      <line num="77" count="2" type="stmt"/>
      <line num="78" count="2" type="stmt"/>
      <line num="79" count="2" type="stmt"/>
      <line num="80" count="2" type="cond" truecount="1" falsecount="1"/>
      <line num="82" count="0" type="stmt"/>
      <line num="85" count="2" type="stmt"/>
      <line num="86" count="2" type="stmt"/>
      <line num="87" count="1" type="stmt"/>
      <line num="88" count="1" type="stmt"/>
      <line num="89" count="1" type="cond" truecount="1" falsecount="1"/>
      <line num="91" count="1" type="stmt"/>
      <line num="95" count="2" type="stmt"/>
      <line num="96" count="2" type="stmt"/>
      <line num="98" count="0" type="stmt"/>
      <line num="99" count="0" type="stmt"/>
      <line num="101" count="2" type="stmt"/>
      <line num="104" count="2" type="stmt"/>
      <line num="108" count="7" type="stmt"/>
      <line num="110" count="7" type="cond" truecount="2" falsecount="0"/>
      <line num="112" count="4" type="stmt"/>
      <line num="114" count="4" type="stmt"/>
      <line num="115" count="4" type="stmt"/>
      <line num="117" count="4" type="cond" truecount="2" falsecount="0"/>
      <line num="118" count="1" type="stmt"/>
      <line num="120" count="3" type="stmt"/>
      <line num="121" count="3" type="stmt"/>
      <line num="122" count="3" type="stmt"/>
      <line num="124" count="1" type="stmt"/>
      <line num="125" count="1" type="stmt"/>
      <line num="127" count="2" type="stmt"/>
      <line num="128" count="4" type="stmt"/>
      <line num="131" count="3" type="stmt"/>
      <line num="133" count="3" type="stmt"/>
      <line num="134" count="5" type="stmt"/>
      <line num="135" count="5" type="stmt"/>
      <line num="140" count="5" type="cond" truecount="2" falsecount="0"/>
      <line num="142" count="4" type="stmt"/>
      <line num="146" count="4" type="cond" truecount="2" falsecount="0"/>
      <line num="147" count="2" type="stmt"/>
      <line num="148" count="2" type="stmt"/>
      <line num="149" count="2" type="stmt"/>
      <line num="151" count="2" type="stmt"/>
      <line num="152" count="2" type="stmt"/>
      <line num="153" count="2" type="stmt"/>
      <line num="156" count="4" type="cond" truecount="1" falsecount="1"/>
      <line num="157" count="4" type="stmt"/>
      <line num="159" count="4" type="cond" truecount="2" falsecount="0"/>
      <line num="160" count="2" type="stmt"/>
      <line num="161" count="2" type="stmt"/>
      <line num="162" count="2" type="stmt"/>
      <line num="164" count="2" type="stmt"/>
      <line num="165" count="2" type="stmt"/>
      <line num="166" count="2" type="stmt"/>
      <line num="167" count="2" type="stmt"/>
      <line num="168" count="2" type="stmt"/>
      <line num="171" count="4" type="stmt"/>
      <line num="173" count="0" type="stmt"/>
      <line num="176" count="0" type="stmt"/>
      <line num="177" count="0" type="stmt"/>
      <line num="181" count="0" type="stmt"/>
      <line num="182" count="0" type="stmt"/>
      <line num="185" count="3" type="stmt"/>
      <line num="189" count="4" type="stmt"/>
      <line num="190" count="4" type="stmt"/>
      <line num="196" count="2" type="cond" truecount="2" falsecount="0"/>
      <line num="197" count="1" type="stmt"/>
      <line num="198" count="1" type="stmt"/>
      <line num="200" count="1" type="stmt"/>
      <line num="206" count="0" type="stmt"/>
      <line num="215" count="0" type="stmt"/>
      <line num="219" count="4" type="cond" truecount="1" falsecount="1"/>
      <line num="220" count="4" type="cond" truecount="2" falsecount="0"/>
      <line num="221" count="3" type="cond" truecount="2" falsecount="0"/>
      <line num="222" count="2" type="stmt"/>
      <line num="223" count="0" type="stmt"/>
      <line num="224" count="0" type="stmt"/>
      <line num="226" count="2" type="stmt"/>
      <line num="230" count="0" type="stmt"/>
      <line num="234" count="3" type="stmt"/>
      <line num="246" count="8" type="stmt"/>
      <line num="254" count="8" type="cond" truecount="2" falsecount="0"/>
      <line num="258" count="7" type="cond" truecount="4" falsecount="0"/>
      <line num="259" count="3" type="stmt"/>
      <line num="260" count="3" type="cond" truecount="2" falsecount="0"/>
      <line num="261" count="2" type="stmt"/>
      <line num="262" count="2" type="stmt"/>
      <line num="263" count="2" type="stmt"/>
      <line num="265" count="1" type="stmt"/>
      <line num="269" count="2" type="stmt"/>
      <line num="270" count="2" type="stmt"/>
    </file>
    <file name="emailService.js" path="/Users/mohamedboujelbane/Desktop/ACS/backend/services/emailService.js">
      <metrics statements="82" coveredstatements="78" conditionals="46" coveredconditionals="35" methods="9" coveredmethods="9"/>
      <line num="1" count="3" type="stmt"/>
      <line num="2" count="3" type="stmt"/>
      <line num="3" count="3" type="stmt"/>
      <line num="7" count="23" type="stmt"/>
      <line num="12" count="4" type="stmt"/>
      <line num="13" count="4" type="stmt"/>
      <line num="14" count="3" type="cond" truecount="2" falsecount="0"/>
      <line num="15" count="2" type="stmt"/>
      <line num="17" count="1" type="stmt"/>
      <line num="19" count="1" type="stmt"/>
      <line num="20" count="1" type="stmt"/>
      <line num="26" count="4" type="stmt"/>
      <line num="27" count="4" type="cond" truecount="4" falsecount="0"/>
      <line num="28" count="2" type="stmt"/>
      <line num="31" count="2" type="stmt"/>
      <line num="41" count="2" type="stmt"/>
      <line num="46" count="3" type="stmt"/>
      <line num="47" count="3" type="stmt"/>
      <line num="48" count="3" type="cond" truecount="4" falsecount="0"/>
      <line num="49" count="1" type="stmt"/>
      <line num="50" count="1" type="stmt"/>
      <line num="53" count="2" type="stmt"/>
      <line num="54" count="2" type="cond" truecount="1" falsecount="1"/>
      <line num="55" count="0" type="stmt"/>
      <line num="58" count="2" type="stmt"/>
      <line num="66" count="2" type="stmt"/>
      <line num="67" count="1" type="stmt"/>
      <line num="69" count="1" type="stmt"/>
      <line num="71" count="1" type="stmt"/>
      <line num="72" count="1" type="stmt"/>
      <line num="78" count="3" type="stmt"/>
      <line num="79" count="3" type="stmt"/>
      <line num="80" count="3" type="cond" truecount="2" falsecount="0"/>
      <line num="81" count="1" type="stmt"/>
      <line num="84" count="2" type="stmt"/>
      <line num="85" count="1" type="stmt"/>
      <line num="87" count="1" type="stmt"/>
      <line num="88" count="1" type="stmt"/>
      <line num="94" count="2" type="stmt"/>
      <line num="95" count="2" type="stmt"/>
      <line num="96" count="2" type="stmt"/>
      <line num="97" count="2" type="stmt"/>
      <line num="99" count="2" type="stmt"/>
      <line num="101" count="2" type="stmt"/>
      <line num="113" count="1" type="stmt"/>
      <line num="124" count="1" type="stmt"/>
      <line num="134" count="1" type="stmt"/>
      <line num="152" count="1" type="stmt"/>
      <line num="153" count="1" type="stmt"/>
      <line num="159" count="1" type="stmt"/>
      <line num="164" count="3" type="stmt"/>
      <line num="166" count="3" type="stmt"/>
      <line num="167" count="3" type="cond" truecount="2" falsecount="0"/>
      <line num="168" count="1" type="stmt"/>
      <line num="170" count="2" type="stmt"/>
      <line num="173" count="2" type="stmt"/>
      <line num="178" count="2" type="cond" truecount="2" falsecount="0"/>
      <line num="179" count="1" type="stmt"/>
      <line num="183" count="1" type="stmt"/>
      <line num="184" count="1" type="cond" truecount="1" falsecount="1"/>
      <line num="185" count="0" type="stmt"/>
      <line num="189" count="1" type="stmt"/>
      <line num="190" count="1" type="stmt"/>
      <line num="193" count="1" type="stmt"/>
      <line num="194" count="1" type="stmt"/>
      <line num="195" count="2" type="stmt"/>
      <line num="198" count="2" type="stmt"/>
      <line num="203" count="2" type="stmt"/>
      <line num="206" count="1" type="stmt"/>
      <line num="208" count="0" type="stmt"/>
      <line num="209" count="0" type="stmt"/>
      <line num="215" count="2" type="stmt"/>
      <line num="216" count="2" type="stmt"/>
      <line num="217" count="1" type="stmt"/>
      <line num="219" count="1" type="stmt"/>
      <line num="220" count="2" type="stmt"/>
      <line num="221" count="2" type="stmt"/>
      <line num="224" count="1" type="stmt"/>
      <line num="226" count="1" type="stmt"/>
      <line num="227" count="1" type="stmt"/>
      <line num="232" count="3" type="stmt"/>
      <line num="233" count="3" type="stmt"/>
    </file>
  </project>
</coverage>
