{"/Users/mohamedboujelbane/Desktop/ACS/backend/services/cronService.js": {"path":"/Users/mohamedboujelbane/Desktop/ACS/backend/services/cronService.js","statementMap":{"0":{"start":{"line":1,"column":13},"end":{"line":1,"column":33}},"1":{"start":{"line":2,"column":11},"end":{"line":2,"column":33}},"2":{"start":{"line":3,"column":13},"end":{"line":3,"column":28}},"3":{"start":{"line":4,"column":11},"end":{"line":4,"column":40}},"4":{"start":{"line":5,"column":20},"end":{"line":5,"column":44}},"5":{"start":{"line":6,"column":26},"end":{"line":6,"column":56}},"6":{"start":{"line":7,"column":21},"end":{"line":7,"column":46}},"7":{"start":{"line":8,"column":26},"end":{"line":8,"column":63}},"8":{"start":{"line":12,"column":4},"end":{"line":12,"column":37}},"9":{"start":{"line":13,"column":4},"end":{"line":13,"column":25}},"10":{"start":{"line":14,"column":4},"end":{"line":14,"column":27}},"11":{"start":{"line":15,"column":4},"end":{"line":15,"column":28}},"12":{"start":{"line":16,"column":4},"end":{"line":16,"column":29}},"13":{"start":{"line":17,"column":4},"end":{"line":17,"column":63}},"14":{"start":{"line":18,"column":4},"end":{"line":18,"column":24}},"15":{"start":{"line":19,"column":4},"end":{"line":19,"column":70}},"16":{"start":{"line":20,"column":4},"end":{"line":20,"column":69}},"17":{"start":{"line":24,"column":4},"end":{"line":32,"column":5}},"18":{"start":{"line":25,"column":21},"end":{"line":25,"column":108}},"19":{"start":{"line":26,"column":6},"end":{"line":29,"column":9}},"20":{"start":{"line":27,"column":8},"end":{"line":27,"column":80}},"21":{"start":{"line":27,"column":54},"end":{"line":27,"column":80}},"22":{"start":{"line":28,"column":8},"end":{"line":28,"column":76}},"23":{"start":{"line":28,"column":40},"end":{"line":28,"column":76}},"24":{"start":{"line":31,"column":6},"end":{"line":31,"column":49}},"25":{"start":{"line":34,"column":4},"end":{"line":34,"column":25}},"26":{"start":{"line":35,"column":4},"end":{"line":35,"column":27}},"27":{"start":{"line":39,"column":4},"end":{"line":39,"column":70}},"28":{"start":{"line":39,"column":25},"end":{"line":39,"column":46}},"29":{"start":{"line":39,"column":47},"end":{"line":39,"column":68}},"30":{"start":{"line":40,"column":4},"end":{"line":40,"column":70}},"31":{"start":{"line":40,"column":25},"end":{"line":40,"column":60}},"32":{"start":{"line":40,"column":61},"end":{"line":40,"column":68}},"33":{"start":{"line":41,"column":4},"end":{"line":41,"column":97}},"34":{"start":{"line":41,"column":41},"end":{"line":41,"column":87}},"35":{"start":{"line":41,"column":88},"end":{"line":41,"column":95}},"36":{"start":{"line":43,"column":4},"end":{"line":43,"column":58}},"37":{"start":{"line":44,"column":4},"end":{"line":47,"column":7}},"38":{"start":{"line":44,"column":55},"end":{"line":44,"column":65}},"39":{"start":{"line":51,"column":4},"end":{"line":51,"column":78}},"40":{"start":{"line":51,"column":37},"end":{"line":51,"column":78}},"41":{"start":{"line":52,"column":4},"end":{"line":52,"column":32}},"42":{"start":{"line":53,"column":4},"end":{"line":53,"column":25}},"43":{"start":{"line":57,"column":4},"end":{"line":57,"column":27}},"44":{"start":{"line":58,"column":4},"end":{"line":58,"column":212}},"45":{"start":{"line":59,"column":4},"end":{"line":59,"column":83}},"46":{"start":{"line":63,"column":4},"end":{"line":63,"column":85}},"47":{"start":{"line":63,"column":27},"end":{"line":63,"column":70}},"48":{"start":{"line":63,"column":71},"end":{"line":63,"column":83}},"49":{"start":{"line":65,"column":4},"end":{"line":65,"column":27}},"50":{"start":{"line":66,"column":4},"end":{"line":66,"column":35}},"51":{"start":{"line":67,"column":4},"end":{"line":67,"column":39}},"52":{"start":{"line":69,"column":19},"end":{"line":69,"column":131}},"53":{"start":{"line":71,"column":4},"end":{"line":102,"column":5}},"54":{"start":{"line":72,"column":20},"end":{"line":72,"column":87}},"55":{"start":{"line":73,"column":6},"end":{"line":73,"column":41}},"56":{"start":{"line":75,"column":6},"end":{"line":93,"column":7}},"57":{"start":{"line":77,"column":8},"end":{"line":83,"column":9}},"58":{"start":{"line":78,"column":35},"end":{"line":78,"column":73}},"59":{"start":{"line":79,"column":10},"end":{"line":79,"column":72}},"60":{"start":{"line":80,"column":10},"end":{"line":80,"column":93}},"61":{"start":{"line":80,"column":46},"end":{"line":80,"column":93}},"62":{"start":{"line":82,"column":10},"end":{"line":82,"column":94}},"63":{"start":{"line":85,"column":8},"end":{"line":92,"column":9}},"64":{"start":{"line":86,"column":29},"end":{"line":86,"column":62}},"65":{"start":{"line":87,"column":10},"end":{"line":87,"column":53}},"66":{"start":{"line":88,"column":10},"end":{"line":88,"column":61}},"67":{"start":{"line":89,"column":10},"end":{"line":89,"column":81}},"68":{"start":{"line":89,"column":40},"end":{"line":89,"column":81}},"69":{"start":{"line":91,"column":10},"end":{"line":91,"column":72}},"70":{"start":{"line":95,"column":6},"end":{"line":95,"column":35}},"71":{"start":{"line":96,"column":6},"end":{"line":96,"column":136}},"72":{"start":{"line":98,"column":6},"end":{"line":98,"column":42}},"73":{"start":{"line":99,"column":6},"end":{"line":99,"column":51}},"74":{"start":{"line":101,"column":6},"end":{"line":101,"column":30}},"75":{"start":{"line":104,"column":4},"end":{"line":104,"column":18}},"76":{"start":{"line":108,"column":19},"end":{"line":108,"column":67}},"77":{"start":{"line":110,"column":4},"end":{"line":110,"column":51}},"78":{"start":{"line":110,"column":37},"end":{"line":110,"column":51}},"79":{"start":{"line":112,"column":19},"end":{"line":112,"column":73}},"80":{"start":{"line":114,"column":4},"end":{"line":183,"column":5}},"81":{"start":{"line":115,"column":21},"end":{"line":115,"column":23}},"82":{"start":{"line":117,"column":6},"end":{"line":129,"column":7}},"83":{"start":{"line":118,"column":8},"end":{"line":118,"column":89}},"84":{"start":{"line":120,"column":22},"end":{"line":120,"column":71}},"85":{"start":{"line":121,"column":8},"end":{"line":126,"column":9}},"86":{"start":{"line":122,"column":10},"end":{"line":122,"column":35}},"87":{"start":{"line":124,"column":10},"end":{"line":124,"column":55}},"88":{"start":{"line":125,"column":10},"end":{"line":125,"column":24}},"89":{"start":{"line":127,"column":22},"end":{"line":127,"column":47}},"90":{"start":{"line":128,"column":8},"end":{"line":128,"column":71}},"91":{"start":{"line":128,"column":37},"end":{"line":128,"column":69}},"92":{"start":{"line":131,"column":6},"end":{"line":131,"column":42}},"93":{"start":{"line":133,"column":6},"end":{"line":179,"column":7}},"94":{"start":{"line":134,"column":8},"end":{"line":178,"column":9}},"95":{"start":{"line":135,"column":27},"end":{"line":138,"column":11}},"96":{"start":{"line":140,"column":10},"end":{"line":140,"column":49}},"97":{"start":{"line":140,"column":40},"end":{"line":140,"column":49}},"98":{"start":{"line":142,"column":10},"end":{"line":142,"column":90}},"99":{"start":{"line":146,"column":10},"end":{"line":154,"column":11}},"100":{"start":{"line":147,"column":28},"end":{"line":147,"column":71}},"101":{"start":{"line":148,"column":31},"end":{"line":148,"column":72}},"102":{"start":{"line":149,"column":12},"end":{"line":149,"column":118}},"103":{"start":{"line":151,"column":28},"end":{"line":151,"column":77}},"104":{"start":{"line":152,"column":29},"end":{"line":152,"column":57}},"105":{"start":{"line":153,"column":12},"end":{"line":153,"column":105}},"106":{"start":{"line":156,"column":10},"end":{"line":174,"column":11}},"107":{"start":{"line":157,"column":12},"end":{"line":157,"column":36}},"108":{"start":{"line":159,"column":12},"end":{"line":169,"column":13}},"109":{"start":{"line":160,"column":35},"end":{"line":160,"column":88}},"110":{"start":{"line":161,"column":30},"end":{"line":161,"column":73}},"111":{"start":{"line":162,"column":14},"end":{"line":162,"column":70}},"112":{"start":{"line":164,"column":30},"end":{"line":164,"column":79}},"113":{"start":{"line":165,"column":31},"end":{"line":165,"column":59}},"114":{"start":{"line":166,"column":35},"end":{"line":166,"column":66}},"115":{"start":{"line":167,"column":14},"end":{"line":167,"column":64}},"116":{"start":{"line":168,"column":14},"end":{"line":168,"column":75}},"117":{"start":{"line":171,"column":12},"end":{"line":171,"column":142}},"118":{"start":{"line":173,"column":12},"end":{"line":173,"column":81}},"119":{"start":{"line":176,"column":10},"end":{"line":176,"column":92}},"120":{"start":{"line":177,"column":10},"end":{"line":177,"column":75}},"121":{"start":{"line":181,"column":6},"end":{"line":181,"column":91}},"122":{"start":{"line":182,"column":6},"end":{"line":182,"column":51}},"123":{"start":{"line":185,"column":4},"end":{"line":185,"column":18}},"124":{"start":{"line":189,"column":4},"end":{"line":202,"column":5}},"125":{"start":{"line":190,"column":6},"end":{"line":194,"column":8}},"126":{"start":{"line":196,"column":6},"end":{"line":201,"column":7}},"127":{"start":{"line":197,"column":8},"end":{"line":197,"column":33}},"128":{"start":{"line":198,"column":8},"end":{"line":198,"column":37}},"129":{"start":{"line":200,"column":8},"end":{"line":200,"column":43}},"130":{"start":{"line":206,"column":4},"end":{"line":214,"column":7}},"131":{"start":{"line":215,"column":4},"end":{"line":215,"column":45}},"132":{"start":{"line":219,"column":4},"end":{"line":219,"column":76}},"133":{"start":{"line":219,"column":27},"end":{"line":219,"column":50}},"134":{"start":{"line":219,"column":51},"end":{"line":219,"column":74}},"135":{"start":{"line":220,"column":4},"end":{"line":220,"column":87}},"136":{"start":{"line":220,"column":36},"end":{"line":220,"column":77}},"137":{"start":{"line":220,"column":78},"end":{"line":220,"column":85}},"138":{"start":{"line":221,"column":4},"end":{"line":221,"column":126}},"139":{"start":{"line":221,"column":52},"end":{"line":221,"column":116}},"140":{"start":{"line":221,"column":117},"end":{"line":221,"column":124}},"141":{"start":{"line":222,"column":4},"end":{"line":225,"column":72}},"142":{"start":{"line":223,"column":6},"end":{"line":223,"column":46}},"143":{"start":{"line":224,"column":6},"end":{"line":224,"column":114}},"144":{"start":{"line":224,"column":12},"end":{"line":224,"column":63}},"145":{"start":{"line":224,"column":78},"end":{"line":224,"column":112}},"146":{"start":{"line":226,"column":4},"end":{"line":226,"column":76}},"147":{"start":{"line":230,"column":4},"end":{"line":230,"column":27}},"148":{"start":{"line":234,"column":4},"end":{"line":242,"column":6}},"149":{"start":{"line":246,"column":19},"end":{"line":253,"column":5}},"150":{"start":{"line":254,"column":4},"end":{"line":254,"column":26}},"151":{"start":{"line":258,"column":4},"end":{"line":258,"column":57}},"152":{"start":{"line":258,"column":45},"end":{"line":258,"column":57}},"153":{"start":{"line":259,"column":18},"end":{"line":259,"column":50}},"154":{"start":{"line":260,"column":4},"end":{"line":264,"column":5}},"155":{"start":{"line":261,"column":19},"end":{"line":261,"column":46}},"156":{"start":{"line":262,"column":6},"end":{"line":262,"column":62}},"157":{"start":{"line":263,"column":6},"end":{"line":263,"column":18}},"158":{"start":{"line":265,"column":4},"end":{"line":265,"column":16}},"159":{"start":{"line":269,"column":0},"end":{"line":269,"column":35}},"160":{"start":{"line":270,"column":0},"end":{"line":270,"column":41}}},"fnMap":{"0":{"name":"(anonymous_0)","decl":{"start":{"line":11,"column":2},"end":{"line":11,"column":3}},"loc":{"start":{"line":11,"column":16},"end":{"line":21,"column":3}},"line":11},"1":{"name":"(anonymous_1)","decl":{"start":{"line":23,"column":2},"end":{"line":23,"column":3}},"loc":{"start":{"line":23,"column":15},"end":{"line":36,"column":3}},"line":23},"2":{"name":"(anonymous_2)","decl":{"start":{"line":26,"column":26},"end":{"line":26,"column":27}},"loc":{"start":{"line":26,"column":33},"end":{"line":29,"column":7}},"line":26},"3":{"name":"(anonymous_3)","decl":{"start":{"line":38,"column":2},"end":{"line":38,"column":3}},"loc":{"start":{"line":38,"column":18},"end":{"line":48,"column":3}},"line":38},"4":{"name":"(anonymous_4)","decl":{"start":{"line":44,"column":49},"end":{"line":44,"column":50}},"loc":{"start":{"line":44,"column":55},"end":{"line":44,"column":65}},"line":44},"5":{"name":"(anonymous_5)","decl":{"start":{"line":50,"column":2},"end":{"line":50,"column":3}},"loc":{"start":{"line":50,"column":36},"end":{"line":54,"column":3}},"line":50},"6":{"name":"(anonymous_6)","decl":{"start":{"line":56,"column":2},"end":{"line":56,"column":3}},"loc":{"start":{"line":56,"column":28},"end":{"line":60,"column":3}},"line":56},"7":{"name":"(anonymous_7)","decl":{"start":{"line":62,"column":2},"end":{"line":62,"column":3}},"loc":{"start":{"line":62,"column":14},"end":{"line":105,"column":3}},"line":62},"8":{"name":"(anonymous_8)","decl":{"start":{"line":107,"column":2},"end":{"line":107,"column":3}},"loc":{"start":{"line":107,"column":36},"end":{"line":186,"column":3}},"line":107},"9":{"name":"(anonymous_9)","decl":{"start":{"line":128,"column":32},"end":{"line":128,"column":33}},"loc":{"start":{"line":128,"column":37},"end":{"line":128,"column":69}},"line":128},"10":{"name":"(anonymous_10)","decl":{"start":{"line":188,"column":2},"end":{"line":188,"column":3}},"loc":{"start":{"line":188,"column":26},"end":{"line":203,"column":3}},"line":188},"11":{"name":"(anonymous_11)","decl":{"start":{"line":205,"column":2},"end":{"line":205,"column":3}},"loc":{"start":{"line":205,"column":22},"end":{"line":216,"column":3}},"line":205},"12":{"name":"(anonymous_12)","decl":{"start":{"line":218,"column":2},"end":{"line":218,"column":3}},"loc":{"start":{"line":218,"column":20},"end":{"line":227,"column":3}},"line":218},"13":{"name":"(anonymous_13)","decl":{"start":{"line":222,"column":62},"end":{"line":222,"column":63}},"loc":{"start":{"line":222,"column":74},"end":{"line":225,"column":5}},"line":222},"14":{"name":"(anonymous_14)","decl":{"start":{"line":229,"column":2},"end":{"line":229,"column":3}},"loc":{"start":{"line":229,"column":25},"end":{"line":231,"column":3}},"line":229},"15":{"name":"(anonymous_15)","decl":{"start":{"line":233,"column":2},"end":{"line":233,"column":3}},"loc":{"start":{"line":233,"column":14},"end":{"line":243,"column":3}},"line":233},"16":{"name":"(anonymous_16)","decl":{"start":{"line":245,"column":2},"end":{"line":245,"column":3}},"loc":{"start":{"line":245,"column":18},"end":{"line":255,"column":3}},"line":245},"17":{"name":"(anonymous_17)","decl":{"start":{"line":257,"column":2},"end":{"line":257,"column":3}},"loc":{"start":{"line":257,"column":21},"end":{"line":266,"column":3}},"line":257}},"branchMap":{"0":{"loc":{"start":{"line":17,"column":20},"end":{"line":17,"column":62}},"type":"binary-expr","locations":[{"start":{"line":17,"column":20},"end":{"line":17,"column":45}},{"start":{"line":17,"column":49},"end":{"line":17,"column":62}}],"line":17},"1":{"loc":{"start":{"line":19,"column":31},"end":{"line":19,"column":69}},"type":"binary-expr","locations":[{"start":{"line":19,"column":31},"end":{"line":19,"column":54}},{"start":{"line":19,"column":58},"end":{"line":19,"column":69}}],"line":19},"2":{"loc":{"start":{"line":27,"column":8},"end":{"line":27,"column":80}},"type":"if","locations":[{"start":{"line":27,"column":8},"end":{"line":27,"column":80}},{"start":{},"end":{}}],"line":27},"3":{"loc":{"start":{"line":27,"column":12},"end":{"line":27,"column":52}},"type":"binary-expr","locations":[{"start":{"line":27,"column":12},"end":{"line":27,"column":39}},{"start":{"line":27,"column":43},"end":{"line":27,"column":52}}],"line":27},"4":{"loc":{"start":{"line":28,"column":8},"end":{"line":28,"column":76}},"type":"if","locations":[{"start":{"line":28,"column":8},"end":{"line":28,"column":76}},{"start":{},"end":{}}],"line":28},"5":{"loc":{"start":{"line":39,"column":4},"end":{"line":39,"column":70}},"type":"if","locations":[{"start":{"line":39,"column":4},"end":{"line":39,"column":70}},{"start":{},"end":{}}],"line":39},"6":{"loc":{"start":{"line":40,"column":4},"end":{"line":40,"column":70}},"type":"if","locations":[{"start":{"line":40,"column":4},"end":{"line":40,"column":70}},{"start":{},"end":{}}],"line":40},"7":{"loc":{"start":{"line":41,"column":4},"end":{"line":41,"column":97}},"type":"if","locations":[{"start":{"line":41,"column":4},"end":{"line":41,"column":97}},{"start":{},"end":{}}],"line":41},"8":{"loc":{"start":{"line":46,"column":16},"end":{"line":46,"column":48}},"type":"binary-expr","locations":[{"start":{"line":46,"column":16},"end":{"line":46,"column":30}},{"start":{"line":46,"column":34},"end":{"line":46,"column":48}}],"line":46},"9":{"loc":{"start":{"line":51,"column":4},"end":{"line":51,"column":78}},"type":"if","locations":[{"start":{"line":51,"column":4},"end":{"line":51,"column":78}},{"start":{},"end":{}}],"line":51},"10":{"loc":{"start":{"line":59,"column":4},"end":{"line":59,"column":82}},"type":"cond-expr","locations":[{"start":{"line":59,"column":14},"end":{"line":59,"column":34}},{"start":{"line":59,"column":38},"end":{"line":59,"column":81}}],"line":59},"11":{"loc":{"start":{"line":63,"column":4},"end":{"line":63,"column":85}},"type":"if","locations":[{"start":{"line":63,"column":4},"end":{"line":63,"column":85}},{"start":{},"end":{}}],"line":63},"12":{"loc":{"start":{"line":80,"column":10},"end":{"line":80,"column":93}},"type":"if","locations":[{"start":{"line":80,"column":10},"end":{"line":80,"column":93}},{"start":{},"end":{}}],"line":80},"13":{"loc":{"start":{"line":89,"column":10},"end":{"line":89,"column":81}},"type":"if","locations":[{"start":{"line":89,"column":10},"end":{"line":89,"column":81}},{"start":{},"end":{}}],"line":89},"14":{"loc":{"start":{"line":110,"column":4},"end":{"line":110,"column":51}},"type":"if","locations":[{"start":{"line":110,"column":4},"end":{"line":110,"column":51}},{"start":{},"end":{}}],"line":110},"15":{"loc":{"start":{"line":117,"column":6},"end":{"line":129,"column":7}},"type":"if","locations":[{"start":{"line":117,"column":6},"end":{"line":129,"column":7}},{"start":{"line":119,"column":13},"end":{"line":129,"column":7}}],"line":117},"16":{"loc":{"start":{"line":140,"column":10},"end":{"line":140,"column":49}},"type":"if","locations":[{"start":{"line":140,"column":10},"end":{"line":140,"column":49}},{"start":{},"end":{}}],"line":140},"17":{"loc":{"start":{"line":146,"column":10},"end":{"line":154,"column":11}},"type":"if","locations":[{"start":{"line":146,"column":10},"end":{"line":154,"column":11}},{"start":{"line":150,"column":17},"end":{"line":154,"column":11}}],"line":146},"18":{"loc":{"start":{"line":156,"column":10},"end":{"line":174,"column":11}},"type":"if","locations":[{"start":{"line":156,"column":10},"end":{"line":174,"column":11}},{"start":{"line":172,"column":17},"end":{"line":174,"column":11}}],"line":156},"19":{"loc":{"start":{"line":159,"column":12},"end":{"line":169,"column":13}},"type":"if","locations":[{"start":{"line":159,"column":12},"end":{"line":169,"column":13}},{"start":{"line":163,"column":19},"end":{"line":169,"column":13}}],"line":159},"20":{"loc":{"start":{"line":196,"column":6},"end":{"line":201,"column":7}},"type":"if","locations":[{"start":{"line":196,"column":6},"end":{"line":201,"column":7}},{"start":{"line":199,"column":13},"end":{"line":201,"column":7}}],"line":196},"21":{"loc":{"start":{"line":219,"column":4},"end":{"line":219,"column":76}},"type":"if","locations":[{"start":{"line":219,"column":4},"end":{"line":219,"column":76}},{"start":{},"end":{}}],"line":219},"22":{"loc":{"start":{"line":220,"column":4},"end":{"line":220,"column":87}},"type":"if","locations":[{"start":{"line":220,"column":4},"end":{"line":220,"column":87}},{"start":{},"end":{}}],"line":220},"23":{"loc":{"start":{"line":221,"column":4},"end":{"line":221,"column":126}},"type":"if","locations":[{"start":{"line":221,"column":4},"end":{"line":221,"column":126}},{"start":{},"end":{}}],"line":221},"24":{"loc":{"start":{"line":225,"column":36},"end":{"line":225,"column":68}},"type":"binary-expr","locations":[{"start":{"line":225,"column":36},"end":{"line":225,"column":50}},{"start":{"line":225,"column":54},"end":{"line":225,"column":68}}],"line":225},"25":{"loc":{"start":{"line":241,"column":16},"end":{"line":241,"column":48}},"type":"binary-expr","locations":[{"start":{"line":241,"column":16},"end":{"line":241,"column":30}},{"start":{"line":241,"column":34},"end":{"line":241,"column":48}}],"line":241},"26":{"loc":{"start":{"line":254,"column":11},"end":{"line":254,"column":25}},"type":"binary-expr","locations":[{"start":{"line":254,"column":11},"end":{"line":254,"column":20}},{"start":{"line":254,"column":24},"end":{"line":254,"column":25}}],"line":254},"27":{"loc":{"start":{"line":258,"column":4},"end":{"line":258,"column":57}},"type":"if","locations":[{"start":{"line":258,"column":4},"end":{"line":258,"column":57}},{"start":{},"end":{}}],"line":258},"28":{"loc":{"start":{"line":258,"column":8},"end":{"line":258,"column":43}},"type":"binary-expr","locations":[{"start":{"line":258,"column":8},"end":{"line":258,"column":21}},{"start":{"line":258,"column":25},"end":{"line":258,"column":43}}],"line":258},"29":{"loc":{"start":{"line":260,"column":4},"end":{"line":264,"column":5}},"type":"if","locations":[{"start":{"line":260,"column":4},"end":{"line":264,"column":5}},{"start":{},"end":{}}],"line":260}},"s":{"0":2,"1":2,"2":2,"3":2,"4":2,"5":2,"6":2,"7":2,"8":35,"9":35,"10":35,"11":35,"12":35,"13":35,"14":35,"15":35,"16":35,"17":3,"18":3,"19":2,"20":2,"21":1,"22":2,"23":1,"24":1,"25":3,"26":3,"27":4,"28":1,"29":1,"30":4,"31":2,"32":2,"33":2,"34":1,"35":1,"36":1,"37":1,"38":0,"39":2,"40":1,"41":1,"42":1,"43":2,"44":2,"45":2,"46":3,"47":1,"48":1,"49":2,"50":2,"51":2,"52":2,"53":2,"54":2,"55":2,"56":2,"57":2,"58":2,"59":2,"60":2,"61":0,"62":0,"63":2,"64":2,"65":1,"66":1,"67":1,"68":0,"69":1,"70":2,"71":2,"72":0,"73":0,"74":2,"75":2,"76":7,"77":7,"78":3,"79":4,"80":4,"81":4,"82":4,"83":1,"84":3,"85":3,"86":3,"87":1,"88":1,"89":2,"90":2,"91":4,"92":3,"93":3,"94":5,"95":5,"96":5,"97":1,"98":4,"99":4,"100":2,"101":2,"102":2,"103":2,"104":2,"105":2,"106":4,"107":4,"108":4,"109":2,"110":2,"111":2,"112":2,"113":2,"114":2,"115":2,"116":2,"117":4,"118":0,"119":0,"120":0,"121":0,"122":0,"123":3,"124":4,"125":4,"126":2,"127":1,"128":1,"129":1,"130":0,"131":0,"132":4,"133":0,"134":0,"135":4,"136":1,"137":1,"138":3,"139":1,"140":1,"141":2,"142":0,"143":0,"144":0,"145":0,"146":2,"147":0,"148":3,"149":8,"150":8,"151":7,"152":4,"153":3,"154":3,"155":2,"156":2,"157":2,"158":1,"159":2,"160":2},"f":{"0":35,"1":3,"2":2,"3":4,"4":0,"5":2,"6":2,"7":3,"8":7,"9":4,"10":4,"11":0,"12":4,"13":0,"14":0,"15":3,"16":8,"17":7},"b":{"0":[35,0],"1":[35,34],"2":[1,1],"3":[2,1],"4":[1,1],"5":[1,3],"6":[2,2],"7":[1,1],"8":[1,0],"9":[1,1],"10":[1,1],"11":[1,2],"12":[0,2],"13":[0,1],"14":[3,4],"15":[1,3],"16":[1,4],"17":[2,2],"18":[4,0],"19":[2,2],"20":[1,1],"21":[0,4],"22":[1,3],"23":[1,2],"24":[2,0],"25":[3,0],"26":[8,1],"27":[4,3],"28":[7,6],"29":[2,1]},"_coverageSchema":"1a1c01bbd47fc00a2c39e90264f33305004495a9","hash":"cc65cbfe1893e8c9ceec9a4ab85fc387ec8d5457"}
,"/Users/mohamedboujelbane/Desktop/ACS/backend/services/emailService.js": {"path":"/Users/mohamedboujelbane/Desktop/ACS/backend/services/emailService.js","statementMap":{"0":{"start":{"line":1,"column":19},"end":{"line":1,"column":40}},"1":{"start":{"line":2,"column":11},"end":{"line":2,"column":40}},"2":{"start":{"line":3,"column":31},"end":{"line":3,"column":63}},"3":{"start":{"line":7,"column":4},"end":{"line":7,"column":28}},"4":{"start":{"line":12,"column":4},"end":{"line":21,"column":5}},"5":{"start":{"line":13,"column":21},"end":{"line":13,"column":72}},"6":{"start":{"line":14,"column":6},"end":{"line":16,"column":7}},"7":{"start":{"line":15,"column":8},"end":{"line":15,"column":30}},"8":{"start":{"line":17,"column":6},"end":{"line":17,"column":18}},"9":{"start":{"line":19,"column":6},"end":{"line":19,"column":57}},"10":{"start":{"line":20,"column":6},"end":{"line":20,"column":18}},"11":{"start":{"line":26,"column":19},"end":{"line":26,"column":42}},"12":{"start":{"line":27,"column":4},"end":{"line":29,"column":5}},"13":{"start":{"line":28,"column":6},"end":{"line":28,"column":18}},"14":{"start":{"line":31,"column":4},"end":{"line":39,"column":7}},"15":{"start":{"line":41,"column":4},"end":{"line":41,"column":28}},"16":{"start":{"line":46,"column":4},"end":{"line":73,"column":5}},"17":{"start":{"line":47,"column":21},"end":{"line":47,"column":44}},"18":{"start":{"line":48,"column":6},"end":{"line":51,"column":7}},"19":{"start":{"line":49,"column":8},"end":{"line":49,"column":56}},"20":{"start":{"line":50,"column":8},"end":{"line":50,"column":65}},"21":{"start":{"line":53,"column":26},"end":{"line":53,"column":56}},"22":{"start":{"line":54,"column":6},"end":{"line":56,"column":7}},"23":{"start":{"line":55,"column":8},"end":{"line":55,"column":87}},"24":{"start":{"line":58,"column":26},"end":{"line":64,"column":7}},"25":{"start":{"line":66,"column":19},"end":{"line":66,"column":58}},"26":{"start":{"line":67,"column":6},"end":{"line":67,"column":49}},"27":{"start":{"line":69,"column":6},"end":{"line":69,"column":58}},"28":{"start":{"line":71,"column":6},"end":{"line":71,"column":51}},"29":{"start":{"line":72,"column":6},"end":{"line":72,"column":56}},"30":{"start":{"line":78,"column":4},"end":{"line":89,"column":5}},"31":{"start":{"line":79,"column":26},"end":{"line":79,"column":56}},"32":{"start":{"line":80,"column":6},"end":{"line":82,"column":7}},"33":{"start":{"line":81,"column":8},"end":{"line":81,"column":78}},"34":{"start":{"line":84,"column":6},"end":{"line":84,"column":33}},"35":{"start":{"line":85,"column":6},"end":{"line":85,"column":66}},"36":{"start":{"line":87,"column":6},"end":{"line":87,"column":59}},"37":{"start":{"line":88,"column":6},"end":{"line":88,"column":56}},"38":{"start":{"line":94,"column":23},"end":{"line":94,"column":37}},"39":{"start":{"line":95,"column":4},"end":{"line":95,"column":36}},"40":{"start":{"line":96,"column":21},"end":{"line":96,"column":35}},"41":{"start":{"line":97,"column":4},"end":{"line":97,"column":39}},"42":{"start":{"line":99,"column":4},"end":{"line":154,"column":5}},"43":{"start":{"line":101,"column":23},"end":{"line":110,"column":40}},"44":{"start":{"line":113,"column":24},"end":{"line":121,"column":40}},"45":{"start":{"line":124,"column":23},"end":{"line":132,"column":40}},"46":{"start":{"line":134,"column":6},"end":{"line":150,"column":8}},"47":{"start":{"line":152,"column":6},"end":{"line":152,"column":57}},"48":{"start":{"line":153,"column":6},"end":{"line":153,"column":18}},"49":{"start":{"line":159,"column":4},"end":{"line":159,"column":47}},"50":{"start":{"line":164,"column":4},"end":{"line":210,"column":5}},"51":{"start":{"line":166,"column":25},"end":{"line":166,"column":86}},"52":{"start":{"line":167,"column":6},"end":{"line":169,"column":7}},"53":{"start":{"line":168,"column":8},"end":{"line":168,"column":65}},"54":{"start":{"line":170,"column":19},"end":{"line":170,"column":37}},"55":{"start":{"line":173,"column":27},"end":{"line":176,"column":7}},"56":{"start":{"line":178,"column":6},"end":{"line":180,"column":7}},"57":{"start":{"line":179,"column":8},"end":{"line":179,"column":86}},"58":{"start":{"line":183,"column":20},"end":{"line":183,"column":58}},"59":{"start":{"line":184,"column":6},"end":{"line":186,"column":7}},"60":{"start":{"line":185,"column":8},"end":{"line":185,"column":94}},"61":{"start":{"line":189,"column":26},"end":{"line":189,"column":67}},"62":{"start":{"line":190,"column":22},"end":{"line":190,"column":100}},"63":{"start":{"line":193,"column":22},"end":{"line":193,"column":24}},"64":{"start":{"line":194,"column":6},"end":{"line":204,"column":7}},"65":{"start":{"line":195,"column":23},"end":{"line":195,"column":76}},"66":{"start":{"line":198,"column":8},"end":{"line":201,"column":101}},"67":{"start":{"line":203,"column":8},"end":{"line":203,"column":54}},"68":{"start":{"line":206,"column":6},"end":{"line":206,"column":40}},"69":{"start":{"line":208,"column":6},"end":{"line":208,"column":58}},"70":{"start":{"line":209,"column":6},"end":{"line":209,"column":56}},"71":{"start":{"line":215,"column":4},"end":{"line":228,"column":5}},"72":{"start":{"line":216,"column":26},"end":{"line":216,"column":93}},"73":{"start":{"line":217,"column":22},"end":{"line":217,"column":24}},"74":{"start":{"line":219,"column":6},"end":{"line":222,"column":7}},"75":{"start":{"line":220,"column":23},"end":{"line":220,"column":64}},"76":{"start":{"line":221,"column":8},"end":{"line":221,"column":74}},"77":{"start":{"line":224,"column":6},"end":{"line":224,"column":40}},"78":{"start":{"line":226,"column":6},"end":{"line":226,"column":63}},"79":{"start":{"line":227,"column":6},"end":{"line":227,"column":56}},"80":{"start":{"line":232,"column":0},"end":{"line":232,"column":36}},"81":{"start":{"line":233,"column":0},"end":{"line":233,"column":43}}},"fnMap":{"0":{"name":"(anonymous_0)","decl":{"start":{"line":6,"column":2},"end":{"line":6,"column":3}},"loc":{"start":{"line":6,"column":16},"end":{"line":8,"column":3}},"line":6},"1":{"name":"(anonymous_1)","decl":{"start":{"line":11,"column":2},"end":{"line":11,"column":3}},"loc":{"start":{"line":11,"column":21},"end":{"line":22,"column":3}},"line":11},"2":{"name":"(anonymous_2)","decl":{"start":{"line":25,"column":2},"end":{"line":25,"column":3}},"loc":{"start":{"line":25,"column":28},"end":{"line":42,"column":3}},"line":25},"3":{"name":"(anonymous_3)","decl":{"start":{"line":45,"column":2},"end":{"line":45,"column":3}},"loc":{"start":{"line":45,"column":57},"end":{"line":74,"column":3}},"line":45},"4":{"name":"(anonymous_4)","decl":{"start":{"line":77,"column":2},"end":{"line":77,"column":3}},"loc":{"start":{"line":77,"column":25},"end":{"line":90,"column":3}},"line":77},"5":{"name":"(anonymous_5)","decl":{"start":{"line":93,"column":2},"end":{"line":93,"column":3}},"loc":{"start":{"line":93,"column":36},"end":{"line":155,"column":3}},"line":93},"6":{"name":"(anonymous_6)","decl":{"start":{"line":158,"column":2},"end":{"line":158,"column":3}},"loc":{"start":{"line":158,"column":38},"end":{"line":160,"column":3}},"line":158},"7":{"name":"(anonymous_7)","decl":{"start":{"line":163,"column":2},"end":{"line":163,"column":3}},"loc":{"start":{"line":163,"column":51},"end":{"line":211,"column":3}},"line":163},"8":{"name":"(anonymous_8)","decl":{"start":{"line":214,"column":2},"end":{"line":214,"column":3}},"loc":{"start":{"line":214,"column":47},"end":{"line":229,"column":3}},"line":214}},"branchMap":{"0":{"loc":{"start":{"line":14,"column":6},"end":{"line":16,"column":7}},"type":"if","locations":[{"start":{"line":14,"column":6},"end":{"line":16,"column":7}},{"start":{},"end":{}}],"line":14},"1":{"loc":{"start":{"line":27,"column":4},"end":{"line":29,"column":5}},"type":"if","locations":[{"start":{"line":27,"column":4},"end":{"line":29,"column":5}},{"start":{},"end":{}}],"line":27},"2":{"loc":{"start":{"line":27,"column":8},"end":{"line":27,"column":34}},"type":"binary-expr","locations":[{"start":{"line":27,"column":8},"end":{"line":27,"column":15}},{"start":{"line":27,"column":19},"end":{"line":27,"column":34}}],"line":27},"3":{"loc":{"start":{"line":35,"column":12},"end":{"line":38,"column":19}},"type":"cond-expr","locations":[{"start":{"line":35,"column":30},"end":{"line":38,"column":7}},{"start":{"line":38,"column":10},"end":{"line":38,"column":19}}],"line":35},"4":{"loc":{"start":{"line":48,"column":6},"end":{"line":51,"column":7}},"type":"if","locations":[{"start":{"line":48,"column":6},"end":{"line":51,"column":7}},{"start":{},"end":{}}],"line":48},"5":{"loc":{"start":{"line":48,"column":10},"end":{"line":48,"column":36}},"type":"binary-expr","locations":[{"start":{"line":48,"column":10},"end":{"line":48,"column":17}},{"start":{"line":48,"column":21},"end":{"line":48,"column":36}}],"line":48},"6":{"loc":{"start":{"line":54,"column":6},"end":{"line":56,"column":7}},"type":"if","locations":[{"start":{"line":54,"column":6},"end":{"line":56,"column":7}},{"start":{},"end":{}}],"line":54},"7":{"loc":{"start":{"line":62,"column":14},"end":{"line":62,"column":31}},"type":"binary-expr","locations":[{"start":{"line":62,"column":14},"end":{"line":62,"column":25}},{"start":{"line":62,"column":29},"end":{"line":62,"column":31}}],"line":62},"8":{"loc":{"start":{"line":80,"column":6},"end":{"line":82,"column":7}},"type":"if","locations":[{"start":{"line":80,"column":6},"end":{"line":82,"column":7}},{"start":{},"end":{}}],"line":80},"9":{"loc":{"start":{"line":137,"column":24},"end":{"line":137,"column":69}},"type":"binary-expr","locations":[{"start":{"line":137,"column":24},"end":{"line":137,"column":64}},{"start":{"line":137,"column":68},"end":{"line":137,"column":69}}],"line":137},"10":{"loc":{"start":{"line":138,"column":29},"end":{"line":138,"column":79}},"type":"binary-expr","locations":[{"start":{"line":138,"column":29},"end":{"line":138,"column":74}},{"start":{"line":138,"column":78},"end":{"line":138,"column":79}}],"line":138},"11":{"loc":{"start":{"line":139,"column":27},"end":{"line":139,"column":75}},"type":"binary-expr","locations":[{"start":{"line":139,"column":27},"end":{"line":139,"column":70}},{"start":{"line":139,"column":74},"end":{"line":139,"column":75}}],"line":139},"12":{"loc":{"start":{"line":140,"column":29},"end":{"line":140,"column":79}},"type":"binary-expr","locations":[{"start":{"line":140,"column":29},"end":{"line":140,"column":74}},{"start":{"line":140,"column":78},"end":{"line":140,"column":79}}],"line":140},"13":{"loc":{"start":{"line":143,"column":22},"end":{"line":143,"column":66}},"type":"binary-expr","locations":[{"start":{"line":143,"column":22},"end":{"line":143,"column":61}},{"start":{"line":143,"column":65},"end":{"line":143,"column":66}}],"line":143},"14":{"loc":{"start":{"line":144,"column":22},"end":{"line":144,"column":66}},"type":"binary-expr","locations":[{"start":{"line":144,"column":22},"end":{"line":144,"column":61}},{"start":{"line":144,"column":65},"end":{"line":144,"column":66}}],"line":144},"15":{"loc":{"start":{"line":147,"column":20},"end":{"line":147,"column":61}},"type":"binary-expr","locations":[{"start":{"line":147,"column":20},"end":{"line":147,"column":56}},{"start":{"line":147,"column":60},"end":{"line":147,"column":61}}],"line":147},"16":{"loc":{"start":{"line":148,"column":24},"end":{"line":148,"column":73}},"type":"binary-expr","locations":[{"start":{"line":148,"column":24},"end":{"line":148,"column":68}},{"start":{"line":148,"column":72},"end":{"line":148,"column":73}}],"line":148},"17":{"loc":{"start":{"line":163,"column":32},"end":{"line":163,"column":49}},"type":"default-arg","locations":[{"start":{"line":163,"column":39},"end":{"line":163,"column":49}}],"line":163},"18":{"loc":{"start":{"line":167,"column":6},"end":{"line":169,"column":7}},"type":"if","locations":[{"start":{"line":167,"column":6},"end":{"line":169,"column":7}},{"start":{},"end":{}}],"line":167},"19":{"loc":{"start":{"line":178,"column":6},"end":{"line":180,"column":7}},"type":"if","locations":[{"start":{"line":178,"column":6},"end":{"line":180,"column":7}},{"start":{},"end":{}}],"line":178},"20":{"loc":{"start":{"line":184,"column":6},"end":{"line":186,"column":7}},"type":"if","locations":[{"start":{"line":184,"column":6},"end":{"line":186,"column":7}},{"start":{},"end":{}}],"line":184},"21":{"loc":{"start":{"line":201,"column":40},"end":{"line":201,"column":74}},"type":"cond-expr","locations":[{"start":{"line":201,"column":57},"end":{"line":201,"column":63}},{"start":{"line":201,"column":66},"end":{"line":201,"column":74}}],"line":201},"22":{"loc":{"start":{"line":201,"column":76},"end":{"line":201,"column":98}},"type":"binary-expr","locations":[{"start":{"line":201,"column":76},"end":{"line":201,"column":90}},{"start":{"line":201,"column":94},"end":{"line":201,"column":98}}],"line":201},"23":{"loc":{"start":{"line":214,"column":28},"end":{"line":214,"column":45}},"type":"default-arg","locations":[{"start":{"line":214,"column":35},"end":{"line":214,"column":45}}],"line":214}},"s":{"0":3,"1":3,"2":3,"3":23,"4":4,"5":4,"6":3,"7":2,"8":1,"9":1,"10":1,"11":4,"12":4,"13":2,"14":2,"15":2,"16":3,"17":3,"18":3,"19":1,"20":1,"21":2,"22":2,"23":0,"24":2,"25":2,"26":1,"27":1,"28":1,"29":1,"30":3,"31":3,"32":3,"33":1,"34":2,"35":1,"36":1,"37":1,"38":2,"39":2,"40":2,"41":2,"42":2,"43":2,"44":1,"45":1,"46":1,"47":1,"48":1,"49":1,"50":3,"51":3,"52":3,"53":1,"54":2,"55":2,"56":2,"57":1,"58":1,"59":1,"60":0,"61":1,"62":1,"63":1,"64":1,"65":2,"66":2,"67":2,"68":1,"69":0,"70":0,"71":2,"72":2,"73":1,"74":1,"75":2,"76":2,"77":1,"78":1,"79":1,"80":3,"81":3},"f":{"0":23,"1":4,"2":4,"3":3,"4":3,"5":2,"6":1,"7":3,"8":2},"b":{"0":[2,1],"1":[2,2],"2":[4,3],"3":[1,1],"4":[1,2],"5":[3,2],"6":[0,2],"7":[2,1],"8":[1,2],"9":[1,0],"10":[1,0],"11":[1,0],"12":[1,0],"13":[1,0],"14":[1,0],"15":[1,0],"16":[1,0],"17":[2],"18":[1,2],"19":[1,1],"20":[0,1],"21":[2,0],"22":[2,2],"23":[1]},"_coverageSchema":"1a1c01bbd47fc00a2c39e90264f33305004495a9","hash":"5a7e0f9fae55d874d0141487de5080d9fe850970"}
}
