TN:
SF:services/cronService.js
FN:11,(anonymous_0)
FN:23,(anonymous_1)
FN:26,(anonymous_2)
FN:38,(anonymous_3)
FN:44,(anonymous_4)
FN:50,(anonymous_5)
FN:56,(anonymous_6)
FN:62,(anonymous_7)
FN:107,(anonymous_8)
FN:128,(anonymous_9)
FN:188,(anonymous_10)
FN:205,(anonymous_11)
FN:218,(anonymous_12)
FN:222,(anonymous_13)
FN:229,(anonymous_14)
FN:233,(anonymous_15)
FN:245,(anonymous_16)
FN:257,(anonymous_17)
FNF:18
FNH:14
FNDA:35,(anonymous_0)
FNDA:3,(anonymous_1)
FNDA:2,(anonymous_2)
FNDA:4,(anonymous_3)
FNDA:0,(anonymous_4)
FNDA:2,(anonymous_5)
FNDA:2,(anonymous_6)
FNDA:3,(anonymous_7)
FNDA:7,(anonymous_8)
FNDA:4,(anonymous_9)
FNDA:4,(anonymous_10)
FNDA:0,(anonymous_11)
FNDA:4,(anonymous_12)
FNDA:0,(anonymous_13)
FNDA:0,(anonymous_14)
FNDA:3,(anonymous_15)
FNDA:8,(anonymous_16)
FNDA:7,(anonymous_17)
DA:1,2
DA:2,2
DA:3,2
DA:4,2
DA:5,2
DA:6,2
DA:7,2
DA:8,2
DA:12,35
DA:13,35
DA:14,35
DA:15,35
DA:16,35
DA:17,35
DA:18,35
DA:19,35
DA:20,35
DA:24,3
DA:25,3
DA:26,2
DA:27,2
DA:28,2
DA:31,1
DA:34,3
DA:35,3
DA:39,4
DA:40,4
DA:41,2
DA:43,1
DA:44,1
DA:51,2
DA:52,1
DA:53,1
DA:57,2
DA:58,2
DA:59,2
DA:63,3
DA:65,2
DA:66,2
DA:67,2
DA:69,2
DA:71,2
DA:72,2
DA:73,2
DA:75,2
DA:77,2
DA:78,2
DA:79,2
DA:80,2
DA:82,0
DA:85,2
DA:86,2
DA:87,1
DA:88,1
DA:89,1
DA:91,1
DA:95,2
DA:96,2
DA:98,0
DA:99,0
DA:101,2
DA:104,2
DA:108,7
DA:110,7
DA:112,4
DA:114,4
DA:115,4
DA:117,4
DA:118,1
DA:120,3
DA:121,3
DA:122,3
DA:124,1
DA:125,1
DA:127,2
DA:128,4
DA:131,3
DA:133,3
DA:134,5
DA:135,5
DA:140,5
DA:142,4
DA:146,4
DA:147,2
DA:148,2
DA:149,2
DA:151,2
DA:152,2
DA:153,2
DA:156,4
DA:157,4
DA:159,4
DA:160,2
DA:161,2
DA:162,2
DA:164,2
DA:165,2
DA:166,2
DA:167,2
DA:168,2
DA:171,4
DA:173,0
DA:176,0
DA:177,0
DA:181,0
DA:182,0
DA:185,3
DA:189,4
DA:190,4
DA:196,2
DA:197,1
DA:198,1
DA:200,1
DA:206,0
DA:215,0
DA:219,4
DA:220,4
DA:221,3
DA:222,2
DA:223,0
DA:224,0
DA:226,2
DA:230,0
DA:234,3
DA:246,8
DA:254,8
DA:258,7
DA:259,3
DA:260,3
DA:261,2
DA:262,2
DA:263,2
DA:265,1
DA:269,2
DA:270,2
LF:135
LH:122
BRDA:17,0,0,35
BRDA:17,0,1,0
BRDA:19,1,0,35
BRDA:19,1,1,34
BRDA:27,2,0,1
BRDA:27,2,1,1
BRDA:27,3,0,2
BRDA:27,3,1,1
BRDA:28,4,0,1
BRDA:28,4,1,1
BRDA:39,5,0,1
BRDA:39,5,1,3
BRDA:40,6,0,2
BRDA:40,6,1,2
BRDA:41,7,0,1
BRDA:41,7,1,1
BRDA:46,8,0,1
BRDA:46,8,1,0
BRDA:51,9,0,1
BRDA:51,9,1,1
BRDA:59,10,0,1
BRDA:59,10,1,1
BRDA:63,11,0,1
BRDA:63,11,1,2
BRDA:80,12,0,0
BRDA:80,12,1,2
BRDA:89,13,0,0
BRDA:89,13,1,1
BRDA:110,14,0,3
BRDA:110,14,1,4
BRDA:117,15,0,1
BRDA:117,15,1,3
BRDA:140,16,0,1
BRDA:140,16,1,4
BRDA:146,17,0,2
BRDA:146,17,1,2
BRDA:156,18,0,4
BRDA:156,18,1,0
BRDA:159,19,0,2
BRDA:159,19,1,2
BRDA:196,20,0,1
BRDA:196,20,1,1
BRDA:219,21,0,0
BRDA:219,21,1,4
BRDA:220,22,0,1
BRDA:220,22,1,3
BRDA:221,23,0,1
BRDA:221,23,1,2
BRDA:225,24,0,2
BRDA:225,24,1,0
BRDA:241,25,0,3
BRDA:241,25,1,0
BRDA:254,26,0,8
BRDA:254,26,1,1
BRDA:258,27,0,4
BRDA:258,27,1,3
BRDA:258,28,0,7
BRDA:258,28,1,6
BRDA:260,29,0,2
BRDA:260,29,1,1
BRF:60
BRH:52
end_of_record
TN:
SF:services/emailService.js
FN:6,(anonymous_0)
FN:11,(anonymous_1)
FN:25,(anonymous_2)
FN:45,(anonymous_3)
FN:77,(anonymous_4)
FN:93,(anonymous_5)
FN:158,(anonymous_6)
FN:163,(anonymous_7)
FN:214,(anonymous_8)
FNF:9
FNH:9
FNDA:23,(anonymous_0)
FNDA:4,(anonymous_1)
FNDA:4,(anonymous_2)
FNDA:3,(anonymous_3)
FNDA:3,(anonymous_4)
FNDA:2,(anonymous_5)
FNDA:1,(anonymous_6)
FNDA:3,(anonymous_7)
FNDA:2,(anonymous_8)
DA:1,3
DA:2,3
DA:3,3
DA:7,23
DA:12,4
DA:13,4
DA:14,3
DA:15,2
DA:17,1
DA:19,1
DA:20,1
DA:26,4
DA:27,4
DA:28,2
DA:31,2
DA:41,2
DA:46,3
DA:47,3
DA:48,3
DA:49,1
DA:50,1
DA:53,2
DA:54,2
DA:55,0
DA:58,2
DA:66,2
DA:67,1
DA:69,1
DA:71,1
DA:72,1
DA:78,3
DA:79,3
DA:80,3
DA:81,1
DA:84,2
DA:85,1
DA:87,1
DA:88,1
DA:94,2
DA:95,2
DA:96,2
DA:97,2
DA:99,2
DA:101,2
DA:113,1
DA:124,1
DA:134,1
DA:152,1
DA:153,1
DA:159,1
DA:164,3
DA:166,3
DA:167,3
DA:168,1
DA:170,2
DA:173,2
DA:178,2
DA:179,1
DA:183,1
DA:184,1
DA:185,0
DA:189,1
DA:190,1
DA:193,1
DA:194,1
DA:195,2
DA:198,2
DA:203,2
DA:206,1
DA:208,0
DA:209,0
DA:215,2
DA:216,2
DA:217,1
DA:219,1
DA:220,2
DA:221,2
DA:224,1
DA:226,1
DA:227,1
DA:232,3
DA:233,3
LF:82
LH:78
BRDA:14,0,0,2
BRDA:14,0,1,1
BRDA:27,1,0,2
BRDA:27,1,1,2
BRDA:27,2,0,4
BRDA:27,2,1,3
BRDA:35,3,0,1
BRDA:35,3,1,1
BRDA:48,4,0,1
BRDA:48,4,1,2
BRDA:48,5,0,3
BRDA:48,5,1,2
BRDA:54,6,0,0
BRDA:54,6,1,2
BRDA:62,7,0,2
BRDA:62,7,1,1
BRDA:80,8,0,1
BRDA:80,8,1,2
BRDA:137,9,0,1
BRDA:137,9,1,0
BRDA:138,10,0,1
BRDA:138,10,1,0
BRDA:139,11,0,1
BRDA:139,11,1,0
BRDA:140,12,0,1
BRDA:140,12,1,0
BRDA:143,13,0,1
BRDA:143,13,1,0
BRDA:144,14,0,1
BRDA:144,14,1,0
BRDA:147,15,0,1
BRDA:147,15,1,0
BRDA:148,16,0,1
BRDA:148,16,1,0
BRDA:163,17,0,2
BRDA:167,18,0,1
BRDA:167,18,1,2
BRDA:178,19,0,1
BRDA:178,19,1,1
BRDA:184,20,0,0
BRDA:184,20,1,1
BRDA:201,21,0,2
BRDA:201,21,1,0
BRDA:201,22,0,2
BRDA:201,22,1,2
BRDA:214,23,0,1
BRF:46
BRH:35
end_of_record
